cl : command line warning D9025: overriding '/MTd' with '/MDd'
  GenerateIRES.cpp
D:\Development\PersonalCadBerry\CadBerry\CadBerry\Modules\IRESGenerator\src\GenerateIRES.h(22,15): warning C4251: 'IRESDesign::IRESParams::Target': class 'std::basic_string<char,std::char_traits<char>,std::allocator<char>>' needs to have dll-interface to be used by clients of struct 'IRESDesign::IRESParams'
C:\Program Files (x86)\Microsoft Visual Studio\2019\Community\VC\Tools\MSVC\14.29.30133\include\xstring(4905): message : see declaration of 'std::basic_string<char,std::char_traits<char>,std::allocator<char>>'
D:\Development\PersonalCadBerry\CadBerry\CadBerry\CadBerry\src\CadBerry\Log.h(16,42): warning C4251: 'CDB::Log::EditorLogger': class 'std::shared_ptr<spdlog::logger>' needs to have dll-interface to be used by clients of class 'CDB::Log'
D:\Development\PersonalCadBerry\CadBerry\CadBerry\CadBerry\vendor\spdlog\include\spdlog\details\registry.h(34): message : see declaration of 'std::shared_ptr<spdlog::logger>'
D:\Development\PersonalCadBerry\CadBerry\CadBerry\CadBerry\src\CadBerry\Log.h(17,42): warning C4251: 'CDB::Log::BuildLogger': class 'std::shared_ptr<spdlog::logger>' needs to have dll-interface to be used by clients of class 'CDB::Log'
D:\Development\PersonalCadBerry\CadBerry\CadBerry\CadBerry\vendor\spdlog\include\spdlog\details\registry.h(34): message : see declaration of 'std::shared_ptr<spdlog::logger>'
D:\Development\PersonalCadBerry\CadBerry\CadBerry\GILBuildEngine\src\GIL\Lexer\Token.h(21,16): warning C4251: 'GIL::Lexer::Token::Value': class 'std::basic_string<char,std::char_traits<char>,std::allocator<char>>' needs to have dll-interface to be used by clients of class 'GIL::Lexer::Token'
C:\Program Files (x86)\Microsoft Visual Studio\2019\Community\VC\Tools\MSVC\14.29.30133\include\xstring(4905): message : see declaration of 'std::basic_string<char,std::char_traits<char>,std::allocator<char>>'
D:\Development\PersonalCadBerry\CadBerry\CadBerry\GILBuildEngine\src\GIL\Parser\Region.h(18,16): warning C4251: 'GIL::Parser::Region::Name': class 'std::basic_string<char,std::char_traits<char>,std::allocator<char>>' needs to have dll-interface to be used by clients of class 'GIL::Parser::Region'
C:\Program Files (x86)\Microsoft Visual Studio\2019\Community\VC\Tools\MSVC\14.29.30133\include\xstring(4905): message : see declaration of 'std::basic_string<char,std::char_traits<char>,std::allocator<char>>'
D:\Development\PersonalCadBerry\CadBerry\CadBerry\GILBuildEngine\src\GIL\Parser\Project.h(43,38): warning C4251: 'GIL::Parser::Project::Operations': class 'std::map<std::string,GIL::Operation *,std::less<std::string>,std::allocator<std::pair<const std::string,GIL::Operation *>>>' needs to have dll-interface to be used by clients of class 'GIL::Parser::Project'
D:\Development\PersonalCadBerry\CadBerry\CadBerry\GILBuildEngine\src\GIL\Parser\Project.h(43): message : see declaration of 'std::map<std::string,GIL::Operation *,std::less<std::string>,std::allocator<std::pair<const std::string,GIL::Operation *>>>'
D:\Development\PersonalCadBerry\CadBerry\CadBerry\GILBuildEngine\src\GIL\Parser\Project.h(44,37): warning C4251: 'GIL::Parser::Project::Sequences': class 'std::map<std::string,GIL::Sequence *,std::less<std::string>,std::allocator<std::pair<const std::string,GIL::Sequence *>>>' needs to have dll-interface to be used by clients of class 'GIL::Parser::Project'
D:\Development\PersonalCadBerry\CadBerry\CadBerry\GILBuildEngine\src\GIL\Parser\Project.h(44): message : see declaration of 'std::map<std::string,GIL::Sequence *,std::less<std::string>,std::allocator<std::pair<const std::string,GIL::Sequence *>>>'
D:\Development\PersonalCadBerry\CadBerry\CadBerry\GILBuildEngine\src\GIL\Parser\Project.h(45,31): warning C4251: 'GIL::Parser::Project::Main': class 'std::vector<GIL::Lexer::Token *,std::allocator<GIL::Lexer::Token *>>' needs to have dll-interface to be used by clients of class 'GIL::Parser::Project'
D:\Development\PersonalCadBerry\CadBerry\CadBerry\GILBuildEngine\src\GIL\Parser\Operation.h(21): message : see declaration of 'std::vector<GIL::Lexer::Token *,std::allocator<GIL::Lexer::Token *>>'
D:\Development\PersonalCadBerry\CadBerry\CadBerry\GILBuildEngine\src\GIL\Parser\Project.h(47,39): warning C4251: 'GIL::Parser::Project::Attributes': class 'std::map<std::string,std::string,std::less<std::string>,std::allocator<std::pair<const std::string,std::string>>>' needs to have dll-interface to be used by clients of class 'GIL::Parser::Project'
D:\Development\PersonalCadBerry\CadBerry\CadBerry\GILBuildEngine\src\GIL\Parser\Project.h(47): message : see declaration of 'std::map<std::string,std::string,std::less<std::string>,std::allocator<std::pair<const std::string,std::string>>>'
D:\Development\PersonalCadBerry\CadBerry\CadBerry\GILBuildEngine\src\GIL\Parser\Project.h(48,29): warning C4251: 'GIL::Parser::Project::AvoidRSites': class 'std::vector<std::string,std::allocator<std::string>>' needs to have dll-interface to be used by clients of class 'GIL::Parser::Project'
D:\Development\PersonalCadBerry\CadBerry\CadBerry\GILBuildEngine\src\GIL\Parser\Project.h(48): message : see declaration of 'std::vector<std::string,std::allocator<std::string>>'
D:\Development\PersonalCadBerry\CadBerry\CadBerry\GILBuildEngine\src\GIL\Parser\Project.h(51,29): warning C4251: 'GIL::Parser::Project::Imports': class 'std::vector<std::string,std::allocator<std::string>>' needs to have dll-interface to be used by clients of class 'GIL::Parser::Project'
D:\Development\PersonalCadBerry\CadBerry\CadBerry\GILBuildEngine\src\GIL\Parser\Project.h(48): message : see declaration of 'std::vector<std::string,std::allocator<std::string>>'
D:\Development\PersonalCadBerry\CadBerry\CadBerry\GILBuildEngine\src\GIL\Parser\Project.h(52,29): warning C4251: 'GIL::Parser::Project::Usings': class 'std::vector<std::string,std::allocator<std::string>>' needs to have dll-interface to be used by clients of class 'GIL::Parser::Project'
D:\Development\PersonalCadBerry\CadBerry\CadBerry\GILBuildEngine\src\GIL\Parser\Project.h(48): message : see declaration of 'std::vector<std::string,std::allocator<std::string>>'
D:\Development\PersonalCadBerry\CadBerry\CadBerry\GILBuildEngine\src\GIL\Parser\Project.h(53,36): warning C4251: 'GIL::Parser::Project::Namespaces': class 'std::map<std::string,GIL::Parser::Project *,std::less<std::string>,std::allocator<std::pair<const std::string,GIL::Parser::Project *>>>' needs to have dll-interface to be used by clients of class 'GIL::Parser::Project'
D:\Development\PersonalCadBerry\CadBerry\CadBerry\GILBuildEngine\src\GIL\Parser\Project.h(53): message : see declaration of 'std::map<std::string,GIL::Parser::Project *,std::less<std::string>,std::allocator<std::pair<const std::string,GIL::Parser::Project *>>>'
D:\Development\PersonalCadBerry\CadBerry\CadBerry\GILBuildEngine\src\GIL\Parser\Project.h(55,16): warning C4251: 'GIL::Parser::Project::TargetOrganism': class 'std::basic_string<char,std::char_traits<char>,std::allocator<char>>' needs to have dll-interface to be used by clients of class 'GIL::Parser::Project'
C:\Program Files (x86)\Microsoft Visual Studio\2019\Community\VC\Tools\MSVC\14.29.30133\include\xstring(4905): message : see declaration of 'std::basic_string<char,std::char_traits<char>,std::allocator<char>>'
D:\Development\PersonalCadBerry\CadBerry\CadBerry\CadBerry\src\CadBerry\Threading\ThreadPool.h(37,21): warning C4251: 'CDB::ThreadPool::IsWaiting': struct 'std::atomic<bool>' needs to have dll-interface to be used by clients of class 'CDB::ThreadPool'
C:\Program Files (x86)\Microsoft Visual Studio\2019\Community\VC\Tools\MSVC\14.29.30133\include\atomic(2859): message : see declaration of 'std::atomic<bool>'
D:\Development\PersonalCadBerry\CadBerry\CadBerry\CadBerry\src\CadBerry\Threading\ThreadPool.h(43,85): warning C4251: 'CDB::ThreadPool::StandardTasks': class 'code_machina::BlockingCollection<std::pair<CDB::FuncIO,std::function<void *(void *)>>,code_machina::detail::Container<T,code_machina::detail::QueueType>,code_machina::StdConditionVariableGenerator>' needs to have dll-interface to be used by clients of class 'CDB::ThreadPool'
          with
          [
              T=std::pair<CDB::FuncIO,std::function<void *(void *)>>
          ]
D:\Development\PersonalCadBerry\CadBerry\CadBerry\CadBerry\src\CadBerry\Threading\ThreadPool.h(43): message : see declaration of 'code_machina::BlockingCollection<std::pair<CDB::FuncIO,std::function<void *(void *)>>,code_machina::detail::Container<T,code_machina::detail::QueueType>,code_machina::StdConditionVariableGenerator>'
          with
          [
              T=std::pair<CDB::FuncIO,std::function<void *(void *)>>
          ]
D:\Development\PersonalCadBerry\CadBerry\CadBerry\CadBerry\src\CadBerry\Threading\ThreadPool.h(44,85): warning C4251: 'CDB::ThreadPool::PriorityTasks': class 'code_machina::BlockingCollection<std::pair<CDB::FuncIO,std::function<void *(void *)>>,code_machina::detail::Container<T,code_machina::detail::QueueType>,code_machina::StdConditionVariableGenerator>' needs to have dll-interface to be used by clients of class 'CDB::ThreadPool'
          with
          [
              T=std::pair<CDB::FuncIO,std::function<void *(void *)>>
          ]
D:\Development\PersonalCadBerry\CadBerry\CadBerry\CadBerry\src\CadBerry\Threading\ThreadPool.h(43): message : see declaration of 'code_machina::BlockingCollection<std::pair<CDB::FuncIO,std::function<void *(void *)>>,code_machina::detail::Container<T,code_machina::detail::QueueType>,code_machina::StdConditionVariableGenerator>'
          with
          [
              T=std::pair<CDB::FuncIO,std::function<void *(void *)>>
          ]
D:\Development\PersonalCadBerry\CadBerry\CadBerry\CadBerry\src\CadBerry\Threading\ThreadPool.h(45,85): warning C4251: 'CDB::ThreadPool::BackgroundTasks': class 'code_machina::BlockingCollection<std::pair<CDB::FuncIO,std::function<void *(void *)>>,code_machina::detail::Container<T,code_machina::detail::QueueType>,code_machina::StdConditionVariableGenerator>' needs to have dll-interface to be used by clients of class 'CDB::ThreadPool'
          with
          [
              T=std::pair<CDB::FuncIO,std::function<void *(void *)>>
          ]
D:\Development\PersonalCadBerry\CadBerry\CadBerry\CadBerry\src\CadBerry\Threading\ThreadPool.h(43): message : see declaration of 'code_machina::BlockingCollection<std::pair<CDB::FuncIO,std::function<void *(void *)>>,code_machina::detail::Container<T,code_machina::detail::QueueType>,code_machina::StdConditionVariableGenerator>'
          with
          [
              T=std::pair<CDB::FuncIO,std::function<void *(void *)>>
          ]
D:\Development\PersonalCadBerry\CadBerry\CadBerry\CadBerry\src\CadBerry\Threading\ThreadPool.h(47,28): warning C4251: 'CDB::ThreadPool::WorkerThreads': class 'std::vector<std::thread,std::allocator<std::thread>>' needs to have dll-interface to be used by clients of class 'CDB::ThreadPool'
D:\Development\PersonalCadBerry\CadBerry\CadBerry\CadBerry\src\CadBerry\Threading\ThreadPool.h(47): message : see declaration of 'std::vector<std::thread,std::allocator<std::thread>>'
D:\Development\PersonalCadBerry\CadBerry\CadBerry\CadBerry\vendor\RNAstructure\src\phmm\utils\xmath\log\log_lookup.h(167,23): warning C4244: 'initializing': conversion from 'double' to 'int', possible loss of data
D:\Development\PersonalCadBerry\CadBerry\CadBerry\CadBerry\vendor\RNAstructure\src\rna_library.h(457,1): warning C4267: 'initializing': conversion from 'size_t' to 'int', possible loss of data
D:\Development\PersonalCadBerry\CadBerry\CadBerry\CadBerry\vendor\RNAstructure\RNA_class\thermodynamics.h(175,10): warning C4251: 'Thermodynamics::nominal_alphabetName': class 'std::basic_string<char,std::char_traits<char>,std::allocator<char>>' needs to have dll-interface to be used by clients of class 'Thermodynamics'
C:\Program Files (x86)\Microsoft Visual Studio\2019\Community\VC\Tools\MSVC\14.29.30133\include\xstring(4905): message : see declaration of 'std::basic_string<char,std::char_traits<char>,std::allocator<char>>'
D:\Development\PersonalCadBerry\CadBerry\CadBerry\CadBerry\vendor\RNAstructure\RNA_class\RNA.h(1067,10): warning C4251: 'RNA::lastErrorDetails': class 'std::basic_string<char,std::char_traits<char>,std::allocator<char>>' needs to have dll-interface to be used by clients of class 'RNA'
C:\Program Files (x86)\Microsoft Visual Studio\2019\Community\VC\Tools\MSVC\14.29.30133\include\xstring(4905): message : see declaration of 'std::basic_string<char,std::char_traits<char>,std::allocator<char>>'
D:\Development\PersonalCadBerry\CadBerry\CadBerry\CadBerry\vendor\RNAstructure\RNA_class\TwoRNA.h(181,10): warning C4251: 'TwoRNA::lastErrorDetails': class 'std::basic_string<char,std::char_traits<char>,std::allocator<char>>' needs to have dll-interface to be used by clients of class 'TwoRNA'
C:\Program Files (x86)\Microsoft Visual Studio\2019\Community\VC\Tools\MSVC\14.29.30133\include\xstring(4905): message : see declaration of 'std::basic_string<char,std::char_traits<char>,std::allocator<char>>'
D:\Development\PersonalCadBerry\CadBerry\CadBerry\Modules\IRESGenerator\src\GenerateIRES.cpp(172,37): warning C4244: 'argument': conversion from 'time_t' to 'unsigned int', possible loss of data
D:\Development\PersonalCadBerry\CadBerry\CadBerry\Modules\IRESGenerator\src\GenerateIRES.cpp(179,132): warning C4267: 'argument': conversion from 'size_t' to 'int', possible loss of data
D:\Development\PersonalCadBerry\CadBerry\CadBerry\Modules\IRESGenerator\src\GenerateIRES.cpp(183,132): warning C4267: 'argument': conversion from 'size_t' to 'int', possible loss of data
D:\Development\PersonalCadBerry\CadBerry\CadBerry\Modules\IRESGenerator\src\GenerateIRES.cpp(372,20): warning C4244: 'initializing': conversion from 'double' to 'float', possible loss of data
D:\Development\PersonalCadBerry\CadBerry\CadBerry\Modules\IRESGenerator\src\GenerateIRES.cpp(390,26): warning C4244: 'initializing': conversion from 'double' to 'float', possible loss of data
D:\Development\PersonalCadBerry\CadBerry\CadBerry\Modules\IRESGenerator\src\GenerateIRES.cpp(417,2): warning C4267: 'return': conversion from 'size_t' to 'int', possible loss of data
D:\Development\PersonalCadBerry\CadBerry\CadBerry\Modules\IRESGenerator\src\GenerateIRES.cpp(446,7): warning C4267: 'argument': conversion from 'size_t' to 'int', possible loss of data
D:\Development\PersonalCadBerry\CadBerry\CadBerry\Modules\IRESGenerator\src\GenerateIRES.cpp(447,2): warning C4267: 'return': conversion from 'size_t' to 'int', possible loss of data
D:\Development\PersonalCadBerry\CadBerry\CadBerry\Modules\IRESGenerator\src\GenerateIRES.cpp(478,13): warning C4244: 'initializing': conversion from 'float' to 'int', possible loss of data
D:\Development\PersonalCadBerry\CadBerry\CadBerry\Modules\IRESGenerator\src\GenerateIRES.cpp(493,87): warning C4267: 'argument': conversion from 'size_t' to 'int', possible loss of data
     Creating library ..\..\bin\Debug-windows-x86_64\IRESGenerator\IRESGenerator.lib and object ..\..\bin\Debug-windows-x86_64\IRESGenerator\IRESGenerator.exp
  IRESGenerator.vcxproj -> D:\Development\PersonalCadBerry\CadBerry\CadBerry\bin\Debug-windows-x86_64\IRESGenerator\IRESGenerator.dll
          1 file(s) copied.
          1 file(s) copied.
