d:\development\cadberry\cadberry\bin\debug-windows-x86_64\cadberry\cadberry.lib
d:\development\cadberry\cadberry\bin\debug-windows-x86_64\cadberry\cadberry.exp
d:\development\cadberry\cadberry\bin\debug-windows-x86_64\cadberry\cadberry.pch
d:\development\cadberry\cadberry\bin\debug-windows-x86_64\cadberry\vc142.pdb
d:\development\cadberry\cadberry\bin\debug-windows-x86_64\cadberry\vc142.idb
d:\development\cadberry\cadberry\bin\debug-windows-x86_64\cadberry\cdbpch.obj
<<<<<<< HEAD
d:\development\cadberry\cadberry\bin\debug-windows-x86_64\cadberry\shader.obj
=======
>>>>>>> 6bb4493681bd7d96fea1812202eb7077be127cf8
d:\development\cadberry\cadberry\bin\debug-windows-x86_64\cadberry\project.obj
d:\development\cadberry\cadberry\bin\debug-windows-x86_64\cadberry\createproject.obj
d:\development\cadberry\cadberry\bin\debug-windows-x86_64\cadberry\windowswindow.obj
d:\development\cadberry\cadberry\bin\debug-windows-x86_64\cadberry\windowsinput.obj
d:\development\cadberry\cadberry\bin\debug-windows-x86_64\cadberry\openglcontext.obj
d:\development\cadberry\cadberry\bin\debug-windows-x86_64\cadberry\viewport.obj
d:\development\cadberry\cadberry\bin\debug-windows-x86_64\cadberry\log.obj
d:\development\cadberry\cadberry\bin\debug-windows-x86_64\cadberry\layerstack.obj
d:\development\cadberry\cadberry\bin\debug-windows-x86_64\cadberry\layer.obj
d:\development\cadberry\cadberry\bin\debug-windows-x86_64\cadberry\imguilayer.obj
d:\development\cadberry\cadberry\bin\debug-windows-x86_64\cadberry\imguibuild.obj
d:\development\cadberry\cadberry\bin\debug-windows-x86_64\cadberry\builddialog.obj
d:\development\cadberry\cadberry\bin\debug-windows-x86_64\cadberry\application.obj
d:\development\cadberry\cadberry\bin\debug-windows-x86_64\cadberry\cadberry.ilk
d:\development\cadberry\cadberry\bin\debug-windows-x86_64\cadberry\cadberry.dll
d:\development\cadberry\cadberry\bin\debug-windows-x86_64\cadberry\cadberry.pdb
d:\development\cadberry\cadberry\bin\debug-windows-x86_64\cadberry\cadberry.tlog\cadberry.write.1u.tlog
d:\development\cadberry\cadberry\bin\debug-windows-x86_64\cadberry\cadberry.tlog\cl.command.1.tlog
d:\development\cadberry\cadberry\bin\debug-windows-x86_64\cadberry\cadberry.tlog\cl.read.1.tlog
d:\development\cadberry\cadberry\bin\debug-windows-x86_64\cadberry\cadberry.tlog\cl.write.1.tlog
d:\development\cadberry\cadberry\bin\debug-windows-x86_64\cadberry\cadberry.tlog\link.command.1.tlog
d:\development\cadberry\cadberry\bin\debug-windows-x86_64\cadberry\cadberry.tlog\link.read.1.tlog
d:\development\cadberry\cadberry\bin\debug-windows-x86_64\cadberry\cadberry.tlog\link.write.1.tlog
