cl : command line warning D9025: overriding '/MT' with '/MD'
  utilspch.cpp
D:\Development\CadBerry\CadBerry\CadBerry\src\CadBerry\Log.h(16,42): warning C4251: 'CDB::Log::EditorLogger': class 'std::shared_ptr<spdlog::logger>' needs to have dll-interface to be used by clients of class 'CDB::Log'
D:\Development\CadBerry\CadBerry\CadBerry\vendor\spdlog\include\spdlog\details\registry.h(34): message : see declaration of 'std::shared_ptr<spdlog::logger>'
D:\Development\CadBerry\CadBerry\CadBerry\src\CadBerry\Log.h(17,42): warning C4251: 'CDB::Log::BuildLogger': class 'std::shared_ptr<spdlog::logger>' needs to have dll-interface to be used by clients of class 'CDB::Log'
D:\Development\CadBerry\CadBerry\CadBerry\vendor\spdlog\include\spdlog\details\registry.h(34): message : see declaration of 'std::shared_ptr<spdlog::logger>'
cl : command line warning D9025: overriding '/MT' with '/MD'
  API.cpp
D:\Development\CadBerry\CadBerry\GILBuildEngine\src\GIL\Lexer\Token.h(21,16): warning C4251: 'GIL::Lexer::Token::Value': class 'std::basic_string<char,std::char_traits<char>,std::allocator<char>>' needs to have dll-interface to be used by clients of class 'GIL::Lexer::Token'
C:\Program Files (x86)\Microsoft Visual Studio\2019\Community\VC\Tools\MSVC\14.29.30133\include\xstring(4905): message : see declaration of 'std::basic_string<char,std::char_traits<char>,std::allocator<char>>'
D:\Development\CadBerry\CadBerry\GILBuildEngine\src\GIL\Parser\Region.h(18,16): warning C4251: 'GIL::Parser::Region::Name': class 'std::basic_string<char,std::char_traits<char>,std::allocator<char>>' needs to have dll-interface to be used by clients of class 'GIL::Parser::Region'
C:\Program Files (x86)\Microsoft Visual Studio\2019\Community\VC\Tools\MSVC\14.29.30133\include\xstring(4905): message : see declaration of 'std::basic_string<char,std::char_traits<char>,std::allocator<char>>'
D:\Development\CadBerry\CadBerry\GILBuildEngine\src\GIL\Parser\Project.h(43,38): warning C4251: 'GIL::Parser::Project::Operations': class 'std::map<std::string,GIL::Operation *,std::less<std::string>,std::allocator<std::pair<const std::string,GIL::Operation *>>>' needs to have dll-interface to be used by clients of class 'GIL::Parser::Project'
D:\Development\CadBerry\CadBerry\GILBuildEngine\src\GIL\Parser\Project.h(43): message : see declaration of 'std::map<std::string,GIL::Operation *,std::less<std::string>,std::allocator<std::pair<const std::string,GIL::Operation *>>>'
D:\Development\CadBerry\CadBerry\GILBuildEngine\src\GIL\Parser\Project.h(44,37): warning C4251: 'GIL::Parser::Project::Sequences': class 'std::map<std::string,GIL::Sequence *,std::less<std::string>,std::allocator<std::pair<const std::string,GIL::Sequence *>>>' needs to have dll-interface to be used by clients of class 'GIL::Parser::Project'
D:\Development\CadBerry\CadBerry\GILBuildEngine\src\GIL\Parser\Project.h(44): message : see declaration of 'std::map<std::string,GIL::Sequence *,std::less<std::string>,std::allocator<std::pair<const std::string,GIL::Sequence *>>>'
D:\Development\CadBerry\CadBerry\GILBuildEngine\src\GIL\Parser\Project.h(45,31): warning C4251: 'GIL::Parser::Project::Main': class 'std::vector<GIL::Lexer::Token *,std::allocator<GIL::Lexer::Token *>>' needs to have dll-interface to be used by clients of class 'GIL::Parser::Project'
D:\Development\CadBerry\CadBerry\GILBuildEngine\src\GIL\Parser\Operation.h(29): message : see declaration of 'std::vector<GIL::Lexer::Token *,std::allocator<GIL::Lexer::Token *>>'
D:\Development\CadBerry\CadBerry\GILBuildEngine\src\GIL\Parser\Project.h(47,39): warning C4251: 'GIL::Parser::Project::Attributes': class 'std::map<std::string,std::string,std::less<std::string>,std::allocator<std::pair<const std::string,std::string>>>' needs to have dll-interface to be used by clients of class 'GIL::Parser::Project'
D:\Development\CadBerry\CadBerry\GILBuildEngine\src\GIL\Parser\Project.h(47): message : see declaration of 'std::map<std::string,std::string,std::less<std::string>,std::allocator<std::pair<const std::string,std::string>>>'
D:\Development\CadBerry\CadBerry\GILBuildEngine\src\GIL\Parser\Project.h(48,29): warning C4251: 'GIL::Parser::Project::AvoidRSites': class 'std::vector<std::string,std::allocator<std::string>>' needs to have dll-interface to be used by clients of class 'GIL::Parser::Project'
D:\Development\CadBerry\CadBerry\GILBuildEngine\src\GIL\Parser\Project.h(48): message : see declaration of 'std::vector<std::string,std::allocator<std::string>>'
D:\Development\CadBerry\CadBerry\GILBuildEngine\src\GIL\Parser\Project.h(51,29): warning C4251: 'GIL::Parser::Project::Imports': class 'std::vector<std::string,std::allocator<std::string>>' needs to have dll-interface to be used by clients of class 'GIL::Parser::Project'
D:\Development\CadBerry\CadBerry\GILBuildEngine\src\GIL\Parser\Project.h(48): message : see declaration of 'std::vector<std::string,std::allocator<std::string>>'
D:\Development\CadBerry\CadBerry\GILBuildEngine\src\GIL\Parser\Project.h(52,29): warning C4251: 'GIL::Parser::Project::Usings': class 'std::vector<std::string,std::allocator<std::string>>' needs to have dll-interface to be used by clients of class 'GIL::Parser::Project'
D:\Development\CadBerry\CadBerry\GILBuildEngine\src\GIL\Parser\Project.h(48): message : see declaration of 'std::vector<std::string,std::allocator<std::string>>'
D:\Development\CadBerry\CadBerry\GILBuildEngine\src\GIL\Parser\Project.h(53,36): warning C4251: 'GIL::Parser::Project::Namespaces': class 'std::map<std::string,GIL::Parser::Project *,std::less<std::string>,std::allocator<std::pair<const std::string,GIL::Parser::Project *>>>' needs to have dll-interface to be used by clients of class 'GIL::Parser::Project'
D:\Development\CadBerry\CadBerry\GILBuildEngine\src\GIL\Parser\Project.h(53): message : see declaration of 'std::map<std::string,GIL::Parser::Project *,std::less<std::string>,std::allocator<std::pair<const std::string,GIL::Parser::Project *>>>'
D:\Development\CadBerry\CadBerry\GILBuildEngine\src\GIL\Parser\Project.h(55,16): warning C4251: 'GIL::Parser::Project::TargetOrganism': class 'std::basic_string<char,std::char_traits<char>,std::allocator<char>>' needs to have dll-interface to be used by clients of class 'GIL::Parser::Project'
C:\Program Files (x86)\Microsoft Visual Studio\2019\Community\VC\Tools\MSVC\14.29.30133\include\xstring(4905): message : see declaration of 'std::basic_string<char,std::char_traits<char>,std::allocator<char>>'
D:\Development\CadBerry\CadBerry\CadBerry\src\CadBerry\Layer.h(22,15): warning C4251: 'CDB::Layer::m_Name': class 'std::basic_string<char,std::char_traits<char>,std::allocator<char>>' needs to have dll-interface to be used by clients of class 'CDB::Layer'
C:\Program Files (x86)\Microsoft Visual Studio\2019\Community\VC\Tools\MSVC\14.29.30133\include\xstring(4905): message : see declaration of 'std::basic_string<char,std::char_traits<char>,std::allocator<char>>'
D:\Development\CadBerry\CadBerry\CadBerry\src\CadBerry\LayerStack.h(23,23): warning C4251: 'CDB::LayerStack::Layers': class 'std::vector<CDB::Layer *,std::allocator<CDB::Layer *>>' needs to have dll-interface to be used by clients of class 'CDB::LayerStack'
D:\Development\CadBerry\CadBerry\CadBerry\src\CadBerry\LayerStack.h(20): message : see declaration of 'std::vector<CDB::Layer *,std::allocator<CDB::Layer *>>'
D:\Development\CadBerry\CadBerry\CadBerry\src\CadBerry\Project\Project.h(20,15): warning C4251: 'CDB::Project::Name': class 'std::basic_string<char,std::char_traits<char>,std::allocator<char>>' needs to have dll-interface to be used by clients of class 'CDB::Project'
C:\Program Files (x86)\Microsoft Visual Studio\2019\Community\VC\Tools\MSVC\14.29.30133\include\xstring(4905): message : see declaration of 'std::basic_string<char,std::char_traits<char>,std::allocator<char>>'
D:\Development\CadBerry\CadBerry\CadBerry\src\CadBerry\Project\Project.h(21,15): warning C4251: 'CDB::Project::Path': class 'std::basic_string<char,std::char_traits<char>,std::allocator<char>>' needs to have dll-interface to be used by clients of class 'CDB::Project'
C:\Program Files (x86)\Microsoft Visual Studio\2019\Community\VC\Tools\MSVC\14.29.30133\include\xstring(4905): message : see declaration of 'std::basic_string<char,std::char_traits<char>,std::allocator<char>>'
D:\Development\CadBerry\CadBerry\CadBerry\src\CadBerry\Project\Project.h(22,15): warning C4251: 'CDB::Project::PreBuildDir': class 'std::basic_string<char,std::char_traits<char>,std::allocator<char>>' needs to have dll-interface to be used by clients of class 'CDB::Project'
C:\Program Files (x86)\Microsoft Visual Studio\2019\Community\VC\Tools\MSVC\14.29.30133\include\xstring(4905): message : see declaration of 'std::basic_string<char,std::char_traits<char>,std::allocator<char>>'
D:\Development\CadBerry\CadBerry\CadBerry\src\CadBerry\Project\Project.h(30,15): warning C4251: 'CDB::Project::TargetOrganism': class 'std::basic_string<char,std::char_traits<char>,std::allocator<char>>' needs to have dll-interface to be used by clients of class 'CDB::Project'
C:\Program Files (x86)\Microsoft Visual Studio\2019\Community\VC\Tools\MSVC\14.29.30133\include\xstring(4905): message : see declaration of 'std::basic_string<char,std::char_traits<char>,std::allocator<char>>'
D:\Development\CadBerry\CadBerry\CadBerry\src\CadBerry\Project\Project.h(31,28): warning C4251: 'CDB::Project::EntrySequences': class 'std::vector<std::string,std::allocator<std::string>>' needs to have dll-interface to be used by clients of class 'CDB::Project'
D:\Development\CadBerry\CadBerry\GILBuildEngine\src\GIL\Parser\Project.h(48): message : see declaration of 'std::vector<std::string,std::allocator<std::string>>'
D:\Development\CadBerry\CadBerry\CadBerry\src\CadBerry\Project\Project.h(34,15): warning C4251: 'CDB::Project::PathToEntryPoint': class 'std::basic_string<char,std::char_traits<char>,std::allocator<char>>' needs to have dll-interface to be used by clients of class 'CDB::Project'
C:\Program Files (x86)\Microsoft Visual Studio\2019\Community\VC\Tools\MSVC\14.29.30133\include\xstring(4905): message : see declaration of 'std::basic_string<char,std::char_traits<char>,std::allocator<char>>'
D:\Development\CadBerry\CadBerry\CadBerry\src\CadBerry\Threading\ThreadPool.h(37,21): warning C4251: 'CDB::ThreadPool::IsWaiting': struct 'std::atomic<bool>' needs to have dll-interface to be used by clients of class 'CDB::ThreadPool'
C:\Program Files (x86)\Microsoft Visual Studio\2019\Community\VC\Tools\MSVC\14.29.30133\include\atomic(2859): message : see declaration of 'std::atomic<bool>'
D:\Development\CadBerry\CadBerry\CadBerry\src\CadBerry\Threading\ThreadPool.h(43,85): warning C4251: 'CDB::ThreadPool::StandardTasks': class 'code_machina::BlockingCollection<std::pair<CDB::FuncIO,std::function<void *(void *)>>,code_machina::detail::Container<T,code_machina::detail::QueueType>,code_machina::StdConditionVariableGenerator>' needs to have dll-interface to be used by clients of class 'CDB::ThreadPool'
          with
          [
              T=std::pair<CDB::FuncIO,std::function<void *(void *)>>
          ]
D:\Development\CadBerry\CadBerry\CadBerry\src\CadBerry\Threading\ThreadPool.h(43): message : see declaration of 'code_machina::BlockingCollection<std::pair<CDB::FuncIO,std::function<void *(void *)>>,code_machina::detail::Container<T,code_machina::detail::QueueType>,code_machina::StdConditionVariableGenerator>'
          with
          [
              T=std::pair<CDB::FuncIO,std::function<void *(void *)>>
          ]
D:\Development\CadBerry\CadBerry\CadBerry\src\CadBerry\Threading\ThreadPool.h(44,85): warning C4251: 'CDB::ThreadPool::PriorityTasks': class 'code_machina::BlockingCollection<std::pair<CDB::FuncIO,std::function<void *(void *)>>,code_machina::detail::Container<T,code_machina::detail::QueueType>,code_machina::StdConditionVariableGenerator>' needs to have dll-interface to be used by clients of class 'CDB::ThreadPool'
          with
          [
              T=std::pair<CDB::FuncIO,std::function<void *(void *)>>
          ]
D:\Development\CadBerry\CadBerry\CadBerry\src\CadBerry\Threading\ThreadPool.h(43): message : see declaration of 'code_machina::BlockingCollection<std::pair<CDB::FuncIO,std::function<void *(void *)>>,code_machina::detail::Container<T,code_machina::detail::QueueType>,code_machina::StdConditionVariableGenerator>'
          with
          [
              T=std::pair<CDB::FuncIO,std::function<void *(void *)>>
          ]
D:\Development\CadBerry\CadBerry\CadBerry\src\CadBerry\Threading\ThreadPool.h(45,85): warning C4251: 'CDB::ThreadPool::BackgroundTasks': class 'code_machina::BlockingCollection<std::pair<CDB::FuncIO,std::function<void *(void *)>>,code_machina::detail::Container<T,code_machina::detail::QueueType>,code_machina::StdConditionVariableGenerator>' needs to have dll-interface to be used by clients of class 'CDB::ThreadPool'
          with
          [
              T=std::pair<CDB::FuncIO,std::function<void *(void *)>>
          ]
D:\Development\CadBerry\CadBerry\CadBerry\src\CadBerry\Threading\ThreadPool.h(43): message : see declaration of 'code_machina::BlockingCollection<std::pair<CDB::FuncIO,std::function<void *(void *)>>,code_machina::detail::Container<T,code_machina::detail::QueueType>,code_machina::StdConditionVariableGenerator>'
          with
          [
              T=std::pair<CDB::FuncIO,std::function<void *(void *)>>
          ]
D:\Development\CadBerry\CadBerry\CadBerry\src\CadBerry\Threading\ThreadPool.h(47,28): warning C4251: 'CDB::ThreadPool::WorkerThreads': class 'std::vector<std::thread,std::allocator<std::thread>>' needs to have dll-interface to be used by clients of class 'CDB::ThreadPool'
D:\Development\CadBerry\CadBerry\CadBerry\src\CadBerry\Threading\ThreadPool.h(47): message : see declaration of 'std::vector<std::thread,std::allocator<std::thread>>'
D:\Development\CadBerry\CadBerry\CadBerry\src\CadBerry\Module\Viewport.h(22,15): warning C4251: 'CDB::Viewport::Name': class 'std::basic_string<char,std::char_traits<char>,std::allocator<char>>' needs to have dll-interface to be used by clients of class 'CDB::Viewport'
C:\Program Files (x86)\Microsoft Visual Studio\2019\Community\VC\Tools\MSVC\14.29.30133\include\xstring(4905): message : see declaration of 'std::basic_string<char,std::char_traits<char>,std::allocator<char>>'
D:\Development\CadBerry\CadBerry\CadBerry\src\CadBerry\Module\Module.h(14,15): warning C4251: 'CDB::Module::ModuleName': class 'std::basic_string<char,std::char_traits<char>,std::allocator<char>>' needs to have dll-interface to be used by clients of class 'CDB::Module'
C:\Program Files (x86)\Microsoft Visual Studio\2019\Community\VC\Tools\MSVC\14.29.30133\include\xstring(4905): message : see declaration of 'std::basic_string<char,std::char_traits<char>,std::allocator<char>>'
D:\Development\CadBerry\CadBerry\CadBerry\src\CadBerry\BuildEngine\BuildEngine.h(30,28): warning C4251: 'CDB::BuildEngine::BuildableTypes': class 'std::vector<std::string,std::allocator<std::string>>' needs to have dll-interface to be used by clients of class 'CDB::BuildEngine'
D:\Development\CadBerry\CadBerry\GILBuildEngine\src\GIL\Parser\Project.h(48): message : see declaration of 'std::vector<std::string,std::allocator<std::string>>'
D:\Development\CadBerry\CadBerry\CadBerry\src\CadBerry\BuildEngine\BuildEngine.h(31,28): warning C4251: 'CDB::BuildEngine::OutputTypes': class 'std::vector<std::string,std::allocator<std::string>>' needs to have dll-interface to be used by clients of class 'CDB::BuildEngine'
D:\Development\CadBerry\CadBerry\GILBuildEngine\src\GIL\Parser\Project.h(48): message : see declaration of 'std::vector<std::string,std::allocator<std::string>>'
D:\Development\CadBerry\CadBerry\CadBerry\src\CadBerry\Application.h(44,23): warning C4251: 'CDB::Application::OpenProject': class 'CDB::scoped_ptr<CDB::Project>' needs to have dll-interface to be used by clients of class 'CDB::Application'
D:\Development\CadBerry\CadBerry\CadBerry\src\CadBerry\Application.h(44): message : see declaration of 'CDB::scoped_ptr<CDB::Project>'
D:\Development\CadBerry\CadBerry\CadBerry\src\CadBerry\Application.h(47,27): warning C4251: 'CDB::Application::m_BuildEngine': class 'CDB::scoped_ptr<CDB::BuildEngine>' needs to have dll-interface to be used by clients of class 'CDB::Application'
D:\Development\CadBerry\CadBerry\CadBerry\src\CadBerry\Application.h(47): message : see declaration of 'CDB::scoped_ptr<CDB::BuildEngine>'
D:\Development\CadBerry\CadBerry\CadBerry\src\CadBerry\Application.h(50,24): warning C4251: 'CDB::Application::Modules': class 'std::vector<CDB::Module *,std::allocator<CDB::Module *>>' needs to have dll-interface to be used by clients of class 'CDB::Application'
D:\Development\CadBerry\CadBerry\CadBerry\src\CadBerry\Application.h(50): message : see declaration of 'std::vector<CDB::Module *,std::allocator<CDB::Module *>>'
D:\Development\CadBerry\CadBerry\CadBerry\src\CadBerry\Application.h(52,15): warning C4251: 'CDB::Application::PathToEXE': class 'std::basic_string<char,std::char_traits<char>,std::allocator<char>>' needs to have dll-interface to be used by clients of class 'CDB::Application'
C:\Program Files (x86)\Microsoft Visual Studio\2019\Community\VC\Tools\MSVC\14.29.30133\include\xstring(4905): message : see declaration of 'std::basic_string<char,std::char_traits<char>,std::allocator<char>>'
D:\Development\CadBerry\CadBerry\CadBerry\src\CadBerry\Application.h(54,15): warning C4251: 'CDB::Application::PreBuildDir': class 'std::basic_string<char,std::char_traits<char>,std::allocator<char>>' needs to have dll-interface to be used by clients of class 'CDB::Application'
C:\Program Files (x86)\Microsoft Visual Studio\2019\Community\VC\Tools\MSVC\14.29.30133\include\xstring(4905): message : see declaration of 'std::basic_string<char,std::char_traits<char>,std::allocator<char>>'
D:\Development\CadBerry\CadBerry\CadBerry\src\CadBerry\Application.h(64,27): warning C4251: 'CDB::Application::VertexArray': class 'CDB::scoped_ptr<CDB::VertexArray>' needs to have dll-interface to be used by clients of class 'CDB::Application'
D:\Development\CadBerry\CadBerry\CadBerry\src\CadBerry\Application.h(64): message : see declaration of 'CDB::scoped_ptr<CDB::VertexArray>'
  MCS.cpp
D:\Development\CadBerry\CadBerry\GILBuildEngine\src\GIL\Lexer\Token.h(21,16): warning C4251: 'GIL::Lexer::Token::Value': class 'std::basic_string<char,std::char_traits<char>,std::allocator<char>>' needs to have dll-interface to be used by clients of class 'GIL::Lexer::Token'
C:\Program Files (x86)\Microsoft Visual Studio\2019\Community\VC\Tools\MSVC\14.29.30133\include\xstring(4905): message : see declaration of 'std::basic_string<char,std::char_traits<char>,std::allocator<char>>'
D:\Development\CadBerry\CadBerry\GILBuildEngine\src\GIL\Parser\Region.h(18,16): warning C4251: 'GIL::Parser::Region::Name': class 'std::basic_string<char,std::char_traits<char>,std::allocator<char>>' needs to have dll-interface to be used by clients of class 'GIL::Parser::Region'
C:\Program Files (x86)\Microsoft Visual Studio\2019\Community\VC\Tools\MSVC\14.29.30133\include\xstring(4905): message : see declaration of 'std::basic_string<char,std::char_traits<char>,std::allocator<char>>'
D:\Development\CadBerry\CadBerry\GILBuildEngine\src\GIL\Parser\Project.h(43,38): warning C4251: 'GIL::Parser::Project::Operations': class 'std::map<std::string,GIL::Operation *,std::less<std::string>,std::allocator<std::pair<const std::string,GIL::Operation *>>>' needs to have dll-interface to be used by clients of class 'GIL::Parser::Project'
D:\Development\CadBerry\CadBerry\GILBuildEngine\src\GIL\Parser\Project.h(43): message : see declaration of 'std::map<std::string,GIL::Operation *,std::less<std::string>,std::allocator<std::pair<const std::string,GIL::Operation *>>>'
D:\Development\CadBerry\CadBerry\GILBuildEngine\src\GIL\Parser\Project.h(44,37): warning C4251: 'GIL::Parser::Project::Sequences': class 'std::map<std::string,GIL::Sequence *,std::less<std::string>,std::allocator<std::pair<const std::string,GIL::Sequence *>>>' needs to have dll-interface to be used by clients of class 'GIL::Parser::Project'
D:\Development\CadBerry\CadBerry\GILBuildEngine\src\GIL\Parser\Project.h(44): message : see declaration of 'std::map<std::string,GIL::Sequence *,std::less<std::string>,std::allocator<std::pair<const std::string,GIL::Sequence *>>>'
D:\Development\CadBerry\CadBerry\GILBuildEngine\src\GIL\Parser\Project.h(45,31): warning C4251: 'GIL::Parser::Project::Main': class 'std::vector<GIL::Lexer::Token *,std::allocator<GIL::Lexer::Token *>>' needs to have dll-interface to be used by clients of class 'GIL::Parser::Project'
D:\Development\CadBerry\CadBerry\GILBuildEngine\src\GIL\Parser\Operation.h(29): message : see declaration of 'std::vector<GIL::Lexer::Token *,std::allocator<GIL::Lexer::Token *>>'
D:\Development\CadBerry\CadBerry\GILBuildEngine\src\GIL\Parser\Project.h(47,39): warning C4251: 'GIL::Parser::Project::Attributes': class 'std::map<std::string,std::string,std::less<std::string>,std::allocator<std::pair<const std::string,std::string>>>' needs to have dll-interface to be used by clients of class 'GIL::Parser::Project'
D:\Development\CadBerry\CadBerry\GILBuildEngine\src\GIL\Parser\Project.h(47): message : see declaration of 'std::map<std::string,std::string,std::less<std::string>,std::allocator<std::pair<const std::string,std::string>>>'
D:\Development\CadBerry\CadBerry\GILBuildEngine\src\GIL\Parser\Project.h(48,29): warning C4251: 'GIL::Parser::Project::AvoidRSites': class 'std::vector<std::string,std::allocator<std::string>>' needs to have dll-interface to be used by clients of class 'GIL::Parser::Project'
D:\Development\CadBerry\CadBerry\GILBuildEngine\src\GIL\Parser\Project.h(48): message : see declaration of 'std::vector<std::string,std::allocator<std::string>>'
D:\Development\CadBerry\CadBerry\GILBuildEngine\src\GIL\Parser\Project.h(51,29): warning C4251: 'GIL::Parser::Project::Imports': class 'std::vector<std::string,std::allocator<std::string>>' needs to have dll-interface to be used by clients of class 'GIL::Parser::Project'
D:\Development\CadBerry\CadBerry\GILBuildEngine\src\GIL\Parser\Project.h(48): message : see declaration of 'std::vector<std::string,std::allocator<std::string>>'
D:\Development\CadBerry\CadBerry\GILBuildEngine\src\GIL\Parser\Project.h(52,29): warning C4251: 'GIL::Parser::Project::Usings': class 'std::vector<std::string,std::allocator<std::string>>' needs to have dll-interface to be used by clients of class 'GIL::Parser::Project'
D:\Development\CadBerry\CadBerry\GILBuildEngine\src\GIL\Parser\Project.h(48): message : see declaration of 'std::vector<std::string,std::allocator<std::string>>'
D:\Development\CadBerry\CadBerry\GILBuildEngine\src\GIL\Parser\Project.h(53,36): warning C4251: 'GIL::Parser::Project::Namespaces': class 'std::map<std::string,GIL::Parser::Project *,std::less<std::string>,std::allocator<std::pair<const std::string,GIL::Parser::Project *>>>' needs to have dll-interface to be used by clients of class 'GIL::Parser::Project'
D:\Development\CadBerry\CadBerry\GILBuildEngine\src\GIL\Parser\Project.h(53): message : see declaration of 'std::map<std::string,GIL::Parser::Project *,std::less<std::string>,std::allocator<std::pair<const std::string,GIL::Parser::Project *>>>'
D:\Development\CadBerry\CadBerry\GILBuildEngine\src\GIL\Parser\Project.h(55,16): warning C4251: 'GIL::Parser::Project::TargetOrganism': class 'std::basic_string<char,std::char_traits<char>,std::allocator<char>>' needs to have dll-interface to be used by clients of class 'GIL::Parser::Project'
C:\Program Files (x86)\Microsoft Visual Studio\2019\Community\VC\Tools\MSVC\14.29.30133\include\xstring(4905): message : see declaration of 'std::basic_string<char,std::char_traits<char>,std::allocator<char>>'
  PrintWarning.cpp
D:\Development\CadBerry\CadBerry\GILBuildEngine\src\GIL\Lexer\Token.h(21,16): warning C4251: 'GIL::Lexer::Token::Value': class 'std::basic_string<char,std::char_traits<char>,std::allocator<char>>' needs to have dll-interface to be used by clients of class 'GIL::Lexer::Token'
C:\Program Files (x86)\Microsoft Visual Studio\2019\Community\VC\Tools\MSVC\14.29.30133\include\xstring(4905): message : see declaration of 'std::basic_string<char,std::char_traits<char>,std::allocator<char>>'
D:\Development\CadBerry\CadBerry\GILBuildEngine\src\GIL\Parser\Region.h(18,16): warning C4251: 'GIL::Parser::Region::Name': class 'std::basic_string<char,std::char_traits<char>,std::allocator<char>>' needs to have dll-interface to be used by clients of class 'GIL::Parser::Region'
C:\Program Files (x86)\Microsoft Visual Studio\2019\Community\VC\Tools\MSVC\14.29.30133\include\xstring(4905): message : see declaration of 'std::basic_string<char,std::char_traits<char>,std::allocator<char>>'
D:\Development\CadBerry\CadBerry\GILBuildEngine\src\GIL\Parser\Project.h(43,38): warning C4251: 'GIL::Parser::Project::Operations': class 'std::map<std::string,GIL::Operation *,std::less<std::string>,std::allocator<std::pair<const std::string,GIL::Operation *>>>' needs to have dll-interface to be used by clients of class 'GIL::Parser::Project'
D:\Development\CadBerry\CadBerry\GILBuildEngine\src\GIL\Parser\Project.h(43): message : see declaration of 'std::map<std::string,GIL::Operation *,std::less<std::string>,std::allocator<std::pair<const std::string,GIL::Operation *>>>'
D:\Development\CadBerry\CadBerry\GILBuildEngine\src\GIL\Parser\Project.h(44,37): warning C4251: 'GIL::Parser::Project::Sequences': class 'std::map<std::string,GIL::Sequence *,std::less<std::string>,std::allocator<std::pair<const std::string,GIL::Sequence *>>>' needs to have dll-interface to be used by clients of class 'GIL::Parser::Project'
D:\Development\CadBerry\CadBerry\GILBuildEngine\src\GIL\Parser\Project.h(44): message : see declaration of 'std::map<std::string,GIL::Sequence *,std::less<std::string>,std::allocator<std::pair<const std::string,GIL::Sequence *>>>'
D:\Development\CadBerry\CadBerry\GILBuildEngine\src\GIL\Parser\Project.h(45,31): warning C4251: 'GIL::Parser::Project::Main': class 'std::vector<GIL::Lexer::Token *,std::allocator<GIL::Lexer::Token *>>' needs to have dll-interface to be used by clients of class 'GIL::Parser::Project'
D:\Development\CadBerry\CadBerry\GILBuildEngine\src\GIL\Parser\Operation.h(29): message : see declaration of 'std::vector<GIL::Lexer::Token *,std::allocator<GIL::Lexer::Token *>>'
D:\Development\CadBerry\CadBerry\GILBuildEngine\src\GIL\Parser\Project.h(47,39): warning C4251: 'GIL::Parser::Project::Attributes': class 'std::map<std::string,std::string,std::less<std::string>,std::allocator<std::pair<const std::string,std::string>>>' needs to have dll-interface to be used by clients of class 'GIL::Parser::Project'
D:\Development\CadBerry\CadBerry\GILBuildEngine\src\GIL\Parser\Project.h(47): message : see declaration of 'std::map<std::string,std::string,std::less<std::string>,std::allocator<std::pair<const std::string,std::string>>>'
D:\Development\CadBerry\CadBerry\GILBuildEngine\src\GIL\Parser\Project.h(48,29): warning C4251: 'GIL::Parser::Project::AvoidRSites': class 'std::vector<std::string,std::allocator<std::string>>' needs to have dll-interface to be used by clients of class 'GIL::Parser::Project'
D:\Development\CadBerry\CadBerry\GILBuildEngine\src\GIL\Parser\Project.h(48): message : see declaration of 'std::vector<std::string,std::allocator<std::string>>'
D:\Development\CadBerry\CadBerry\GILBuildEngine\src\GIL\Parser\Project.h(51,29): warning C4251: 'GIL::Parser::Project::Imports': class 'std::vector<std::string,std::allocator<std::string>>' needs to have dll-interface to be used by clients of class 'GIL::Parser::Project'
D:\Development\CadBerry\CadBerry\GILBuildEngine\src\GIL\Parser\Project.h(48): message : see declaration of 'std::vector<std::string,std::allocator<std::string>>'
D:\Development\CadBerry\CadBerry\GILBuildEngine\src\GIL\Parser\Project.h(52,29): warning C4251: 'GIL::Parser::Project::Usings': class 'std::vector<std::string,std::allocator<std::string>>' needs to have dll-interface to be used by clients of class 'GIL::Parser::Project'
D:\Development\CadBerry\CadBerry\GILBuildEngine\src\GIL\Parser\Project.h(48): message : see declaration of 'std::vector<std::string,std::allocator<std::string>>'
D:\Development\CadBerry\CadBerry\GILBuildEngine\src\GIL\Parser\Project.h(53,36): warning C4251: 'GIL::Parser::Project::Namespaces': class 'std::map<std::string,GIL::Parser::Project *,std::less<std::string>,std::allocator<std::pair<const std::string,GIL::Parser::Project *>>>' needs to have dll-interface to be used by clients of class 'GIL::Parser::Project'
D:\Development\CadBerry\CadBerry\GILBuildEngine\src\GIL\Parser\Project.h(53): message : see declaration of 'std::map<std::string,GIL::Parser::Project *,std::less<std::string>,std::allocator<std::pair<const std::string,GIL::Parser::Project *>>>'
D:\Development\CadBerry\CadBerry\GILBuildEngine\src\GIL\Parser\Project.h(55,16): warning C4251: 'GIL::Parser::Project::TargetOrganism': class 'std::basic_string<char,std::char_traits<char>,std::allocator<char>>' needs to have dll-interface to be used by clients of class 'GIL::Parser::Project'
C:\Program Files (x86)\Microsoft Visual Studio\2019\Community\VC\Tools\MSVC\14.29.30133\include\xstring(4905): message : see declaration of 'std::basic_string<char,std::char_traits<char>,std::allocator<char>>'
  Generating Code...
D:\Development\CadBerry\CadBerry\utils\src\API.cpp(25): warning C4715: 'utils::utilsModule::GetOperation': not all control paths return a value
     Creating library ..\bin\Release-windows-x86_64\utils\utils.lib and object ..\bin\Release-windows-x86_64\utils\utils.exp
  utils.vcxproj -> D:\Development\CadBerry\CadBerry\bin\Release-windows-x86_64\utils\utils.dll
          1 file(s) copied.
          1 file(s) copied.
