  PrintWarning.cpp
D:\Development\CadBerry\CadBerry\GILBuildEngine\src\GIL\Parser\Region.h(18,16): warning C4251: 'GIL::Parser::Region::Name': class 'std::basic_string<char,std::char_traits<char>,std::allocator<char>>' needs to have dll-interface to be used by clients of class 'GIL::Parser::Region'
C:\Program Files\Microsoft Visual Studio\2022\Community\VC\Tools\MSVC\14.32.31326\include\xstring(4919): message : see declaration of 'std::basic_string<char,std::char_traits<char>,std::allocator<char>>'
D:\Development\CadBerry\CadBerry\GILBuildEngine\src\GIL\Lexer\Token.h(21,16): warning C4251: 'GIL::Lexer::Token::Value': class 'std::basic_string<char,std::char_traits<char>,std::allocator<char>>' needs to have dll-interface to be used by clients of class 'GIL::Lexer::Token'
C:\Program Files\Microsoft Visual Studio\2022\Community\VC\Tools\MSVC\14.32.31326\include\xstring(4919): message : see declaration of 'std::basic_string<char,std::char_traits<char>,std::allocator<char>>'
D:\Development\CadBerry\CadBerry\GILBuildEngine\src\GIL\Types\Type.h(39,15): warning C4251: 'GIL::Type::TypeName': class 'std::basic_string<char,std::char_traits<char>,std::allocator<char>>' needs to have dll-interface to be used by clients of class 'GIL::Type'
C:\Program Files\Microsoft Visual Studio\2022\Community\VC\Tools\MSVC\14.32.31326\include\xstring(4919): message : see declaration of 'std::basic_string<char,std::char_traits<char>,std::allocator<char>>'
D:\Development\CadBerry\CadBerry\GILBuildEngine\src\GIL\Types\Type.h(44,22): warning C4251: 'GIL::Type::Inherits': class 'std::vector<GIL::Type *,std::allocator<GIL::Type *>>' needs to have dll-interface to be used by clients of class 'GIL::Type'
D:\Development\CadBerry\CadBerry\GILBuildEngine\src\GIL\Types\Type.h(16): message : see declaration of 'std::vector<GIL::Type *,std::allocator<GIL::Type *>>'
D:\Development\CadBerry\CadBerry\GILBuildEngine\src\GIL\Parser\Project.h(58,37): warning C4251: 'GIL::Parser::Project::Sequences': class 'std::map<std::string,GIL::Sequence *,std::less<std::string>,std::allocator<std::pair<const std::string,GIL::Sequence *>>>' needs to have dll-interface to be used by clients of class 'GIL::Parser::Project'
D:\Development\CadBerry\CadBerry\GILBuildEngine\src\GIL\Parser\Project.h(58): message : see declaration of 'std::map<std::string,GIL::Sequence *,std::less<std::string>,std::allocator<std::pair<const std::string,GIL::Sequence *>>>'
D:\Development\CadBerry\CadBerry\GILBuildEngine\src\GIL\Parser\Project.h(59,31): warning C4251: 'GIL::Parser::Project::Main': class 'std::vector<GIL::Lexer::Token *,std::allocator<GIL::Lexer::Token *>>' needs to have dll-interface to be used by clients of class 'GIL::Parser::Project'
D:\Development\CadBerry\CadBerry\GILBuildEngine\src\GIL\Parser\Sequence.h(50): message : see declaration of 'std::vector<GIL::Lexer::Token *,std::allocator<GIL::Lexer::Token *>>'
D:\Development\CadBerry\CadBerry\GILBuildEngine\src\GIL\Parser\Project.h(62,37): warning C4251: 'GIL::Parser::Project::Operators': class 'std::map<std::string,GIL::Sequence *,std::less<std::string>,std::allocator<std::pair<const std::string,GIL::Sequence *>>>' needs to have dll-interface to be used by clients of class 'GIL::Parser::Project'
D:\Development\CadBerry\CadBerry\GILBuildEngine\src\GIL\Parser\Project.h(58): message : see declaration of 'std::map<std::string,GIL::Sequence *,std::less<std::string>,std::allocator<std::pair<const std::string,GIL::Sequence *>>>'
D:\Development\CadBerry\CadBerry\GILBuildEngine\src\GIL\Parser\Project.h(64,39): warning C4251: 'GIL::Parser::Project::Attributes': class 'std::map<std::string,std::string,std::less<std::string>,std::allocator<std::pair<const std::string,std::string>>>' needs to have dll-interface to be used by clients of class 'GIL::Parser::Project'
D:\Development\CadBerry\CadBerry\GILBuildEngine\src\GIL\Parser\Project.h(64): message : see declaration of 'std::map<std::string,std::string,std::less<std::string>,std::allocator<std::pair<const std::string,std::string>>>'
D:\Development\CadBerry\CadBerry\GILBuildEngine\src\GIL\Parser\Project.h(65,29): warning C4251: 'GIL::Parser::Project::AvoidRSites': class 'std::vector<std::string,std::allocator<std::string>>' needs to have dll-interface to be used by clients of class 'GIL::Parser::Project'
D:\Development\CadBerry\CadBerry\GILBuildEngine\src\GIL\Parser\Sequence.h(67): message : see declaration of 'std::vector<std::string,std::allocator<std::string>>'
D:\Development\CadBerry\CadBerry\GILBuildEngine\src\GIL\Parser\Project.h(68,29): warning C4251: 'GIL::Parser::Project::Imports': class 'std::vector<std::string,std::allocator<std::string>>' needs to have dll-interface to be used by clients of class 'GIL::Parser::Project'
D:\Development\CadBerry\CadBerry\GILBuildEngine\src\GIL\Parser\Sequence.h(67): message : see declaration of 'std::vector<std::string,std::allocator<std::string>>'
D:\Development\CadBerry\CadBerry\GILBuildEngine\src\GIL\Parser\Project.h(69,29): warning C4251: 'GIL::Parser::Project::Usings': class 'std::vector<std::string,std::allocator<std::string>>' needs to have dll-interface to be used by clients of class 'GIL::Parser::Project'
D:\Development\CadBerry\CadBerry\GILBuildEngine\src\GIL\Parser\Sequence.h(67): message : see declaration of 'std::vector<std::string,std::allocator<std::string>>'
D:\Development\CadBerry\CadBerry\GILBuildEngine\src\GIL\Parser\Project.h(70,36): warning C4251: 'GIL::Parser::Project::Namespaces': class 'std::map<std::string,GIL::Parser::Project *,std::less<std::string>,std::allocator<std::pair<const std::string,GIL::Parser::Project *>>>' needs to have dll-interface to be used by clients of class 'GIL::Parser::Project'
D:\Development\CadBerry\CadBerry\GILBuildEngine\src\GIL\Parser\Project.h(70): message : see declaration of 'std::map<std::string,GIL::Parser::Project *,std::less<std::string>,std::allocator<std::pair<const std::string,GIL::Parser::Project *>>>'
D:\Development\CadBerry\CadBerry\GILBuildEngine\src\GIL\Parser\Project.h(72,16): warning C4251: 'GIL::Parser::Project::TargetOrganism': class 'std::basic_string<char,std::char_traits<char>,std::allocator<char>>' needs to have dll-interface to be used by clients of class 'GIL::Parser::Project'
C:\Program Files\Microsoft Visual Studio\2022\Community\VC\Tools\MSVC\14.32.31326\include\xstring(4919): message : see declaration of 'std::basic_string<char,std::char_traits<char>,std::allocator<char>>'
D:\Development\CadBerry\CadBerry\GILBuildEngine\src\GIL\Parser\Project.h(75,39): warning C4251: 'GIL::Parser::Project::StrVars': class 'std::map<std::string,std::string,std::less<std::string>,std::allocator<std::pair<const std::string,std::string>>>' needs to have dll-interface to be used by clients of class 'GIL::Parser::Project'
D:\Development\CadBerry\CadBerry\GILBuildEngine\src\GIL\Parser\Project.h(64): message : see declaration of 'std::map<std::string,std::string,std::less<std::string>,std::allocator<std::pair<const std::string,std::string>>>'
D:\Development\CadBerry\CadBerry\GILBuildEngine\src\GIL\Parser\Project.h(76,34): warning C4251: 'GIL::Parser::Project::NumVars': class 'std::map<std::string,double,std::less<std::string>,std::allocator<std::pair<const std::string,double>>>' needs to have dll-interface to be used by clients of class 'GIL::Parser::Project'
D:\Development\CadBerry\CadBerry\GILBuildEngine\src\GIL\Parser\Project.h(76): message : see declaration of 'std::map<std::string,double,std::less<std::string>,std::allocator<std::pair<const std::string,double>>>'
D:\Development\CadBerry\CadBerry\GILBuildEngine\src\GIL\Parser\Project.h(78,46): warning C4251: 'GIL::Parser::Project::TypeName2Idx': class 'std::unordered_map<std::string,uint16_t,std::hash<std::string>,std::equal_to<std::string>,std::allocator<std::pair<const std::string,uint16_t>>>' needs to have dll-interface to be used by clients of class 'GIL::Parser::Project'
D:\Development\CadBerry\CadBerry\GILBuildEngine\src\GIL\Parser\Project.h(78): message : see declaration of 'std::unordered_map<std::string,uint16_t,std::hash<std::string>,std::equal_to<std::string>,std::allocator<std::pair<const std::string,uint16_t>>>'
D:\Development\CadBerry\CadBerry\GILBuildEngine\src\GIL\Parser\Project.h(87,23): warning C4251: 'GIL::Parser::Project::Types': class 'std::vector<GIL::Type *,std::allocator<GIL::Type *>>' needs to have dll-interface to be used by clients of class 'GIL::Parser::Project'
D:\Development\CadBerry\CadBerry\GILBuildEngine\src\GIL\Types\Type.h(16): message : see declaration of 'std::vector<GIL::Type *,std::allocator<GIL::Type *>>'
     Creating library ..\bin\Debug-windows-x86_64\utils\utils.lib and object ..\bin\Debug-windows-x86_64\utils\utils.exp
  utils.vcxproj -> D:\Development\CadBerry\CadBerry\bin\Debug-windows-x86_64\utils\utils.dll
          1 file(s) copied.
          1 file(s) copied.
          1 file(s) copied.
          1 file(s) copied.
