cl : command line warning D9025: overriding '/MT' with '/MD'
  TRAPzyme.cpp
D:\Development\CadBerry\CadBerry\CadBerry\src\CadBerry\Log.h(16,42): warning C4251: 'CDB::Log::EditorLogger': class 'std::shared_ptr<spdlog::logger>' needs to have dll-interface to be used by clients of class 'CDB::Log'
D:\Development\CadBerry\CadBerry\CadBerry\vendor\spdlog\include\spdlog\details\registry.h(34): message : see declaration of 'std::shared_ptr<spdlog::logger>'
D:\Development\CadBerry\CadBerry\CadBerry\src\CadBerry\Log.h(17,42): warning C4251: 'CDB::Log::BuildLogger': class 'std::shared_ptr<spdlog::logger>' needs to have dll-interface to be used by clients of class 'CDB::Log'
D:\Development\CadBerry\CadBerry\CadBerry\vendor\spdlog\include\spdlog\details\registry.h(34): message : see declaration of 'std::shared_ptr<spdlog::logger>'
D:\Development\CadBerry\CadBerry\GILBuildEngine\src\GIL\Lexer\Token.h(21,16): warning C4251: 'GIL::Lexer::Token::Value': class 'std::basic_string<char,std::char_traits<char>,std::allocator<char>>' needs to have dll-interface to be used by clients of class 'GIL::Lexer::Token'
C:\Program Files (x86)\Microsoft Visual Studio\2019\Community\VC\Tools\MSVC\14.29.30133\include\xstring(4905): message : see declaration of 'std::basic_string<char,std::char_traits<char>,std::allocator<char>>'
D:\Development\CadBerry\CadBerry\GILBuildEngine\src\GIL\Parser\Region.h(18,16): warning C4251: 'GIL::Parser::Region::Name': class 'std::basic_string<char,std::char_traits<char>,std::allocator<char>>' needs to have dll-interface to be used by clients of class 'GIL::Parser::Region'
C:\Program Files (x86)\Microsoft Visual Studio\2019\Community\VC\Tools\MSVC\14.29.30133\include\xstring(4905): message : see declaration of 'std::basic_string<char,std::char_traits<char>,std::allocator<char>>'
D:\Development\CadBerry\CadBerry\GILBuildEngine\src\GIL\Parser\Project.h(43,38): warning C4251: 'GIL::Parser::Project::Operations': class 'std::map<std::string,GIL::Operation *,std::less<std::string>,std::allocator<std::pair<const std::string,GIL::Operation *>>>' needs to have dll-interface to be used by clients of class 'GIL::Parser::Project'
D:\Development\CadBerry\CadBerry\GILBuildEngine\src\GIL\Parser\Project.h(43): message : see declaration of 'std::map<std::string,GIL::Operation *,std::less<std::string>,std::allocator<std::pair<const std::string,GIL::Operation *>>>'
D:\Development\CadBerry\CadBerry\GILBuildEngine\src\GIL\Parser\Project.h(44,37): warning C4251: 'GIL::Parser::Project::Sequences': class 'std::map<std::string,GIL::Sequence *,std::less<std::string>,std::allocator<std::pair<const std::string,GIL::Sequence *>>>' needs to have dll-interface to be used by clients of class 'GIL::Parser::Project'
D:\Development\CadBerry\CadBerry\GILBuildEngine\src\GIL\Parser\Project.h(44): message : see declaration of 'std::map<std::string,GIL::Sequence *,std::less<std::string>,std::allocator<std::pair<const std::string,GIL::Sequence *>>>'
D:\Development\CadBerry\CadBerry\GILBuildEngine\src\GIL\Parser\Project.h(45,31): warning C4251: 'GIL::Parser::Project::Main': class 'std::vector<GIL::Lexer::Token *,std::allocator<GIL::Lexer::Token *>>' needs to have dll-interface to be used by clients of class 'GIL::Parser::Project'
D:\Development\CadBerry\CadBerry\GILBuildEngine\src\GIL\Parser\Operation.h(21): message : see declaration of 'std::vector<GIL::Lexer::Token *,std::allocator<GIL::Lexer::Token *>>'
D:\Development\CadBerry\CadBerry\GILBuildEngine\src\GIL\Parser\Project.h(48,29): warning C4251: 'GIL::Parser::Project::Imports': class 'std::vector<std::string,std::allocator<std::string>>' needs to have dll-interface to be used by clients of class 'GIL::Parser::Project'
D:\Development\CadBerry\CadBerry\GILBuildEngine\src\GIL\Parser\Project.h(48): message : see declaration of 'std::vector<std::string,std::allocator<std::string>>'
D:\Development\CadBerry\CadBerry\GILBuildEngine\src\GIL\Parser\Project.h(49,29): warning C4251: 'GIL::Parser::Project::Usings': class 'std::vector<std::string,std::allocator<std::string>>' needs to have dll-interface to be used by clients of class 'GIL::Parser::Project'
D:\Development\CadBerry\CadBerry\GILBuildEngine\src\GIL\Parser\Project.h(48): message : see declaration of 'std::vector<std::string,std::allocator<std::string>>'
D:\Development\CadBerry\CadBerry\GILBuildEngine\src\GIL\Parser\Project.h(50,36): warning C4251: 'GIL::Parser::Project::Namespaces': class 'std::map<std::string,GIL::Parser::Project *,std::less<std::string>,std::allocator<std::pair<const std::string,GIL::Parser::Project *>>>' needs to have dll-interface to be used by clients of class 'GIL::Parser::Project'
D:\Development\CadBerry\CadBerry\GILBuildEngine\src\GIL\Parser\Project.h(50): message : see declaration of 'std::map<std::string,GIL::Parser::Project *,std::less<std::string>,std::allocator<std::pair<const std::string,GIL::Parser::Project *>>>'
D:\Development\CadBerry\CadBerry\GILBuildEngine\src\GIL\Parser\Project.h(52,16): warning C4251: 'GIL::Parser::Project::TargetOrganism': class 'std::basic_string<char,std::char_traits<char>,std::allocator<char>>' needs to have dll-interface to be used by clients of class 'GIL::Parser::Project'
C:\Program Files (x86)\Microsoft Visual Studio\2019\Community\VC\Tools\MSVC\14.29.30133\include\xstring(4905): message : see declaration of 'std::basic_string<char,std::char_traits<char>,std::allocator<char>>'
D:\Development\CadBerry\CadBerry\sensing\src\TRAPzyme.cpp(62,2): warning C4267: 'argument': conversion from 'size_t' to 'int', possible loss of data
D:\Development\CadBerry\CadBerry\sensing\src\TRAPzyme.cpp(142,7): warning C4267: 'argument': conversion from 'size_t' to 'int', possible loss of data
D:\Development\CadBerry\CadBerry\sensing\src\TRAPzyme.cpp(143,2): warning C4267: 'return': conversion from 'size_t' to 'int', possible loss of data
D:\Development\CadBerry\CadBerry\sensing\src\TRAPzyme.cpp(197,2): warning C4267: 'return': conversion from 'size_t' to 'int', possible loss of data
D:\Development\CadBerry\CadBerry\sensing\src\TRAPzyme.cpp(294,2): warning C4267: 'argument': conversion from 'size_t' to 'int', possible loss of data
     Creating library ..\bin\Release-windows-x86_64\sensing\sensing.lib and object ..\bin\Release-windows-x86_64\sensing\sensing.exp
  sensing.vcxproj -> D:\Development\CadBerry\CadBerry\bin\Release-windows-x86_64\sensing\sensing.dll
          1 file(s) copied.
          1 file(s) copied.
