d:\development\cadberry\cadberry\bin\debug-windows-x86_64\gilbuildengine\vc142.pdb
d:\development\cadberry\cadberry\bin\debug-windows-x86_64\gilbuildengine\vc142.idb
d:\development\cadberry\cadberry\bin\debug-windows-x86_64\gilbuildengine\savefunctions.obj
d:\development\cadberry\cadberry\bin\debug-windows-x86_64\gilbuildengine\sequence.obj
d:\development\cadberry\cadberry\bin\debug-windows-x86_64\gilbuildengine\region.obj
d:\development\cadberry\cadberry\bin\debug-windows-x86_64\gilbuildengine\project.obj
d:\development\cadberry\cadberry\bin\debug-windows-x86_64\gilbuildengine\operation.obj
d:\development\cadberry\cadberry\bin\debug-windows-x86_64\gilbuildengine\outputtypes.obj
d:\development\cadberry\cadberry\bin\debug-windows-x86_64\gilbuildengine\token.obj
d:\development\cadberry\cadberry\bin\debug-windows-x86_64\gilbuildengine\lexertokens.obj
d:\development\cadberry\cadberry\bin\debug-windows-x86_64\gilbuildengine\lexermacros.obj
d:\development\cadberry\cadberry\bin\debug-windows-x86_64\gilbuildengine\lexer.obj
d:\development\cadberry\cadberry\bin\debug-windows-x86_64\gilbuildengine\errors.obj
d:\development\cadberry\cadberry\bin\debug-windows-x86_64\gilbuildengine\gbsequence.obj
d:\development\cadberry\cadberry\bin\debug-windows-x86_64\gilbuildengine\compiler.obj
d:\development\cadberry\cadberry\bin\debug-windows-x86_64\gilbuildengine\codonencoding.obj
d:\development\cadberry\cadberry\bin\debug-windows-x86_64\gilbuildengine\boolcontext.obj
d:\development\cadberry\cadberry\bin\debug-windows-x86_64\gilbuildengine\bool.obj
d:\development\cadberry\cadberry\bin\debug-windows-x86_64\gilbuildengine\api.obj
d:\development\cadberry\cadberry\bin\debug-windows-x86_64\gilbuildengine\gilbuildengine.pch
d:\development\cadberry\cadberry\bin\debug-windows-x86_64\gilbuildengine\gilpch.obj
d:\development\cadberry\cadberry\bin\debug-windows-x86_64\gilbuildengine\utils.obj
d:\development\cadberry\cadberry\bin\debug-windows-x86_64\gilbuildengine\gilbuildengine.lib
d:\development\cadberry\cadberry\bin\debug-windows-x86_64\gilbuildengine\gilbuildengine.exp
d:\development\cadberry\cadberry\bin\debug-windows-x86_64\gilbuildengine\gilbuildengine.dll
d:\development\cadberry\cadberry\bin\debug-windows-x86_64\gilbuildengine\gilbuildengine.ilk
d:\development\cadberry\cadberry\bin\debug-windows-x86_64\gilbuildengine\gilbuildengine.pdb
d:\development\cadberry\cadberry\bin\debug-windows-x86_64\gilbuildengine\gilbuildengine.tlog\cl.command.1.tlog
d:\development\cadberry\cadberry\bin\debug-windows-x86_64\gilbuildengine\gilbuildengine.tlog\cl.read.1.tlog
d:\development\cadberry\cadberry\bin\debug-windows-x86_64\gilbuildengine\gilbuildengine.tlog\cl.write.1.tlog
d:\development\cadberry\cadberry\bin\debug-windows-x86_64\gilbuildengine\gilbuildengine.tlog\gilbuildengine.write.1u.tlog
d:\development\cadberry\cadberry\bin\debug-windows-x86_64\gilbuildengine\gilbuildengine.tlog\link.command.1.tlog
d:\development\cadberry\cadberry\bin\debug-windows-x86_64\gilbuildengine\gilbuildengine.tlog\link.read.1.tlog
d:\development\cadberry\cadberry\bin\debug-windows-x86_64\gilbuildengine\gilbuildengine.tlog\link.write.1.tlog
