cl : command line warning D9025: overriding '/MD' with '/MDd'
cl : command line warning D9025: overriding '/MDd' with '/MD'
  GenerateIRES.cpp
D:\Development\CadBerry\CadBerry\Modules\IRESGenerator\src\GenerateIRES.h(24,15): warning C4251: 'IRESDesign::IRESParams::Target': class 'std::basic_string<char,std::char_traits<char>,std::allocator<char>>' needs to have dll-interface to be used by clients of struct 'IRESDesign::IRESParams'
C:\Program Files (x86)\Microsoft Visual Studio\2019\Community\VC\Tools\MSVC\14.29.30133\include\xstring(4905): message : see declaration of 'std::basic_string<char,std::char_traits<char>,std::allocator<char>>'
D:\Development\CadBerry\CadBerry\CadBerry\src\CadBerry\Log.h(16,42): warning C4251: 'CDB::Log::EditorLogger': class 'std::shared_ptr<spdlog::logger>' needs to have dll-interface to be used by clients of class 'CDB::Log'
D:\Development\CadBerry\CadBerry\CadBerry\vendor\spdlog\include\spdlog\details\registry.h(34): message : see declaration of 'std::shared_ptr<spdlog::logger>'
D:\Development\CadBerry\CadBerry\CadBerry\src\CadBerry\Log.h(17,42): warning C4251: 'CDB::Log::BuildLogger': class 'std::shared_ptr<spdlog::logger>' needs to have dll-interface to be used by clients of class 'CDB::Log'
D:\Development\CadBerry\CadBerry\CadBerry\vendor\spdlog\include\spdlog\details\registry.h(34): message : see declaration of 'std::shared_ptr<spdlog::logger>'
D:\Development\CadBerry\CadBerry\GILBuildEngine\src\GIL\Lexer\Token.h(21,16): warning C4251: 'GIL::Lexer::Token::Value': class 'std::basic_string<char,std::char_traits<char>,std::allocator<char>>' needs to have dll-interface to be used by clients of class 'GIL::Lexer::Token'
C:\Program Files (x86)\Microsoft Visual Studio\2019\Community\VC\Tools\MSVC\14.29.30133\include\xstring(4905): message : see declaration of 'std::basic_string<char,std::char_traits<char>,std::allocator<char>>'
D:\Development\CadBerry\CadBerry\GILBuildEngine\src\GIL\Parser\Region.h(18,16): warning C4251: 'GIL::Parser::Region::Name': class 'std::basic_string<char,std::char_traits<char>,std::allocator<char>>' needs to have dll-interface to be used by clients of class 'GIL::Parser::Region'
C:\Program Files (x86)\Microsoft Visual Studio\2019\Community\VC\Tools\MSVC\14.29.30133\include\xstring(4905): message : see declaration of 'std::basic_string<char,std::char_traits<char>,std::allocator<char>>'
D:\Development\CadBerry\CadBerry\GILBuildEngine\src\GIL\Parser\Project.h(43,38): warning C4251: 'GIL::Parser::Project::Operations': class 'std::map<std::string,GIL::Operation *,std::less<std::string>,std::allocator<std::pair<const std::string,GIL::Operation *>>>' needs to have dll-interface to be used by clients of class 'GIL::Parser::Project'
D:\Development\CadBerry\CadBerry\GILBuildEngine\src\GIL\Parser\Project.h(43): message : see declaration of 'std::map<std::string,GIL::Operation *,std::less<std::string>,std::allocator<std::pair<const std::string,GIL::Operation *>>>'
D:\Development\CadBerry\CadBerry\GILBuildEngine\src\GIL\Parser\Project.h(44,37): warning C4251: 'GIL::Parser::Project::Sequences': class 'std::map<std::string,GIL::Sequence *,std::less<std::string>,std::allocator<std::pair<const std::string,GIL::Sequence *>>>' needs to have dll-interface to be used by clients of class 'GIL::Parser::Project'
D:\Development\CadBerry\CadBerry\GILBuildEngine\src\GIL\Parser\Project.h(44): message : see declaration of 'std::map<std::string,GIL::Sequence *,std::less<std::string>,std::allocator<std::pair<const std::string,GIL::Sequence *>>>'
D:\Development\CadBerry\CadBerry\GILBuildEngine\src\GIL\Parser\Project.h(45,31): warning C4251: 'GIL::Parser::Project::Main': class 'std::vector<GIL::Lexer::Token *,std::allocator<GIL::Lexer::Token *>>' needs to have dll-interface to be used by clients of class 'GIL::Parser::Project'
D:\Development\CadBerry\CadBerry\GILBuildEngine\src\GIL\Parser\Operation.h(29): message : see declaration of 'std::vector<GIL::Lexer::Token *,std::allocator<GIL::Lexer::Token *>>'
D:\Development\CadBerry\CadBerry\GILBuildEngine\src\GIL\Parser\Project.h(47,39): warning C4251: 'GIL::Parser::Project::Attributes': class 'std::map<std::string,std::string,std::less<std::string>,std::allocator<std::pair<const std::string,std::string>>>' needs to have dll-interface to be used by clients of class 'GIL::Parser::Project'
D:\Development\CadBerry\CadBerry\GILBuildEngine\src\GIL\Parser\Project.h(47): message : see declaration of 'std::map<std::string,std::string,std::less<std::string>,std::allocator<std::pair<const std::string,std::string>>>'
D:\Development\CadBerry\CadBerry\GILBuildEngine\src\GIL\Parser\Project.h(48,29): warning C4251: 'GIL::Parser::Project::AvoidRSites': class 'std::vector<std::string,std::allocator<std::string>>' needs to have dll-interface to be used by clients of class 'GIL::Parser::Project'
D:\Development\CadBerry\CadBerry\GILBuildEngine\src\GIL\Parser\Project.h(48): message : see declaration of 'std::vector<std::string,std::allocator<std::string>>'
D:\Development\CadBerry\CadBerry\GILBuildEngine\src\GIL\Parser\Project.h(51,29): warning C4251: 'GIL::Parser::Project::Imports': class 'std::vector<std::string,std::allocator<std::string>>' needs to have dll-interface to be used by clients of class 'GIL::Parser::Project'
D:\Development\CadBerry\CadBerry\GILBuildEngine\src\GIL\Parser\Project.h(48): message : see declaration of 'std::vector<std::string,std::allocator<std::string>>'
D:\Development\CadBerry\CadBerry\GILBuildEngine\src\GIL\Parser\Project.h(52,29): warning C4251: 'GIL::Parser::Project::Usings': class 'std::vector<std::string,std::allocator<std::string>>' needs to have dll-interface to be used by clients of class 'GIL::Parser::Project'
D:\Development\CadBerry\CadBerry\GILBuildEngine\src\GIL\Parser\Project.h(48): message : see declaration of 'std::vector<std::string,std::allocator<std::string>>'
D:\Development\CadBerry\CadBerry\GILBuildEngine\src\GIL\Parser\Project.h(53,36): warning C4251: 'GIL::Parser::Project::Namespaces': class 'std::map<std::string,GIL::Parser::Project *,std::less<std::string>,std::allocator<std::pair<const std::string,GIL::Parser::Project *>>>' needs to have dll-interface to be used by clients of class 'GIL::Parser::Project'
D:\Development\CadBerry\CadBerry\GILBuildEngine\src\GIL\Parser\Project.h(53): message : see declaration of 'std::map<std::string,GIL::Parser::Project *,std::less<std::string>,std::allocator<std::pair<const std::string,GIL::Parser::Project *>>>'
D:\Development\CadBerry\CadBerry\GILBuildEngine\src\GIL\Parser\Project.h(55,16): warning C4251: 'GIL::Parser::Project::TargetOrganism': class 'std::basic_string<char,std::char_traits<char>,std::allocator<char>>' needs to have dll-interface to be used by clients of class 'GIL::Parser::Project'
C:\Program Files (x86)\Microsoft Visual Studio\2019\Community\VC\Tools\MSVC\14.29.30133\include\xstring(4905): message : see declaration of 'std::basic_string<char,std::char_traits<char>,std::allocator<char>>'
D:\Development\CadBerry\CadBerry\CadBerry\src\CadBerry\Threading\ThreadPool.h(37,21): warning C4251: 'CDB::ThreadPool::IsWaiting': struct 'std::atomic<bool>' needs to have dll-interface to be used by clients of class 'CDB::ThreadPool'
C:\Program Files (x86)\Microsoft Visual Studio\2019\Community\VC\Tools\MSVC\14.29.30133\include\atomic(2859): message : see declaration of 'std::atomic<bool>'
D:\Development\CadBerry\CadBerry\CadBerry\src\CadBerry\Threading\ThreadPool.h(43,85): warning C4251: 'CDB::ThreadPool::StandardTasks': class 'code_machina::BlockingCollection<std::pair<CDB::FuncIO,std::function<void *(void *)>>,code_machina::detail::Container<T,code_machina::detail::QueueType>,code_machina::StdConditionVariableGenerator>' needs to have dll-interface to be used by clients of class 'CDB::ThreadPool'
          with
          [
              T=std::pair<CDB::FuncIO,std::function<void *(void *)>>
          ]
D:\Development\CadBerry\CadBerry\CadBerry\src\CadBerry\Threading\ThreadPool.h(43): message : see declaration of 'code_machina::BlockingCollection<std::pair<CDB::FuncIO,std::function<void *(void *)>>,code_machina::detail::Container<T,code_machina::detail::QueueType>,code_machina::StdConditionVariableGenerator>'
          with
          [
              T=std::pair<CDB::FuncIO,std::function<void *(void *)>>
          ]
D:\Development\CadBerry\CadBerry\CadBerry\src\CadBerry\Threading\ThreadPool.h(44,85): warning C4251: 'CDB::ThreadPool::PriorityTasks': class 'code_machina::BlockingCollection<std::pair<CDB::FuncIO,std::function<void *(void *)>>,code_machina::detail::Container<T,code_machina::detail::QueueType>,code_machina::StdConditionVariableGenerator>' needs to have dll-interface to be used by clients of class 'CDB::ThreadPool'
          with
          [
              T=std::pair<CDB::FuncIO,std::function<void *(void *)>>
          ]
D:\Development\CadBerry\CadBerry\CadBerry\src\CadBerry\Threading\ThreadPool.h(43): message : see declaration of 'code_machina::BlockingCollection<std::pair<CDB::FuncIO,std::function<void *(void *)>>,code_machina::detail::Container<T,code_machina::detail::QueueType>,code_machina::StdConditionVariableGenerator>'
          with
          [
              T=std::pair<CDB::FuncIO,std::function<void *(void *)>>
          ]
D:\Development\CadBerry\CadBerry\CadBerry\src\CadBerry\Threading\ThreadPool.h(45,85): warning C4251: 'CDB::ThreadPool::BackgroundTasks': class 'code_machina::BlockingCollection<std::pair<CDB::FuncIO,std::function<void *(void *)>>,code_machina::detail::Container<T,code_machina::detail::QueueType>,code_machina::StdConditionVariableGenerator>' needs to have dll-interface to be used by clients of class 'CDB::ThreadPool'
          with
          [
              T=std::pair<CDB::FuncIO,std::function<void *(void *)>>
          ]
D:\Development\CadBerry\CadBerry\CadBerry\src\CadBerry\Threading\ThreadPool.h(43): message : see declaration of 'code_machina::BlockingCollection<std::pair<CDB::FuncIO,std::function<void *(void *)>>,code_machina::detail::Container<T,code_machina::detail::QueueType>,code_machina::StdConditionVariableGenerator>'
          with
          [
              T=std::pair<CDB::FuncIO,std::function<void *(void *)>>
          ]
D:\Development\CadBerry\CadBerry\CadBerry\src\CadBerry\Threading\ThreadPool.h(47,28): warning C4251: 'CDB::ThreadPool::WorkerThreads': class 'std::vector<std::thread,std::allocator<std::thread>>' needs to have dll-interface to be used by clients of class 'CDB::ThreadPool'
D:\Development\CadBerry\CadBerry\CadBerry\src\CadBerry\Threading\ThreadPool.h(47): message : see declaration of 'std::vector<std::thread,std::allocator<std::thread>>'
D:\Development\CadBerry\CadBerry\CadBerry\vendor\RNAstructure\src\phmm\utils\xmath\log\log_lookup.h(167,23): warning C4244: 'initializing': conversion from 'double' to 'int', possible loss of data
D:\Development\CadBerry\CadBerry\CadBerry\vendor\RNAstructure\src\rna_library.h(459,1): warning C4267: 'initializing': conversion from 'size_t' to 'int', possible loss of data
D:\Development\CadBerry\CadBerry\CadBerry\vendor\RNAstructure\RNA_class\thermodynamics.h(175,10): warning C4251: 'Thermodynamics::nominal_alphabetName': class 'std::basic_string<char,std::char_traits<char>,std::allocator<char>>' needs to have dll-interface to be used by clients of class 'Thermodynamics'
C:\Program Files (x86)\Microsoft Visual Studio\2019\Community\VC\Tools\MSVC\14.29.30133\include\xstring(4905): message : see declaration of 'std::basic_string<char,std::char_traits<char>,std::allocator<char>>'
D:\Development\CadBerry\CadBerry\CadBerry\vendor\RNAstructure\RNA_class\RNA.h(1067,10): warning C4251: 'RNA::lastErrorDetails': class 'std::basic_string<char,std::char_traits<char>,std::allocator<char>>' needs to have dll-interface to be used by clients of class 'RNA'
C:\Program Files (x86)\Microsoft Visual Studio\2019\Community\VC\Tools\MSVC\14.29.30133\include\xstring(4905): message : see declaration of 'std::basic_string<char,std::char_traits<char>,std::allocator<char>>'
D:\Development\CadBerry\CadBerry\CadBerry\vendor\RNAstructure\RNA_class\TwoRNA.h(181,10): warning C4251: 'TwoRNA::lastErrorDetails': class 'std::basic_string<char,std::char_traits<char>,std::allocator<char>>' needs to have dll-interface to be used by clients of class 'TwoRNA'
C:\Program Files (x86)\Microsoft Visual Studio\2019\Community\VC\Tools\MSVC\14.29.30133\include\xstring(4905): message : see declaration of 'std::basic_string<char,std::char_traits<char>,std::allocator<char>>'
D:\Development\CadBerry\CadBerry\Modules\IRESGenerator\src\GenerateIRES.cpp(228,37): warning C4244: 'argument': conversion from 'time_t' to 'unsigned int', possible loss of data
D:\Development\CadBerry\CadBerry\Modules\IRESGenerator\src\GenerateIRES.cpp(235,165): warning C4267: 'argument': conversion from 'size_t' to 'int', possible loss of data
D:\Development\CadBerry\CadBerry\Modules\IRESGenerator\src\GenerateIRES.cpp(239,165): warning C4267: 'argument': conversion from 'size_t' to 'int', possible loss of data
D:\Development\CadBerry\CadBerry\Modules\IRESGenerator\src\GenerateIRES.cpp(306,42): warning C4267: '-=': conversion from 'size_t' to 'int', possible loss of data
D:\Development\CadBerry\CadBerry\Modules\IRESGenerator\src\GenerateIRES.cpp(443,40): warning C4305: 'initializing': truncation from '__int64' to 'int'
D:\Development\CadBerry\CadBerry\Modules\IRESGenerator\src\GenerateIRES.cpp(443,25): warning C4309: 'initializing': truncation of constant value
D:\Development\CadBerry\CadBerry\Modules\IRESGenerator\src\GenerateIRES.cpp(502,20): warning C4244: 'initializing': conversion from 'double' to 'float', possible loss of data
D:\Development\CadBerry\CadBerry\Modules\IRESGenerator\src\GenerateIRES.cpp(520,26): warning C4244: 'initializing': conversion from 'double' to 'float', possible loss of data
D:\Development\CadBerry\CadBerry\Modules\IRESGenerator\src\GenerateIRES.cpp(547,2): warning C4267: 'return': conversion from 'size_t' to 'int', possible loss of data
D:\Development\CadBerry\CadBerry\Modules\IRESGenerator\src\GenerateIRES.cpp(576,7): warning C4267: 'argument': conversion from 'size_t' to 'int', possible loss of data
D:\Development\CadBerry\CadBerry\Modules\IRESGenerator\src\GenerateIRES.cpp(577,2): warning C4267: 'return': conversion from 'size_t' to 'int', possible loss of data
D:\Development\CadBerry\CadBerry\Modules\IRESGenerator\src\GenerateIRES.cpp(608,13): warning C4244: 'initializing': conversion from 'float' to 'int', possible loss of data
D:\Development\CadBerry\CadBerry\Modules\IRESGenerator\src\GenerateIRES.cpp(623,91): warning C4267: 'argument': conversion from 'size_t' to 'int', possible loss of data
  Module.cpp
D:\Development\CadBerry\CadBerry\CadBerry\src\CadBerry\Layer.h(24,15): warning C4251: 'CDB::Layer::m_Name': class 'std::basic_string<char,std::char_traits<char>,std::allocator<char>>' needs to have dll-interface to be used by clients of class 'CDB::Layer'
C:\Program Files (x86)\Microsoft Visual Studio\2019\Community\VC\Tools\MSVC\14.29.30133\include\xstring(4905): message : see declaration of 'std::basic_string<char,std::char_traits<char>,std::allocator<char>>'
D:\Development\CadBerry\CadBerry\CadBerry\src\CadBerry\LayerStack.h(23,23): warning C4251: 'CDB::LayerStack::Layers': class 'std::vector<CDB::Layer *,std::allocator<CDB::Layer *>>' needs to have dll-interface to be used by clients of class 'CDB::LayerStack'
D:\Development\CadBerry\CadBerry\CadBerry\src\CadBerry\LayerStack.h(20): message : see declaration of 'std::vector<CDB::Layer *,std::allocator<CDB::Layer *>>'
D:\Development\CadBerry\CadBerry\CadBerry\src\CadBerry\Project\Project.h(20,15): warning C4251: 'CDB::Project::Name': class 'std::basic_string<char,std::char_traits<char>,std::allocator<char>>' needs to have dll-interface to be used by clients of class 'CDB::Project'
C:\Program Files (x86)\Microsoft Visual Studio\2019\Community\VC\Tools\MSVC\14.29.30133\include\xstring(4905): message : see declaration of 'std::basic_string<char,std::char_traits<char>,std::allocator<char>>'
D:\Development\CadBerry\CadBerry\CadBerry\src\CadBerry\Project\Project.h(21,15): warning C4251: 'CDB::Project::Path': class 'std::basic_string<char,std::char_traits<char>,std::allocator<char>>' needs to have dll-interface to be used by clients of class 'CDB::Project'
C:\Program Files (x86)\Microsoft Visual Studio\2019\Community\VC\Tools\MSVC\14.29.30133\include\xstring(4905): message : see declaration of 'std::basic_string<char,std::char_traits<char>,std::allocator<char>>'
D:\Development\CadBerry\CadBerry\CadBerry\src\CadBerry\Project\Project.h(22,15): warning C4251: 'CDB::Project::PreBuildDir': class 'std::basic_string<char,std::char_traits<char>,std::allocator<char>>' needs to have dll-interface to be used by clients of class 'CDB::Project'
C:\Program Files (x86)\Microsoft Visual Studio\2019\Community\VC\Tools\MSVC\14.29.30133\include\xstring(4905): message : see declaration of 'std::basic_string<char,std::char_traits<char>,std::allocator<char>>'
D:\Development\CadBerry\CadBerry\CadBerry\src\CadBerry\Project\Project.h(30,15): warning C4251: 'CDB::Project::TargetOrganism': class 'std::basic_string<char,std::char_traits<char>,std::allocator<char>>' needs to have dll-interface to be used by clients of class 'CDB::Project'
C:\Program Files (x86)\Microsoft Visual Studio\2019\Community\VC\Tools\MSVC\14.29.30133\include\xstring(4905): message : see declaration of 'std::basic_string<char,std::char_traits<char>,std::allocator<char>>'
D:\Development\CadBerry\CadBerry\CadBerry\src\CadBerry\Project\Project.h(31,28): warning C4251: 'CDB::Project::EntrySequences': class 'std::vector<std::string,std::allocator<std::string>>' needs to have dll-interface to be used by clients of class 'CDB::Project'
D:\Development\CadBerry\CadBerry\CadBerry\src\CadBerry\Project\Project.h(31): message : see declaration of 'std::vector<std::string,std::allocator<std::string>>'
D:\Development\CadBerry\CadBerry\CadBerry\src\CadBerry\Project\Project.h(34,15): warning C4251: 'CDB::Project::PathToEntryPoint': class 'std::basic_string<char,std::char_traits<char>,std::allocator<char>>' needs to have dll-interface to be used by clients of class 'CDB::Project'
C:\Program Files (x86)\Microsoft Visual Studio\2019\Community\VC\Tools\MSVC\14.29.30133\include\xstring(4905): message : see declaration of 'std::basic_string<char,std::char_traits<char>,std::allocator<char>>'
D:\Development\CadBerry\CadBerry\CadBerry\src\CadBerry\Threading\ThreadPool.h(37,21): warning C4251: 'CDB::ThreadPool::IsWaiting': struct 'std::atomic<bool>' needs to have dll-interface to be used by clients of class 'CDB::ThreadPool'
C:\Program Files (x86)\Microsoft Visual Studio\2019\Community\VC\Tools\MSVC\14.29.30133\include\atomic(2859): message : see declaration of 'std::atomic<bool>'
D:\Development\CadBerry\CadBerry\CadBerry\src\CadBerry\Threading\ThreadPool.h(43,85): warning C4251: 'CDB::ThreadPool::StandardTasks': class 'code_machina::BlockingCollection<std::pair<CDB::FuncIO,std::function<void *(void *)>>,code_machina::detail::Container<T,code_machina::detail::QueueType>,code_machina::StdConditionVariableGenerator>' needs to have dll-interface to be used by clients of class 'CDB::ThreadPool'
          with
          [
              T=std::pair<CDB::FuncIO,std::function<void *(void *)>>
          ]
D:\Development\CadBerry\CadBerry\CadBerry\src\CadBerry\Threading\ThreadPool.h(43): message : see declaration of 'code_machina::BlockingCollection<std::pair<CDB::FuncIO,std::function<void *(void *)>>,code_machina::detail::Container<T,code_machina::detail::QueueType>,code_machina::StdConditionVariableGenerator>'
          with
          [
              T=std::pair<CDB::FuncIO,std::function<void *(void *)>>
          ]
D:\Development\CadBerry\CadBerry\CadBerry\src\CadBerry\Threading\ThreadPool.h(44,85): warning C4251: 'CDB::ThreadPool::PriorityTasks': class 'code_machina::BlockingCollection<std::pair<CDB::FuncIO,std::function<void *(void *)>>,code_machina::detail::Container<T,code_machina::detail::QueueType>,code_machina::StdConditionVariableGenerator>' needs to have dll-interface to be used by clients of class 'CDB::ThreadPool'
          with
          [
              T=std::pair<CDB::FuncIO,std::function<void *(void *)>>
          ]
D:\Development\CadBerry\CadBerry\CadBerry\src\CadBerry\Threading\ThreadPool.h(43): message : see declaration of 'code_machina::BlockingCollection<std::pair<CDB::FuncIO,std::function<void *(void *)>>,code_machina::detail::Container<T,code_machina::detail::QueueType>,code_machina::StdConditionVariableGenerator>'
          with
          [
              T=std::pair<CDB::FuncIO,std::function<void *(void *)>>
          ]
D:\Development\CadBerry\CadBerry\CadBerry\src\CadBerry\Threading\ThreadPool.h(45,85): warning C4251: 'CDB::ThreadPool::BackgroundTasks': class 'code_machina::BlockingCollection<std::pair<CDB::FuncIO,std::function<void *(void *)>>,code_machina::detail::Container<T,code_machina::detail::QueueType>,code_machina::StdConditionVariableGenerator>' needs to have dll-interface to be used by clients of class 'CDB::ThreadPool'
          with
          [
              T=std::pair<CDB::FuncIO,std::function<void *(void *)>>
          ]
D:\Development\CadBerry\CadBerry\CadBerry\src\CadBerry\Threading\ThreadPool.h(43): message : see declaration of 'code_machina::BlockingCollection<std::pair<CDB::FuncIO,std::function<void *(void *)>>,code_machina::detail::Container<T,code_machina::detail::QueueType>,code_machina::StdConditionVariableGenerator>'
          with
          [
              T=std::pair<CDB::FuncIO,std::function<void *(void *)>>
          ]
D:\Development\CadBerry\CadBerry\CadBerry\src\CadBerry\Threading\ThreadPool.h(47,28): warning C4251: 'CDB::ThreadPool::WorkerThreads': class 'std::vector<std::thread,std::allocator<std::thread>>' needs to have dll-interface to be used by clients of class 'CDB::ThreadPool'
D:\Development\CadBerry\CadBerry\CadBerry\src\CadBerry\Threading\ThreadPool.h(47): message : see declaration of 'std::vector<std::thread,std::allocator<std::thread>>'
D:\Development\CadBerry\CadBerry\CadBerry\src\CadBerry\Log.h(16,42): warning C4251: 'CDB::Log::EditorLogger': class 'std::shared_ptr<spdlog::logger>' needs to have dll-interface to be used by clients of class 'CDB::Log'
D:\Development\CadBerry\CadBerry\CadBerry\vendor\spdlog\include\spdlog\details\registry.h(34): message : see declaration of 'std::shared_ptr<spdlog::logger>'
D:\Development\CadBerry\CadBerry\CadBerry\src\CadBerry\Log.h(17,42): warning C4251: 'CDB::Log::BuildLogger': class 'std::shared_ptr<spdlog::logger>' needs to have dll-interface to be used by clients of class 'CDB::Log'
D:\Development\CadBerry\CadBerry\CadBerry\vendor\spdlog\include\spdlog\details\registry.h(34): message : see declaration of 'std::shared_ptr<spdlog::logger>'
D:\Development\CadBerry\CadBerry\CadBerry\src\CadBerry\Module\Viewport.h(23,15): warning C4251: 'CDB::Viewport::Name': class 'std::basic_string<char,std::char_traits<char>,std::allocator<char>>' needs to have dll-interface to be used by clients of class 'CDB::Viewport'
C:\Program Files (x86)\Microsoft Visual Studio\2019\Community\VC\Tools\MSVC\14.29.30133\include\xstring(4905): message : see declaration of 'std::basic_string<char,std::char_traits<char>,std::allocator<char>>'
D:\Development\CadBerry\CadBerry\CadBerry\src\CadBerry\Module\Module.h(14,15): warning C4251: 'CDB::Module::ModuleName': class 'std::basic_string<char,std::char_traits<char>,std::allocator<char>>' needs to have dll-interface to be used by clients of class 'CDB::Module'
C:\Program Files (x86)\Microsoft Visual Studio\2019\Community\VC\Tools\MSVC\14.29.30133\include\xstring(4905): message : see declaration of 'std::basic_string<char,std::char_traits<char>,std::allocator<char>>'
D:\Development\CadBerry\CadBerry\CadBerry\src\CadBerry\BuildEngine\BuildEngine.h(30,28): warning C4251: 'CDB::BuildEngine::BuildableTypes': class 'std::vector<std::string,std::allocator<std::string>>' needs to have dll-interface to be used by clients of class 'CDB::BuildEngine'
D:\Development\CadBerry\CadBerry\CadBerry\src\CadBerry\Project\Project.h(31): message : see declaration of 'std::vector<std::string,std::allocator<std::string>>'
D:\Development\CadBerry\CadBerry\CadBerry\src\CadBerry\BuildEngine\BuildEngine.h(31,28): warning C4251: 'CDB::BuildEngine::OutputTypes': class 'std::vector<std::string,std::allocator<std::string>>' needs to have dll-interface to be used by clients of class 'CDB::BuildEngine'
D:\Development\CadBerry\CadBerry\CadBerry\src\CadBerry\Project\Project.h(31): message : see declaration of 'std::vector<std::string,std::allocator<std::string>>'
D:\Development\CadBerry\CadBerry\CadBerry\src\CadBerry\Application.h(44,23): warning C4251: 'CDB::Application::OpenProject': class 'CDB::scoped_ptr<CDB::Project>' needs to have dll-interface to be used by clients of class 'CDB::Application'
D:\Development\CadBerry\CadBerry\CadBerry\src\CadBerry\Application.h(44): message : see declaration of 'CDB::scoped_ptr<CDB::Project>'
D:\Development\CadBerry\CadBerry\CadBerry\src\CadBerry\Application.h(47,27): warning C4251: 'CDB::Application::m_BuildEngine': class 'CDB::scoped_ptr<CDB::BuildEngine>' needs to have dll-interface to be used by clients of class 'CDB::Application'
D:\Development\CadBerry\CadBerry\CadBerry\src\CadBerry\Application.h(47): message : see declaration of 'CDB::scoped_ptr<CDB::BuildEngine>'
D:\Development\CadBerry\CadBerry\CadBerry\src\CadBerry\Application.h(50,24): warning C4251: 'CDB::Application::Modules': class 'std::vector<CDB::Module *,std::allocator<CDB::Module *>>' needs to have dll-interface to be used by clients of class 'CDB::Application'
D:\Development\CadBerry\CadBerry\CadBerry\src\CadBerry\Application.h(50): message : see declaration of 'std::vector<CDB::Module *,std::allocator<CDB::Module *>>'
D:\Development\CadBerry\CadBerry\CadBerry\src\CadBerry\Application.h(52,15): warning C4251: 'CDB::Application::PathToEXE': class 'std::basic_string<char,std::char_traits<char>,std::allocator<char>>' needs to have dll-interface to be used by clients of class 'CDB::Application'
C:\Program Files (x86)\Microsoft Visual Studio\2019\Community\VC\Tools\MSVC\14.29.30133\include\xstring(4905): message : see declaration of 'std::basic_string<char,std::char_traits<char>,std::allocator<char>>'
D:\Development\CadBerry\CadBerry\CadBerry\src\CadBerry\Application.h(54,15): warning C4251: 'CDB::Application::PreBuildDir': class 'std::basic_string<char,std::char_traits<char>,std::allocator<char>>' needs to have dll-interface to be used by clients of class 'CDB::Application'
C:\Program Files (x86)\Microsoft Visual Studio\2019\Community\VC\Tools\MSVC\14.29.30133\include\xstring(4905): message : see declaration of 'std::basic_string<char,std::char_traits<char>,std::allocator<char>>'
D:\Development\CadBerry\CadBerry\CadBerry\src\CadBerry\Application.h(67,27): warning C4251: 'CDB::Application::VertexArray': class 'CDB::scoped_ptr<CDB::VertexArray>' needs to have dll-interface to be used by clients of class 'CDB::Application'
D:\Development\CadBerry\CadBerry\CadBerry\src\CadBerry\Application.h(67): message : see declaration of 'CDB::scoped_ptr<CDB::VertexArray>'
D:\Development\CadBerry\CadBerry\CadBerry\src\CadBerry\Rendering\Renderer.h(29,20): warning C4251: 'CDB::Renderer::ProjectionViewMatrix': struct 'glm::mat<4,4,glm::f32,glm::packed_highp>' needs to have dll-interface to be used by clients of class 'CDB::Renderer'
D:\Development\CadBerry\CadBerry\CadBerry\vendor\glm\glm\fwd.hpp(520): message : see declaration of 'glm::mat<4,4,glm::f32,glm::packed_highp>'
D:\Development\CadBerry\CadBerry\Modules\IRESGenerator\src\GenerateIRES.h(24,15): warning C4251: 'IRESDesign::IRESParams::Target': class 'std::basic_string<char,std::char_traits<char>,std::allocator<char>>' needs to have dll-interface to be used by clients of struct 'IRESDesign::IRESParams'
C:\Program Files (x86)\Microsoft Visual Studio\2019\Community\VC\Tools\MSVC\14.29.30133\include\xstring(4905): message : see declaration of 'std::basic_string<char,std::char_traits<char>,std::allocator<char>>'
D:\Development\CadBerry\CadBerry\Modules\IRESGenerator\src\Module.cpp(26,14): warning C4251: 'IRESDesigner::AntiAttenuator': class 'std::basic_string<char,std::char_traits<char>,std::allocator<char>>' needs to have dll-interface to be used by clients of class 'IRESDesigner'
C:\Program Files (x86)\Microsoft Visual Studio\2019\Community\VC\Tools\MSVC\14.29.30133\include\xstring(4905): message : see declaration of 'std::basic_string<char,std::char_traits<char>,std::allocator<char>>'
D:\Development\CadBerry\CadBerry\Modules\IRESGenerator\src\Module.cpp(27,38): warning C4251: 'IRESDesigner::OutputAttenuator': struct 'std::pair<bool,std::future<void *>>' needs to have dll-interface to be used by clients of class 'IRESDesigner'
D:\Development\CadBerry\CadBerry\CadBerry\src\CadBerry\Threading\ThreadPool.h(26): message : see declaration of 'std::pair<bool,std::future<void *>>'
D:\Development\CadBerry\CadBerry\Modules\IRESGenerator\src\Module.cpp(29,14): warning C4251: 'IRESDesigner::Output': class 'std::basic_string<char,std::char_traits<char>,std::allocator<char>>' needs to have dll-interface to be used by clients of class 'IRESDesigner'
C:\Program Files (x86)\Microsoft Visual Studio\2019\Community\VC\Tools\MSVC\14.29.30133\include\xstring(4905): message : see declaration of 'std::basic_string<char,std::char_traits<char>,std::allocator<char>>'
D:\Development\CadBerry\CadBerry\Modules\IRESGenerator\src\Module.cpp(87,14): warning C4251: 'IRESModule::Viewports': class 'std::basic_string<char,std::char_traits<char>,std::allocator<char>>' needs to have dll-interface to be used by clients of class 'IRESModule'
C:\Program Files (x86)\Microsoft Visual Studio\2019\Community\VC\Tools\MSVC\14.29.30133\include\xstring(4905): message : see declaration of 'std::basic_string<char,std::char_traits<char>,std::allocator<char>>'
  Generating Code...
     Creating library ..\..\bin\Release-windows-x86_64\IRESGenerator\IRESGenerator.lib and object ..\..\bin\Release-windows-x86_64\IRESGenerator\IRESGenerator.exp
  IRESGenerator.vcxproj -> D:\Development\CadBerry\CadBerry\bin\Release-windows-x86_64\IRESGenerator\IRESGenerator.dll
          1 file(s) copied.
          1 file(s) copied.
          1 file(s) copied.
          1 file(s) copied.
