d:\development\cadberry\cadberry\bin\debug-windows-x86_64\vscodeintegration\vc142.pdb
d:\development\cadberry\cadberry\bin\debug-windows-x86_64\vscodeintegration\vc142.idb
d:\development\cadberry\cadberry\bin\debug-windows-x86_64\vscodeintegration\module.obj
d:\development\cadberry\cadberry\bin\debug-windows-x86_64\vscodeintegration\vscodeintegration.dll
d:\development\cadberry\cadberry\bin\debug-windows-x86_64\vscodeintegration\vscodeintegration.ilk
d:\development\cadberry\cadberry\bin\debug-windows-x86_64\vscodeintegration\vscodeintegration.pdb
d:\development\cadberry\cadberry\bin\debug-windows-x86_64\vscodeintegration\vscodeintegration.lib
d:\development\cadberry\cadberry\bin\debug-windows-x86_64\vscodeintegration\vscodeintegration.exp
d:\development\cadberry\cadberry\bin\debug-windows-x86_64\vscodeintegration\vscodein.6d50644b.tlog\cl.command.1.tlog
d:\development\cadberry\cadberry\bin\debug-windows-x86_64\vscodeintegration\vscodein.6d50644b.tlog\cl.read.1.tlog
d:\development\cadberry\cadberry\bin\debug-windows-x86_64\vscodeintegration\vscodein.6d50644b.tlog\cl.write.1.tlog
d:\development\cadberry\cadberry\bin\debug-windows-x86_64\vscodeintegration\vscodein.6d50644b.tlog\link.1916.delete.1.tlog
d:\development\cadberry\cadberry\bin\debug-windows-x86_64\vscodeintegration\vscodein.6d50644b.tlog\link.20284.delete.1.tlog
d:\development\cadberry\cadberry\bin\debug-windows-x86_64\vscodeintegration\vscodein.6d50644b.tlog\link.23312.delete.1.tlog
d:\development\cadberry\cadberry\bin\debug-windows-x86_64\vscodeintegration\vscodein.6d50644b.tlog\link.24680.delete.1.tlog
d:\development\cadberry\cadberry\bin\debug-windows-x86_64\vscodeintegration\vscodein.6d50644b.tlog\link.27320.delete.1.tlog
d:\development\cadberry\cadberry\bin\debug-windows-x86_64\vscodeintegration\vscodein.6d50644b.tlog\link.35932.delete.1.tlog
d:\development\cadberry\cadberry\bin\debug-windows-x86_64\vscodeintegration\vscodein.6d50644b.tlog\link.41612.delete.1.tlog
d:\development\cadberry\cadberry\bin\debug-windows-x86_64\vscodeintegration\vscodein.6d50644b.tlog\link.4524.delete.1.tlog
d:\development\cadberry\cadberry\bin\debug-windows-x86_64\vscodeintegration\vscodein.6d50644b.tlog\link.9092.delete.1.tlog
d:\development\cadberry\cadberry\bin\debug-windows-x86_64\vscodeintegration\vscodein.6d50644b.tlog\link.command.1.tlog
d:\development\cadberry\cadberry\bin\debug-windows-x86_64\vscodeintegration\vscodein.6d50644b.tlog\link.read.1.tlog
d:\development\cadberry\cadberry\bin\debug-windows-x86_64\vscodeintegration\vscodein.6d50644b.tlog\link.write.1.tlog
d:\development\cadberry\cadberry\bin\debug-windows-x86_64\vscodeintegration\vscodein.6d50644b.tlog\vscodeintegration.write.1u.tlog
