cl : command line warning D9025: overriding '/MTd' with '/MDd'
  Module.cpp
D:\Development\CadBerry\CadBerry\CadBerry\src\CadBerry\Layer.h(22,15): warning C4251: 'CDB::Layer::m_Name': class 'std::basic_string<char,std::char_traits<char>,std::allocator<char>>' needs to have dll-interface to be used by clients of class 'CDB::Layer'
C:\Program Files (x86)\Microsoft Visual Studio\2019\Community\VC\Tools\MSVC\14.29.30133\include\xstring(4905): message : see declaration of 'std::basic_string<char,std::char_traits<char>,std::allocator<char>>'
D:\Development\CadBerry\CadBerry\CadBerry\src\CadBerry\LayerStack.h(23,23): warning C4251: 'CDB::LayerStack::Layers': class 'std::vector<CDB::Layer *,std::allocator<CDB::Layer *>>' needs to have dll-interface to be used by clients of class 'CDB::LayerStack'
D:\Development\CadBerry\CadBerry\CadBerry\src\CadBerry\LayerStack.h(20): message : see declaration of 'std::vector<CDB::Layer *,std::allocator<CDB::Layer *>>'
D:\Development\CadBerry\CadBerry\CadBerry\src\CadBerry\Project\Project.h(14,15): warning C4251: 'CDB::Project::Name': class 'std::basic_string<char,std::char_traits<char>,std::allocator<char>>' needs to have dll-interface to be used by clients of class 'CDB::Project'
C:\Program Files (x86)\Microsoft Visual Studio\2019\Community\VC\Tools\MSVC\14.29.30133\include\xstring(4905): message : see declaration of 'std::basic_string<char,std::char_traits<char>,std::allocator<char>>'
D:\Development\CadBerry\CadBerry\CadBerry\src\CadBerry\Project\Project.h(15,15): warning C4251: 'CDB::Project::Path': class 'std::basic_string<char,std::char_traits<char>,std::allocator<char>>' needs to have dll-interface to be used by clients of class 'CDB::Project'
C:\Program Files (x86)\Microsoft Visual Studio\2019\Community\VC\Tools\MSVC\14.29.30133\include\xstring(4905): message : see declaration of 'std::basic_string<char,std::char_traits<char>,std::allocator<char>>'
D:\Development\CadBerry\CadBerry\CadBerry\src\CadBerry\Project\Project.h(16,15): warning C4251: 'CDB::Project::PreBuildDir': class 'std::basic_string<char,std::char_traits<char>,std::allocator<char>>' needs to have dll-interface to be used by clients of class 'CDB::Project'
C:\Program Files (x86)\Microsoft Visual Studio\2019\Community\VC\Tools\MSVC\14.29.30133\include\xstring(4905): message : see declaration of 'std::basic_string<char,std::char_traits<char>,std::allocator<char>>'
D:\Development\CadBerry\CadBerry\CadBerry\src\CadBerry\Threading\ThreadPool.h(30,21): warning C4251: 'CDB::ThreadPool::IsWaiting': struct 'std::atomic<bool>' needs to have dll-interface to be used by clients of class 'CDB::ThreadPool'
C:\Program Files (x86)\Microsoft Visual Studio\2019\Community\VC\Tools\MSVC\14.29.30133\include\atomic(2859): message : see declaration of 'std::atomic<bool>'
D:\Development\CadBerry\CadBerry\CadBerry\src\CadBerry\Threading\ThreadPool.h(36,59): warning C4251: 'CDB::ThreadPool::StandardTasks': class 'code_machina::BlockingCollection<std::function<void (void)>,code_machina::detail::Container<T,code_machina::detail::QueueType>,code_machina::StdConditionVariableGenerator>' needs to have dll-interface to be used by clients of class 'CDB::ThreadPool'
          with
          [
              T=std::function<void (void)>
          ]
D:\Development\CadBerry\CadBerry\CadBerry\src\CadBerry\Threading\ThreadPool.h(36): message : see declaration of 'code_machina::BlockingCollection<std::function<void (void)>,code_machina::detail::Container<T,code_machina::detail::QueueType>,code_machina::StdConditionVariableGenerator>'
          with
          [
              T=std::function<void (void)>
          ]
D:\Development\CadBerry\CadBerry\CadBerry\src\CadBerry\Threading\ThreadPool.h(37,59): warning C4251: 'CDB::ThreadPool::PriorityTasks': class 'code_machina::BlockingCollection<std::function<void (void)>,code_machina::detail::Container<T,code_machina::detail::QueueType>,code_machina::StdConditionVariableGenerator>' needs to have dll-interface to be used by clients of class 'CDB::ThreadPool'
          with
          [
              T=std::function<void (void)>
          ]
D:\Development\CadBerry\CadBerry\CadBerry\src\CadBerry\Threading\ThreadPool.h(36): message : see declaration of 'code_machina::BlockingCollection<std::function<void (void)>,code_machina::detail::Container<T,code_machina::detail::QueueType>,code_machina::StdConditionVariableGenerator>'
          with
          [
              T=std::function<void (void)>
          ]
D:\Development\CadBerry\CadBerry\CadBerry\src\CadBerry\Threading\ThreadPool.h(38,59): warning C4251: 'CDB::ThreadPool::BackgroundTasks': class 'code_machina::BlockingCollection<std::function<void (void)>,code_machina::detail::Container<T,code_machina::detail::QueueType>,code_machina::StdConditionVariableGenerator>' needs to have dll-interface to be used by clients of class 'CDB::ThreadPool'
          with
          [
              T=std::function<void (void)>
          ]
D:\Development\CadBerry\CadBerry\CadBerry\src\CadBerry\Threading\ThreadPool.h(36): message : see declaration of 'code_machina::BlockingCollection<std::function<void (void)>,code_machina::detail::Container<T,code_machina::detail::QueueType>,code_machina::StdConditionVariableGenerator>'
          with
          [
              T=std::function<void (void)>
          ]
D:\Development\CadBerry\CadBerry\CadBerry\src\CadBerry\Threading\ThreadPool.h(40,28): warning C4251: 'CDB::ThreadPool::WorkerThreads': class 'std::vector<std::thread,std::allocator<std::thread>>' needs to have dll-interface to be used by clients of class 'CDB::ThreadPool'
D:\Development\CadBerry\CadBerry\CadBerry\src\CadBerry\Threading\ThreadPool.h(40): message : see declaration of 'std::vector<std::thread,std::allocator<std::thread>>'
D:\Development\CadBerry\CadBerry\CadBerry\src\CadBerry\Log.h(16,42): warning C4251: 'CDB::Log::EditorLogger': class 'std::shared_ptr<spdlog::logger>' needs to have dll-interface to be used by clients of class 'CDB::Log'
D:\Development\CadBerry\CadBerry\CadBerry\vendor\spdlog\include\spdlog\details\registry.h(34): message : see declaration of 'std::shared_ptr<spdlog::logger>'
D:\Development\CadBerry\CadBerry\CadBerry\src\CadBerry\Log.h(17,42): warning C4251: 'CDB::Log::BuildLogger': class 'std::shared_ptr<spdlog::logger>' needs to have dll-interface to be used by clients of class 'CDB::Log'
D:\Development\CadBerry\CadBerry\CadBerry\vendor\spdlog\include\spdlog\details\registry.h(34): message : see declaration of 'std::shared_ptr<spdlog::logger>'
D:\Development\CadBerry\CadBerry\CadBerry\src\CadBerry\Module\Viewport.h(22,15): warning C4251: 'CDB::Viewport::Name': class 'std::basic_string<char,std::char_traits<char>,std::allocator<char>>' needs to have dll-interface to be used by clients of class 'CDB::Viewport'
C:\Program Files (x86)\Microsoft Visual Studio\2019\Community\VC\Tools\MSVC\14.29.30133\include\xstring(4905): message : see declaration of 'std::basic_string<char,std::char_traits<char>,std::allocator<char>>'
D:\Development\CadBerry\CadBerry\CadBerry\src\CadBerry\Module\Module.h(14,15): warning C4251: 'CDB::Module::ModuleName': class 'std::basic_string<char,std::char_traits<char>,std::allocator<char>>' needs to have dll-interface to be used by clients of class 'CDB::Module'
C:\Program Files (x86)\Microsoft Visual Studio\2019\Community\VC\Tools\MSVC\14.29.30133\include\xstring(4905): message : see declaration of 'std::basic_string<char,std::char_traits<char>,std::allocator<char>>'
D:\Development\CadBerry\CadBerry\CadBerry\src\CadBerry\BuildEngine\BuildEngine.h(20,28): warning C4251: 'CDB::BuildEngine::BuildableTypes': class 'std::vector<std::string,std::allocator<std::string>>' needs to have dll-interface to be used by clients of class 'CDB::BuildEngine'
D:\Development\CadBerry\CadBerry\CadBerry\src\CadBerry\BuildEngine\BuildEngine.h(10): message : see declaration of 'std::vector<std::string,std::allocator<std::string>>'
D:\Development\CadBerry\CadBerry\CadBerry\src\CadBerry\BuildEngine\BuildEngine.h(21,28): warning C4251: 'CDB::BuildEngine::OutputTypes': class 'std::vector<std::string,std::allocator<std::string>>' needs to have dll-interface to be used by clients of class 'CDB::BuildEngine'
D:\Development\CadBerry\CadBerry\CadBerry\src\CadBerry\BuildEngine\BuildEngine.h(10): message : see declaration of 'std::vector<std::string,std::allocator<std::string>>'
D:\Development\CadBerry\CadBerry\CadBerry\src\CadBerry\Application.h(44,23): warning C4251: 'CDB::Application::OpenProject': class 'CDB::scoped_ptr<CDB::Project>' needs to have dll-interface to be used by clients of class 'CDB::Application'
D:\Development\CadBerry\CadBerry\CadBerry\src\CadBerry\Application.h(44): message : see declaration of 'CDB::scoped_ptr<CDB::Project>'
D:\Development\CadBerry\CadBerry\CadBerry\src\CadBerry\Application.h(47,27): warning C4251: 'CDB::Application::m_BuildEngine': class 'CDB::scoped_ptr<CDB::BuildEngine>' needs to have dll-interface to be used by clients of class 'CDB::Application'
D:\Development\CadBerry\CadBerry\CadBerry\src\CadBerry\Application.h(47): message : see declaration of 'CDB::scoped_ptr<CDB::BuildEngine>'
D:\Development\CadBerry\CadBerry\CadBerry\src\CadBerry\Application.h(50,24): warning C4251: 'CDB::Application::Modules': class 'std::vector<CDB::Module *,std::allocator<CDB::Module *>>' needs to have dll-interface to be used by clients of class 'CDB::Application'
D:\Development\CadBerry\CadBerry\CadBerry\src\CadBerry\Application.h(50): message : see declaration of 'std::vector<CDB::Module *,std::allocator<CDB::Module *>>'
D:\Development\CadBerry\CadBerry\CadBerry\src\CadBerry\Application.h(52,15): warning C4251: 'CDB::Application::PathToEXE': class 'std::basic_string<char,std::char_traits<char>,std::allocator<char>>' needs to have dll-interface to be used by clients of class 'CDB::Application'
C:\Program Files (x86)\Microsoft Visual Studio\2019\Community\VC\Tools\MSVC\14.29.30133\include\xstring(4905): message : see declaration of 'std::basic_string<char,std::char_traits<char>,std::allocator<char>>'
D:\Development\CadBerry\CadBerry\CadBerry\src\CadBerry\Application.h(54,15): warning C4251: 'CDB::Application::PreBuildDir': class 'std::basic_string<char,std::char_traits<char>,std::allocator<char>>' needs to have dll-interface to be used by clients of class 'CDB::Application'
C:\Program Files (x86)\Microsoft Visual Studio\2019\Community\VC\Tools\MSVC\14.29.30133\include\xstring(4905): message : see declaration of 'std::basic_string<char,std::char_traits<char>,std::allocator<char>>'
D:\Development\CadBerry\CadBerry\CadBerry\src\CadBerry\Application.h(64,27): warning C4251: 'CDB::Application::VertexArray': class 'CDB::scoped_ptr<CDB::VertexArray>' needs to have dll-interface to be used by clients of class 'CDB::Application'
D:\Development\CadBerry\CadBerry\CadBerry\src\CadBerry\Application.h(64): message : see declaration of 'CDB::scoped_ptr<CDB::VertexArray>'
D:\Development\CadBerry\CadBerry\Modules\VSCodeIntegration\src\Module.cpp(115,14): warning C4251: 'VSCodeIntegrationModule::Viewports': class 'std::basic_string<char,std::char_traits<char>,std::allocator<char>>' needs to have dll-interface to be used by clients of class 'VSCodeIntegrationModule'
C:\Program Files (x86)\Microsoft Visual Studio\2019\Community\VC\Tools\MSVC\14.29.30133\include\xstring(4905): message : see declaration of 'std::basic_string<char,std::char_traits<char>,std::allocator<char>>'
  VSCodeIntegration.vcxproj -> D:\Development\CadBerry\CadBerry\bin\Debug-windows-x86_64\VSCodeIntegration\VSCodeIntegration.dll
          1 file(s) copied.
          1 file(s) copied.
