cl : command line warning D9025: overriding '/MT' with '/MD'
  cdbpch.cpp
cl : command line warning D9025: overriding '/MT' with '/MD'
  Application.cpp
D:\Development\CadBerry\CadBerry\CadBerry\src\CadBerry\Layer.h(21,15): warning C4251: 'CDB::Layer::m_Name': class 'std::basic_string<char,std::char_traits<char>,std::allocator<char>>' needs to have dll-interface to be used by clients of class 'CDB::Layer'
C:\Program Files (x86)\Microsoft Visual Studio\2019\Community\VC\Tools\MSVC\14.29.30133\include\xstring(4905): message : see declaration of 'std::basic_string<char,std::char_traits<char>,std::allocator<char>>'
D:\Development\CadBerry\CadBerry\CadBerry\src\CadBerry\LayerStack.h(23,23): warning C4251: 'CDB::LayerStack::Layers': class 'std::vector<CDB::Layer *,std::allocator<CDB::Layer *>>' needs to have dll-interface to be used by clients of class 'CDB::LayerStack'
D:\Development\CadBerry\CadBerry\CadBerry\src\CadBerry\LayerStack.h(20): message : see declaration of 'std::vector<CDB::Layer *,std::allocator<CDB::Layer *>>'
D:\Development\CadBerry\CadBerry\CadBerry\src\CadBerry\Project\Project.h(14,15): warning C4251: 'CDB::Project::Name': class 'std::basic_string<char,std::char_traits<char>,std::allocator<char>>' needs to have dll-interface to be used by clients of class 'CDB::Project'
C:\Program Files (x86)\Microsoft Visual Studio\2019\Community\VC\Tools\MSVC\14.29.30133\include\xstring(4905): message : see declaration of 'std::basic_string<char,std::char_traits<char>,std::allocator<char>>'
D:\Development\CadBerry\CadBerry\CadBerry\src\CadBerry\Project\Project.h(15,15): warning C4251: 'CDB::Project::Path': class 'std::basic_string<char,std::char_traits<char>,std::allocator<char>>' needs to have dll-interface to be used by clients of class 'CDB::Project'
C:\Program Files (x86)\Microsoft Visual Studio\2019\Community\VC\Tools\MSVC\14.29.30133\include\xstring(4905): message : see declaration of 'std::basic_string<char,std::char_traits<char>,std::allocator<char>>'
D:\Development\CadBerry\CadBerry\CadBerry\src\CadBerry\Project\Project.h(16,15): warning C4251: 'CDB::Project::PreBuildDir': class 'std::basic_string<char,std::char_traits<char>,std::allocator<char>>' needs to have dll-interface to be used by clients of class 'CDB::Project'
C:\Program Files (x86)\Microsoft Visual Studio\2019\Community\VC\Tools\MSVC\14.29.30133\include\xstring(4905): message : see declaration of 'std::basic_string<char,std::char_traits<char>,std::allocator<char>>'
D:\Development\CadBerry\CadBerry\CadBerry\src\CadBerry\Threading\ThreadPool.h(30,21): warning C4251: 'CDB::ThreadPool::IsWaiting': struct 'std::atomic<bool>' needs to have dll-interface to be used by clients of class 'CDB::ThreadPool'
C:\Program Files (x86)\Microsoft Visual Studio\2019\Community\VC\Tools\MSVC\14.29.30133\include\atomic(2859): message : see declaration of 'std::atomic<bool>'
D:\Development\CadBerry\CadBerry\CadBerry\src\CadBerry\Threading\ThreadPool.h(36,59): warning C4251: 'CDB::ThreadPool::StandardTasks': class 'code_machina::BlockingCollection<std::function<void (void)>,code_machina::detail::Container<T,code_machina::detail::QueueType>,code_machina::StdConditionVariableGenerator>' needs to have dll-interface to be used by clients of class 'CDB::ThreadPool'
          with
          [
              T=std::function<void (void)>
          ]
D:\Development\CadBerry\CadBerry\CadBerry\src\CadBerry\Threading\ThreadPool.h(36): message : see declaration of 'code_machina::BlockingCollection<std::function<void (void)>,code_machina::detail::Container<T,code_machina::detail::QueueType>,code_machina::StdConditionVariableGenerator>'
          with
          [
              T=std::function<void (void)>
          ]
D:\Development\CadBerry\CadBerry\CadBerry\src\CadBerry\Threading\ThreadPool.h(37,59): warning C4251: 'CDB::ThreadPool::PriorityTasks': class 'code_machina::BlockingCollection<std::function<void (void)>,code_machina::detail::Container<T,code_machina::detail::QueueType>,code_machina::StdConditionVariableGenerator>' needs to have dll-interface to be used by clients of class 'CDB::ThreadPool'
          with
          [
              T=std::function<void (void)>
          ]
D:\Development\CadBerry\CadBerry\CadBerry\src\CadBerry\Threading\ThreadPool.h(36): message : see declaration of 'code_machina::BlockingCollection<std::function<void (void)>,code_machina::detail::Container<T,code_machina::detail::QueueType>,code_machina::StdConditionVariableGenerator>'
          with
          [
              T=std::function<void (void)>
          ]
D:\Development\CadBerry\CadBerry\CadBerry\src\CadBerry\Threading\ThreadPool.h(38,59): warning C4251: 'CDB::ThreadPool::BackgroundTasks': class 'code_machina::BlockingCollection<std::function<void (void)>,code_machina::detail::Container<T,code_machina::detail::QueueType>,code_machina::StdConditionVariableGenerator>' needs to have dll-interface to be used by clients of class 'CDB::ThreadPool'
          with
          [
              T=std::function<void (void)>
          ]
D:\Development\CadBerry\CadBerry\CadBerry\src\CadBerry\Threading\ThreadPool.h(36): message : see declaration of 'code_machina::BlockingCollection<std::function<void (void)>,code_machina::detail::Container<T,code_machina::detail::QueueType>,code_machina::StdConditionVariableGenerator>'
          with
          [
              T=std::function<void (void)>
          ]
D:\Development\CadBerry\CadBerry\CadBerry\src\CadBerry\Threading\ThreadPool.h(45,28): warning C4251: 'CDB::ThreadPool::WorkerThreads': class 'std::vector<std::thread,std::allocator<std::thread>>' needs to have dll-interface to be used by clients of class 'CDB::ThreadPool'
D:\Development\CadBerry\CadBerry\CadBerry\src\CadBerry\Threading\ThreadPool.h(45): message : see declaration of 'std::vector<std::thread,std::allocator<std::thread>>'
D:\Development\CadBerry\CadBerry\CadBerry\src\CadBerry\Module\Viewport.h(20,15): warning C4251: 'CDB::Viewport::Name': class 'std::basic_string<char,std::char_traits<char>,std::allocator<char>>' needs to have dll-interface to be used by clients of class 'CDB::Viewport'
C:\Program Files (x86)\Microsoft Visual Studio\2019\Community\VC\Tools\MSVC\14.29.30133\include\xstring(4905): message : see declaration of 'std::basic_string<char,std::char_traits<char>,std::allocator<char>>'
D:\Development\CadBerry\CadBerry\CadBerry\src\CadBerry\Module\Module.h(14,15): warning C4251: 'CDB::Module::ModuleName': class 'std::basic_string<char,std::char_traits<char>,std::allocator<char>>' needs to have dll-interface to be used by clients of class 'CDB::Module'
C:\Program Files (x86)\Microsoft Visual Studio\2019\Community\VC\Tools\MSVC\14.29.30133\include\xstring(4905): message : see declaration of 'std::basic_string<char,std::char_traits<char>,std::allocator<char>>'
D:\Development\CadBerry\CadBerry\CadBerry\src\CadBerry\BuildEngine\BuildEngine.h(20,28): warning C4251: 'CDB::BuildEngine::BuildableTypes': class 'std::vector<std::string,std::allocator<std::string>>' needs to have dll-interface to be used by clients of class 'CDB::BuildEngine'
D:\Development\CadBerry\CadBerry\CadBerry\src\CadBerry\BuildEngine\BuildEngine.h(9): message : see declaration of 'std::vector<std::string,std::allocator<std::string>>'
D:\Development\CadBerry\CadBerry\CadBerry\src\CadBerry\BuildEngine\BuildEngine.h(21,28): warning C4251: 'CDB::BuildEngine::OutputTypes': class 'std::vector<std::string,std::allocator<std::string>>' needs to have dll-interface to be used by clients of class 'CDB::BuildEngine'
D:\Development\CadBerry\CadBerry\CadBerry\src\CadBerry\BuildEngine\BuildEngine.h(9): message : see declaration of 'std::vector<std::string,std::allocator<std::string>>'
D:\Development\CadBerry\CadBerry\CadBerry\src\CadBerry\Application.h(46,24): warning C4251: 'CDB::Application::Modules': class 'std::vector<CDB::Module *,std::allocator<CDB::Module *>>' needs to have dll-interface to be used by clients of class 'CDB::Application'
D:\Development\CadBerry\CadBerry\CadBerry\src\CadBerry\Application.h(46): message : see declaration of 'std::vector<CDB::Module *,std::allocator<CDB::Module *>>'
D:\Development\CadBerry\CadBerry\CadBerry\src\CadBerry\Application.h(48,15): warning C4251: 'CDB::Application::PathToEXE': class 'std::basic_string<char,std::char_traits<char>,std::allocator<char>>' needs to have dll-interface to be used by clients of class 'CDB::Application'
C:\Program Files (x86)\Microsoft Visual Studio\2019\Community\VC\Tools\MSVC\14.29.30133\include\xstring(4905): message : see declaration of 'std::basic_string<char,std::char_traits<char>,std::allocator<char>>'
D:\Development\CadBerry\CadBerry\CadBerry\src\CadBerry\Application.h(50,15): warning C4251: 'CDB::Application::PreBuildDir': class 'std::basic_string<char,std::char_traits<char>,std::allocator<char>>' needs to have dll-interface to be used by clients of class 'CDB::Application'
C:\Program Files (x86)\Microsoft Visual Studio\2019\Community\VC\Tools\MSVC\14.29.30133\include\xstring(4905): message : see declaration of 'std::basic_string<char,std::char_traits<char>,std::allocator<char>>'
D:\Development\CadBerry\CadBerry\CadBerry\src\CadBerry\Log.h(16,42): warning C4251: 'CDB::Log::EditorLogger': class 'std::shared_ptr<spdlog::logger>' needs to have dll-interface to be used by clients of class 'CDB::Log'
D:\Development\CadBerry\CadBerry\CadBerry\vendor\spdlog\include\spdlog\details\registry.h(34): message : see declaration of 'std::shared_ptr<spdlog::logger>'
D:\Development\CadBerry\CadBerry\CadBerry\src\CadBerry\Log.h(17,42): warning C4251: 'CDB::Log::BuildLogger': class 'std::shared_ptr<spdlog::logger>' needs to have dll-interface to be used by clients of class 'CDB::Log'
D:\Development\CadBerry\CadBerry\CadBerry\vendor\spdlog\include\spdlog\details\registry.h(34): message : see declaration of 'std::shared_ptr<spdlog::logger>'
  BuildDialog.cpp
D:\Development\CadBerry\CadBerry\CadBerry\src\CadBerry\Layer.h(21,15): warning C4251: 'CDB::Layer::m_Name': class 'std::basic_string<char,std::char_traits<char>,std::allocator<char>>' needs to have dll-interface to be used by clients of class 'CDB::Layer'
C:\Program Files (x86)\Microsoft Visual Studio\2019\Community\VC\Tools\MSVC\14.29.30133\include\xstring(4905): message : see declaration of 'std::basic_string<char,std::char_traits<char>,std::allocator<char>>'
D:\Development\CadBerry\CadBerry\CadBerry\src\CadBerry\LayerStack.h(23,23): warning C4251: 'CDB::LayerStack::Layers': class 'std::vector<CDB::Layer *,std::allocator<CDB::Layer *>>' needs to have dll-interface to be used by clients of class 'CDB::LayerStack'
D:\Development\CadBerry\CadBerry\CadBerry\src\CadBerry\LayerStack.h(20): message : see declaration of 'std::vector<CDB::Layer *,std::allocator<CDB::Layer *>>'
D:\Development\CadBerry\CadBerry\CadBerry\src\CadBerry\Project\Project.h(14,15): warning C4251: 'CDB::Project::Name': class 'std::basic_string<char,std::char_traits<char>,std::allocator<char>>' needs to have dll-interface to be used by clients of class 'CDB::Project'
C:\Program Files (x86)\Microsoft Visual Studio\2019\Community\VC\Tools\MSVC\14.29.30133\include\xstring(4905): message : see declaration of 'std::basic_string<char,std::char_traits<char>,std::allocator<char>>'
D:\Development\CadBerry\CadBerry\CadBerry\src\CadBerry\Project\Project.h(15,15): warning C4251: 'CDB::Project::Path': class 'std::basic_string<char,std::char_traits<char>,std::allocator<char>>' needs to have dll-interface to be used by clients of class 'CDB::Project'
C:\Program Files (x86)\Microsoft Visual Studio\2019\Community\VC\Tools\MSVC\14.29.30133\include\xstring(4905): message : see declaration of 'std::basic_string<char,std::char_traits<char>,std::allocator<char>>'
D:\Development\CadBerry\CadBerry\CadBerry\src\CadBerry\Project\Project.h(16,15): warning C4251: 'CDB::Project::PreBuildDir': class 'std::basic_string<char,std::char_traits<char>,std::allocator<char>>' needs to have dll-interface to be used by clients of class 'CDB::Project'
C:\Program Files (x86)\Microsoft Visual Studio\2019\Community\VC\Tools\MSVC\14.29.30133\include\xstring(4905): message : see declaration of 'std::basic_string<char,std::char_traits<char>,std::allocator<char>>'
D:\Development\CadBerry\CadBerry\CadBerry\src\CadBerry\Threading\ThreadPool.h(30,21): warning C4251: 'CDB::ThreadPool::IsWaiting': struct 'std::atomic<bool>' needs to have dll-interface to be used by clients of class 'CDB::ThreadPool'
C:\Program Files (x86)\Microsoft Visual Studio\2019\Community\VC\Tools\MSVC\14.29.30133\include\atomic(2859): message : see declaration of 'std::atomic<bool>'
D:\Development\CadBerry\CadBerry\CadBerry\src\CadBerry\Threading\ThreadPool.h(36,59): warning C4251: 'CDB::ThreadPool::StandardTasks': class 'code_machina::BlockingCollection<std::function<void (void)>,code_machina::detail::Container<T,code_machina::detail::QueueType>,code_machina::StdConditionVariableGenerator>' needs to have dll-interface to be used by clients of class 'CDB::ThreadPool'
          with
          [
              T=std::function<void (void)>
          ]
D:\Development\CadBerry\CadBerry\CadBerry\src\CadBerry\Threading\ThreadPool.h(36): message : see declaration of 'code_machina::BlockingCollection<std::function<void (void)>,code_machina::detail::Container<T,code_machina::detail::QueueType>,code_machina::StdConditionVariableGenerator>'
          with
          [
              T=std::function<void (void)>
          ]
D:\Development\CadBerry\CadBerry\CadBerry\src\CadBerry\Threading\ThreadPool.h(37,59): warning C4251: 'CDB::ThreadPool::PriorityTasks': class 'code_machina::BlockingCollection<std::function<void (void)>,code_machina::detail::Container<T,code_machina::detail::QueueType>,code_machina::StdConditionVariableGenerator>' needs to have dll-interface to be used by clients of class 'CDB::ThreadPool'
          with
          [
              T=std::function<void (void)>
          ]
D:\Development\CadBerry\CadBerry\CadBerry\src\CadBerry\Threading\ThreadPool.h(36): message : see declaration of 'code_machina::BlockingCollection<std::function<void (void)>,code_machina::detail::Container<T,code_machina::detail::QueueType>,code_machina::StdConditionVariableGenerator>'
          with
          [
              T=std::function<void (void)>
          ]
D:\Development\CadBerry\CadBerry\CadBerry\src\CadBerry\Threading\ThreadPool.h(38,59): warning C4251: 'CDB::ThreadPool::BackgroundTasks': class 'code_machina::BlockingCollection<std::function<void (void)>,code_machina::detail::Container<T,code_machina::detail::QueueType>,code_machina::StdConditionVariableGenerator>' needs to have dll-interface to be used by clients of class 'CDB::ThreadPool'
          with
          [
              T=std::function<void (void)>
          ]
D:\Development\CadBerry\CadBerry\CadBerry\src\CadBerry\Threading\ThreadPool.h(36): message : see declaration of 'code_machina::BlockingCollection<std::function<void (void)>,code_machina::detail::Container<T,code_machina::detail::QueueType>,code_machina::StdConditionVariableGenerator>'
          with
          [
              T=std::function<void (void)>
          ]
D:\Development\CadBerry\CadBerry\CadBerry\src\CadBerry\Threading\ThreadPool.h(45,28): warning C4251: 'CDB::ThreadPool::WorkerThreads': class 'std::vector<std::thread,std::allocator<std::thread>>' needs to have dll-interface to be used by clients of class 'CDB::ThreadPool'
D:\Development\CadBerry\CadBerry\CadBerry\src\CadBerry\Threading\ThreadPool.h(45): message : see declaration of 'std::vector<std::thread,std::allocator<std::thread>>'
D:\Development\CadBerry\CadBerry\CadBerry\src\CadBerry\Module\Viewport.h(20,15): warning C4251: 'CDB::Viewport::Name': class 'std::basic_string<char,std::char_traits<char>,std::allocator<char>>' needs to have dll-interface to be used by clients of class 'CDB::Viewport'
C:\Program Files (x86)\Microsoft Visual Studio\2019\Community\VC\Tools\MSVC\14.29.30133\include\xstring(4905): message : see declaration of 'std::basic_string<char,std::char_traits<char>,std::allocator<char>>'
D:\Development\CadBerry\CadBerry\CadBerry\src\CadBerry\Module\Module.h(14,15): warning C4251: 'CDB::Module::ModuleName': class 'std::basic_string<char,std::char_traits<char>,std::allocator<char>>' needs to have dll-interface to be used by clients of class 'CDB::Module'
C:\Program Files (x86)\Microsoft Visual Studio\2019\Community\VC\Tools\MSVC\14.29.30133\include\xstring(4905): message : see declaration of 'std::basic_string<char,std::char_traits<char>,std::allocator<char>>'
D:\Development\CadBerry\CadBerry\CadBerry\src\CadBerry\BuildEngine\BuildEngine.h(20,28): warning C4251: 'CDB::BuildEngine::BuildableTypes': class 'std::vector<std::string,std::allocator<std::string>>' needs to have dll-interface to be used by clients of class 'CDB::BuildEngine'
D:\Development\CadBerry\CadBerry\CadBerry\src\CadBerry\BuildEngine\BuildEngine.h(9): message : see declaration of 'std::vector<std::string,std::allocator<std::string>>'
D:\Development\CadBerry\CadBerry\CadBerry\src\CadBerry\BuildEngine\BuildEngine.h(21,28): warning C4251: 'CDB::BuildEngine::OutputTypes': class 'std::vector<std::string,std::allocator<std::string>>' needs to have dll-interface to be used by clients of class 'CDB::BuildEngine'
D:\Development\CadBerry\CadBerry\CadBerry\src\CadBerry\BuildEngine\BuildEngine.h(9): message : see declaration of 'std::vector<std::string,std::allocator<std::string>>'
D:\Development\CadBerry\CadBerry\CadBerry\src\CadBerry\Application.h(46,24): warning C4251: 'CDB::Application::Modules': class 'std::vector<CDB::Module *,std::allocator<CDB::Module *>>' needs to have dll-interface to be used by clients of class 'CDB::Application'
D:\Development\CadBerry\CadBerry\CadBerry\src\CadBerry\Application.h(46): message : see declaration of 'std::vector<CDB::Module *,std::allocator<CDB::Module *>>'
D:\Development\CadBerry\CadBerry\CadBerry\src\CadBerry\Application.h(48,15): warning C4251: 'CDB::Application::PathToEXE': class 'std::basic_string<char,std::char_traits<char>,std::allocator<char>>' needs to have dll-interface to be used by clients of class 'CDB::Application'
C:\Program Files (x86)\Microsoft Visual Studio\2019\Community\VC\Tools\MSVC\14.29.30133\include\xstring(4905): message : see declaration of 'std::basic_string<char,std::char_traits<char>,std::allocator<char>>'
D:\Development\CadBerry\CadBerry\CadBerry\src\CadBerry\Application.h(50,15): warning C4251: 'CDB::Application::PreBuildDir': class 'std::basic_string<char,std::char_traits<char>,std::allocator<char>>' needs to have dll-interface to be used by clients of class 'CDB::Application'
C:\Program Files (x86)\Microsoft Visual Studio\2019\Community\VC\Tools\MSVC\14.29.30133\include\xstring(4905): message : see declaration of 'std::basic_string<char,std::char_traits<char>,std::allocator<char>>'
D:\Development\CadBerry\CadBerry\CadBerry\src\CadBerry\Log.h(16,42): warning C4251: 'CDB::Log::EditorLogger': class 'std::shared_ptr<spdlog::logger>' needs to have dll-interface to be used by clients of class 'CDB::Log'
D:\Development\CadBerry\CadBerry\CadBerry\vendor\spdlog\include\spdlog\details\registry.h(34): message : see declaration of 'std::shared_ptr<spdlog::logger>'
D:\Development\CadBerry\CadBerry\CadBerry\src\CadBerry\Log.h(17,42): warning C4251: 'CDB::Log::BuildLogger': class 'std::shared_ptr<spdlog::logger>' needs to have dll-interface to be used by clients of class 'CDB::Log'
D:\Development\CadBerry\CadBerry\CadBerry\vendor\spdlog\include\spdlog\details\registry.h(34): message : see declaration of 'std::shared_ptr<spdlog::logger>'
D:\Development\CadBerry\CadBerry\CadBerry\src\CadBerry\BuildEngine\BuildDialog.cpp(34,99): warning C4267: 'argument': conversion from 'size_t' to 'int', possible loss of data
  ImGuiBuild.cpp
D:\Development\CadBerry\CadBerry\CadBerry\vendor\IMGUI\backends\imgui_impl_opengl3.cpp(249,5): warning C4996: 'strcpy': This function or variable may be unsafe. Consider using strcpy_s instead. To disable deprecation, use _CRT_SECURE_NO_WARNINGS. See online help for details.
D:\Development\CadBerry\CadBerry\CadBerry\vendor\IMGUI\backends\imgui_impl_opengl3.cpp(250,5): warning C4996: 'strcat': This function or variable may be unsafe. Consider using strcat_s instead. To disable deprecation, use _CRT_SECURE_NO_WARNINGS. See online help for details.
D:\Development\CadBerry\CadBerry\CadBerry\vendor\IMGUI\backends\imgui_impl_opengl3.cpp(221,9): warning C4996: 'sscanf': This function or variable may be unsafe. Consider using sscanf_s instead. To disable deprecation, use _CRT_SECURE_NO_WARNINGS. See online help for details.
D:\Development\CadBerry\CadBerry\CadBerry\vendor\IMGUI\backends\imgui_impl_opengl3.cpp(608,5): warning C4996: 'sscanf': This function or variable may be unsafe. Consider using sscanf_s instead. To disable deprecation, use _CRT_SECURE_NO_WARNINGS. See online help for details.
  ImGuiLayer.cpp
D:\Development\CadBerry\CadBerry\CadBerry\src\CadBerry\Layer.h(21,15): warning C4251: 'CDB::Layer::m_Name': class 'std::basic_string<char,std::char_traits<char>,std::allocator<char>>' needs to have dll-interface to be used by clients of class 'CDB::Layer'
C:\Program Files (x86)\Microsoft Visual Studio\2019\Community\VC\Tools\MSVC\14.29.30133\include\xstring(4905): message : see declaration of 'std::basic_string<char,std::char_traits<char>,std::allocator<char>>'
D:\Development\CadBerry\CadBerry\CadBerry\src\CadBerry\LayerStack.h(23,23): warning C4251: 'CDB::LayerStack::Layers': class 'std::vector<CDB::Layer *,std::allocator<CDB::Layer *>>' needs to have dll-interface to be used by clients of class 'CDB::LayerStack'
D:\Development\CadBerry\CadBerry\CadBerry\src\CadBerry\LayerStack.h(20): message : see declaration of 'std::vector<CDB::Layer *,std::allocator<CDB::Layer *>>'
D:\Development\CadBerry\CadBerry\CadBerry\src\CadBerry\Project\Project.h(14,15): warning C4251: 'CDB::Project::Name': class 'std::basic_string<char,std::char_traits<char>,std::allocator<char>>' needs to have dll-interface to be used by clients of class 'CDB::Project'
C:\Program Files (x86)\Microsoft Visual Studio\2019\Community\VC\Tools\MSVC\14.29.30133\include\xstring(4905): message : see declaration of 'std::basic_string<char,std::char_traits<char>,std::allocator<char>>'
D:\Development\CadBerry\CadBerry\CadBerry\src\CadBerry\Project\Project.h(15,15): warning C4251: 'CDB::Project::Path': class 'std::basic_string<char,std::char_traits<char>,std::allocator<char>>' needs to have dll-interface to be used by clients of class 'CDB::Project'
C:\Program Files (x86)\Microsoft Visual Studio\2019\Community\VC\Tools\MSVC\14.29.30133\include\xstring(4905): message : see declaration of 'std::basic_string<char,std::char_traits<char>,std::allocator<char>>'
D:\Development\CadBerry\CadBerry\CadBerry\src\CadBerry\Project\Project.h(16,15): warning C4251: 'CDB::Project::PreBuildDir': class 'std::basic_string<char,std::char_traits<char>,std::allocator<char>>' needs to have dll-interface to be used by clients of class 'CDB::Project'
C:\Program Files (x86)\Microsoft Visual Studio\2019\Community\VC\Tools\MSVC\14.29.30133\include\xstring(4905): message : see declaration of 'std::basic_string<char,std::char_traits<char>,std::allocator<char>>'
D:\Development\CadBerry\CadBerry\CadBerry\src\CadBerry\Threading\ThreadPool.h(30,21): warning C4251: 'CDB::ThreadPool::IsWaiting': struct 'std::atomic<bool>' needs to have dll-interface to be used by clients of class 'CDB::ThreadPool'
C:\Program Files (x86)\Microsoft Visual Studio\2019\Community\VC\Tools\MSVC\14.29.30133\include\atomic(2859): message : see declaration of 'std::atomic<bool>'
D:\Development\CadBerry\CadBerry\CadBerry\src\CadBerry\Threading\ThreadPool.h(36,59): warning C4251: 'CDB::ThreadPool::StandardTasks': class 'code_machina::BlockingCollection<std::function<void (void)>,code_machina::detail::Container<T,code_machina::detail::QueueType>,code_machina::StdConditionVariableGenerator>' needs to have dll-interface to be used by clients of class 'CDB::ThreadPool'
          with
          [
              T=std::function<void (void)>
          ]
D:\Development\CadBerry\CadBerry\CadBerry\src\CadBerry\Threading\ThreadPool.h(36): message : see declaration of 'code_machina::BlockingCollection<std::function<void (void)>,code_machina::detail::Container<T,code_machina::detail::QueueType>,code_machina::StdConditionVariableGenerator>'
          with
          [
              T=std::function<void (void)>
          ]
D:\Development\CadBerry\CadBerry\CadBerry\src\CadBerry\Threading\ThreadPool.h(37,59): warning C4251: 'CDB::ThreadPool::PriorityTasks': class 'code_machina::BlockingCollection<std::function<void (void)>,code_machina::detail::Container<T,code_machina::detail::QueueType>,code_machina::StdConditionVariableGenerator>' needs to have dll-interface to be used by clients of class 'CDB::ThreadPool'
          with
          [
              T=std::function<void (void)>
          ]
D:\Development\CadBerry\CadBerry\CadBerry\src\CadBerry\Threading\ThreadPool.h(36): message : see declaration of 'code_machina::BlockingCollection<std::function<void (void)>,code_machina::detail::Container<T,code_machina::detail::QueueType>,code_machina::StdConditionVariableGenerator>'
          with
          [
              T=std::function<void (void)>
          ]
D:\Development\CadBerry\CadBerry\CadBerry\src\CadBerry\Threading\ThreadPool.h(38,59): warning C4251: 'CDB::ThreadPool::BackgroundTasks': class 'code_machina::BlockingCollection<std::function<void (void)>,code_machina::detail::Container<T,code_machina::detail::QueueType>,code_machina::StdConditionVariableGenerator>' needs to have dll-interface to be used by clients of class 'CDB::ThreadPool'
          with
          [
              T=std::function<void (void)>
          ]
D:\Development\CadBerry\CadBerry\CadBerry\src\CadBerry\Threading\ThreadPool.h(36): message : see declaration of 'code_machina::BlockingCollection<std::function<void (void)>,code_machina::detail::Container<T,code_machina::detail::QueueType>,code_machina::StdConditionVariableGenerator>'
          with
          [
              T=std::function<void (void)>
          ]
D:\Development\CadBerry\CadBerry\CadBerry\src\CadBerry\Threading\ThreadPool.h(45,28): warning C4251: 'CDB::ThreadPool::WorkerThreads': class 'std::vector<std::thread,std::allocator<std::thread>>' needs to have dll-interface to be used by clients of class 'CDB::ThreadPool'
D:\Development\CadBerry\CadBerry\CadBerry\src\CadBerry\Threading\ThreadPool.h(45): message : see declaration of 'std::vector<std::thread,std::allocator<std::thread>>'
D:\Development\CadBerry\CadBerry\CadBerry\src\CadBerry\Module\Viewport.h(20,15): warning C4251: 'CDB::Viewport::Name': class 'std::basic_string<char,std::char_traits<char>,std::allocator<char>>' needs to have dll-interface to be used by clients of class 'CDB::Viewport'
C:\Program Files (x86)\Microsoft Visual Studio\2019\Community\VC\Tools\MSVC\14.29.30133\include\xstring(4905): message : see declaration of 'std::basic_string<char,std::char_traits<char>,std::allocator<char>>'
D:\Development\CadBerry\CadBerry\CadBerry\src\CadBerry\Module\Module.h(14,15): warning C4251: 'CDB::Module::ModuleName': class 'std::basic_string<char,std::char_traits<char>,std::allocator<char>>' needs to have dll-interface to be used by clients of class 'CDB::Module'
C:\Program Files (x86)\Microsoft Visual Studio\2019\Community\VC\Tools\MSVC\14.29.30133\include\xstring(4905): message : see declaration of 'std::basic_string<char,std::char_traits<char>,std::allocator<char>>'
D:\Development\CadBerry\CadBerry\CadBerry\src\CadBerry\BuildEngine\BuildEngine.h(20,28): warning C4251: 'CDB::BuildEngine::BuildableTypes': class 'std::vector<std::string,std::allocator<std::string>>' needs to have dll-interface to be used by clients of class 'CDB::BuildEngine'
D:\Development\CadBerry\CadBerry\CadBerry\src\CadBerry\BuildEngine\BuildEngine.h(9): message : see declaration of 'std::vector<std::string,std::allocator<std::string>>'
D:\Development\CadBerry\CadBerry\CadBerry\src\CadBerry\BuildEngine\BuildEngine.h(21,28): warning C4251: 'CDB::BuildEngine::OutputTypes': class 'std::vector<std::string,std::allocator<std::string>>' needs to have dll-interface to be used by clients of class 'CDB::BuildEngine'
D:\Development\CadBerry\CadBerry\CadBerry\src\CadBerry\BuildEngine\BuildEngine.h(9): message : see declaration of 'std::vector<std::string,std::allocator<std::string>>'
D:\Development\CadBerry\CadBerry\CadBerry\src\CadBerry\Application.h(46,24): warning C4251: 'CDB::Application::Modules': class 'std::vector<CDB::Module *,std::allocator<CDB::Module *>>' needs to have dll-interface to be used by clients of class 'CDB::Application'
D:\Development\CadBerry\CadBerry\CadBerry\src\CadBerry\Application.h(46): message : see declaration of 'std::vector<CDB::Module *,std::allocator<CDB::Module *>>'
D:\Development\CadBerry\CadBerry\CadBerry\src\CadBerry\Application.h(48,15): warning C4251: 'CDB::Application::PathToEXE': class 'std::basic_string<char,std::char_traits<char>,std::allocator<char>>' needs to have dll-interface to be used by clients of class 'CDB::Application'
C:\Program Files (x86)\Microsoft Visual Studio\2019\Community\VC\Tools\MSVC\14.29.30133\include\xstring(4905): message : see declaration of 'std::basic_string<char,std::char_traits<char>,std::allocator<char>>'
D:\Development\CadBerry\CadBerry\CadBerry\src\CadBerry\Application.h(50,15): warning C4251: 'CDB::Application::PreBuildDir': class 'std::basic_string<char,std::char_traits<char>,std::allocator<char>>' needs to have dll-interface to be used by clients of class 'CDB::Application'
C:\Program Files (x86)\Microsoft Visual Studio\2019\Community\VC\Tools\MSVC\14.29.30133\include\xstring(4905): message : see declaration of 'std::basic_string<char,std::char_traits<char>,std::allocator<char>>'
D:\Development\CadBerry\CadBerry\CadBerry\src\CadBerry\ImGui\ImGuiLayer.cpp(5,1): warning C4005: 'IMGUI_IMPL_API': macro redefinition
D:\Development\CadBerry\CadBerry\CadBerry\vendor\IMGUI\imgui.h(79): message : see previous definition of 'IMGUI_IMPL_API'
D:\Development\CadBerry\CadBerry\CadBerry\src\CadBerry\ImGui\ImGuiLayer.cpp(75,80): warning C4244: 'argument': conversion from 'unsigned int' to 'float', possible loss of data
D:\Development\CadBerry\CadBerry\CadBerry\src\CadBerry\ImGui\ImGuiLayer.cpp(75,51): warning C4244: 'argument': conversion from 'unsigned int' to 'float', possible loss of data
  Layer.cpp
D:\Development\CadBerry\CadBerry\CadBerry\src\CadBerry\Layer.h(21,15): warning C4251: 'CDB::Layer::m_Name': class 'std::basic_string<char,std::char_traits<char>,std::allocator<char>>' needs to have dll-interface to be used by clients of class 'CDB::Layer'
C:\Program Files (x86)\Microsoft Visual Studio\2019\Community\VC\Tools\MSVC\14.29.30133\include\xstring(4905): message : see declaration of 'std::basic_string<char,std::char_traits<char>,std::allocator<char>>'
  LayerStack.cpp
D:\Development\CadBerry\CadBerry\CadBerry\src\CadBerry\Layer.h(21,15): warning C4251: 'CDB::Layer::m_Name': class 'std::basic_string<char,std::char_traits<char>,std::allocator<char>>' needs to have dll-interface to be used by clients of class 'CDB::Layer'
C:\Program Files (x86)\Microsoft Visual Studio\2019\Community\VC\Tools\MSVC\14.29.30133\include\xstring(4905): message : see declaration of 'std::basic_string<char,std::char_traits<char>,std::allocator<char>>'
D:\Development\CadBerry\CadBerry\CadBerry\src\CadBerry\LayerStack.h(23,23): warning C4251: 'CDB::LayerStack::Layers': class 'std::vector<CDB::Layer *,std::allocator<CDB::Layer *>>' needs to have dll-interface to be used by clients of class 'CDB::LayerStack'
D:\Development\CadBerry\CadBerry\CadBerry\src\CadBerry\LayerStack.h(20): message : see declaration of 'std::vector<CDB::Layer *,std::allocator<CDB::Layer *>>'
D:\Development\CadBerry\CadBerry\CadBerry\src\CadBerry\Log.h(16,42): warning C4251: 'CDB::Log::EditorLogger': class 'std::shared_ptr<spdlog::logger>' needs to have dll-interface to be used by clients of class 'CDB::Log'
D:\Development\CadBerry\CadBerry\CadBerry\vendor\spdlog\include\spdlog\details\registry.h(34): message : see declaration of 'std::shared_ptr<spdlog::logger>'
D:\Development\CadBerry\CadBerry\CadBerry\src\CadBerry\Log.h(17,42): warning C4251: 'CDB::Log::BuildLogger': class 'std::shared_ptr<spdlog::logger>' needs to have dll-interface to be used by clients of class 'CDB::Log'
D:\Development\CadBerry\CadBerry\CadBerry\vendor\spdlog\include\spdlog\details\registry.h(34): message : see declaration of 'std::shared_ptr<spdlog::logger>'
  Log.cpp
D:\Development\CadBerry\CadBerry\CadBerry\src\CadBerry\Log.h(16,42): warning C4251: 'CDB::Log::EditorLogger': class 'std::shared_ptr<spdlog::logger>' needs to have dll-interface to be used by clients of class 'CDB::Log'
D:\Development\CadBerry\CadBerry\CadBerry\vendor\spdlog\include\spdlog\details\registry.h(34): message : see declaration of 'std::shared_ptr<spdlog::logger>'
D:\Development\CadBerry\CadBerry\CadBerry\src\CadBerry\Log.h(17,42): warning C4251: 'CDB::Log::BuildLogger': class 'std::shared_ptr<spdlog::logger>' needs to have dll-interface to be used by clients of class 'CDB::Log'
D:\Development\CadBerry\CadBerry\CadBerry\vendor\spdlog\include\spdlog\details\registry.h(34): message : see declaration of 'std::shared_ptr<spdlog::logger>'
  Viewport.cpp
D:\Development\CadBerry\CadBerry\CadBerry\src\CadBerry\Layer.h(21,15): warning C4251: 'CDB::Layer::m_Name': class 'std::basic_string<char,std::char_traits<char>,std::allocator<char>>' needs to have dll-interface to be used by clients of class 'CDB::Layer'
C:\Program Files (x86)\Microsoft Visual Studio\2019\Community\VC\Tools\MSVC\14.29.30133\include\xstring(4905): message : see declaration of 'std::basic_string<char,std::char_traits<char>,std::allocator<char>>'
D:\Development\CadBerry\CadBerry\CadBerry\src\CadBerry\Module\Viewport.h(20,15): warning C4251: 'CDB::Viewport::Name': class 'std::basic_string<char,std::char_traits<char>,std::allocator<char>>' needs to have dll-interface to be used by clients of class 'CDB::Viewport'
C:\Program Files (x86)\Microsoft Visual Studio\2019\Community\VC\Tools\MSVC\14.29.30133\include\xstring(4905): message : see declaration of 'std::basic_string<char,std::char_traits<char>,std::allocator<char>>'
D:\Development\CadBerry\CadBerry\CadBerry\src\CadBerry\Log.h(16,42): warning C4251: 'CDB::Log::EditorLogger': class 'std::shared_ptr<spdlog::logger>' needs to have dll-interface to be used by clients of class 'CDB::Log'
D:\Development\CadBerry\CadBerry\CadBerry\vendor\spdlog\include\spdlog\details\registry.h(34): message : see declaration of 'std::shared_ptr<spdlog::logger>'
D:\Development\CadBerry\CadBerry\CadBerry\src\CadBerry\Log.h(17,42): warning C4251: 'CDB::Log::BuildLogger': class 'std::shared_ptr<spdlog::logger>' needs to have dll-interface to be used by clients of class 'CDB::Log'
D:\Development\CadBerry\CadBerry\CadBerry\vendor\spdlog\include\spdlog\details\registry.h(34): message : see declaration of 'std::shared_ptr<spdlog::logger>'
D:\Development\CadBerry\CadBerry\CadBerry\src\CadBerry\Module\Module.h(14,15): warning C4251: 'CDB::Module::ModuleName': class 'std::basic_string<char,std::char_traits<char>,std::allocator<char>>' needs to have dll-interface to be used by clients of class 'CDB::Module'
C:\Program Files (x86)\Microsoft Visual Studio\2019\Community\VC\Tools\MSVC\14.29.30133\include\xstring(4905): message : see declaration of 'std::basic_string<char,std::char_traits<char>,std::allocator<char>>'
D:\Development\CadBerry\CadBerry\CadBerry\src\CadBerry\LayerStack.h(23,23): warning C4251: 'CDB::LayerStack::Layers': class 'std::vector<CDB::Layer *,std::allocator<CDB::Layer *>>' needs to have dll-interface to be used by clients of class 'CDB::LayerStack'
D:\Development\CadBerry\CadBerry\CadBerry\src\CadBerry\LayerStack.h(20): message : see declaration of 'std::vector<CDB::Layer *,std::allocator<CDB::Layer *>>'
D:\Development\CadBerry\CadBerry\CadBerry\src\CadBerry\Project\Project.h(14,15): warning C4251: 'CDB::Project::Name': class 'std::basic_string<char,std::char_traits<char>,std::allocator<char>>' needs to have dll-interface to be used by clients of class 'CDB::Project'
C:\Program Files (x86)\Microsoft Visual Studio\2019\Community\VC\Tools\MSVC\14.29.30133\include\xstring(4905): message : see declaration of 'std::basic_string<char,std::char_traits<char>,std::allocator<char>>'
D:\Development\CadBerry\CadBerry\CadBerry\src\CadBerry\Project\Project.h(15,15): warning C4251: 'CDB::Project::Path': class 'std::basic_string<char,std::char_traits<char>,std::allocator<char>>' needs to have dll-interface to be used by clients of class 'CDB::Project'
C:\Program Files (x86)\Microsoft Visual Studio\2019\Community\VC\Tools\MSVC\14.29.30133\include\xstring(4905): message : see declaration of 'std::basic_string<char,std::char_traits<char>,std::allocator<char>>'
D:\Development\CadBerry\CadBerry\CadBerry\src\CadBerry\Project\Project.h(16,15): warning C4251: 'CDB::Project::PreBuildDir': class 'std::basic_string<char,std::char_traits<char>,std::allocator<char>>' needs to have dll-interface to be used by clients of class 'CDB::Project'
C:\Program Files (x86)\Microsoft Visual Studio\2019\Community\VC\Tools\MSVC\14.29.30133\include\xstring(4905): message : see declaration of 'std::basic_string<char,std::char_traits<char>,std::allocator<char>>'
D:\Development\CadBerry\CadBerry\CadBerry\src\CadBerry\Threading\ThreadPool.h(30,21): warning C4251: 'CDB::ThreadPool::IsWaiting': struct 'std::atomic<bool>' needs to have dll-interface to be used by clients of class 'CDB::ThreadPool'
C:\Program Files (x86)\Microsoft Visual Studio\2019\Community\VC\Tools\MSVC\14.29.30133\include\atomic(2859): message : see declaration of 'std::atomic<bool>'
D:\Development\CadBerry\CadBerry\CadBerry\src\CadBerry\Threading\ThreadPool.h(36,59): warning C4251: 'CDB::ThreadPool::StandardTasks': class 'code_machina::BlockingCollection<std::function<void (void)>,code_machina::detail::Container<T,code_machina::detail::QueueType>,code_machina::StdConditionVariableGenerator>' needs to have dll-interface to be used by clients of class 'CDB::ThreadPool'
          with
          [
              T=std::function<void (void)>
          ]
D:\Development\CadBerry\CadBerry\CadBerry\src\CadBerry\Threading\ThreadPool.h(36): message : see declaration of 'code_machina::BlockingCollection<std::function<void (void)>,code_machina::detail::Container<T,code_machina::detail::QueueType>,code_machina::StdConditionVariableGenerator>'
          with
          [
              T=std::function<void (void)>
          ]
D:\Development\CadBerry\CadBerry\CadBerry\src\CadBerry\Threading\ThreadPool.h(37,59): warning C4251: 'CDB::ThreadPool::PriorityTasks': class 'code_machina::BlockingCollection<std::function<void (void)>,code_machina::detail::Container<T,code_machina::detail::QueueType>,code_machina::StdConditionVariableGenerator>' needs to have dll-interface to be used by clients of class 'CDB::ThreadPool'
          with
          [
              T=std::function<void (void)>
          ]
D:\Development\CadBerry\CadBerry\CadBerry\src\CadBerry\Threading\ThreadPool.h(36): message : see declaration of 'code_machina::BlockingCollection<std::function<void (void)>,code_machina::detail::Container<T,code_machina::detail::QueueType>,code_machina::StdConditionVariableGenerator>'
          with
          [
              T=std::function<void (void)>
          ]
D:\Development\CadBerry\CadBerry\CadBerry\src\CadBerry\Threading\ThreadPool.h(38,59): warning C4251: 'CDB::ThreadPool::BackgroundTasks': class 'code_machina::BlockingCollection<std::function<void (void)>,code_machina::detail::Container<T,code_machina::detail::QueueType>,code_machina::StdConditionVariableGenerator>' needs to have dll-interface to be used by clients of class 'CDB::ThreadPool'
          with
          [
              T=std::function<void (void)>
          ]
D:\Development\CadBerry\CadBerry\CadBerry\src\CadBerry\Threading\ThreadPool.h(36): message : see declaration of 'code_machina::BlockingCollection<std::function<void (void)>,code_machina::detail::Container<T,code_machina::detail::QueueType>,code_machina::StdConditionVariableGenerator>'
          with
          [
              T=std::function<void (void)>
          ]
D:\Development\CadBerry\CadBerry\CadBerry\src\CadBerry\Threading\ThreadPool.h(45,28): warning C4251: 'CDB::ThreadPool::WorkerThreads': class 'std::vector<std::thread,std::allocator<std::thread>>' needs to have dll-interface to be used by clients of class 'CDB::ThreadPool'
D:\Development\CadBerry\CadBerry\CadBerry\src\CadBerry\Threading\ThreadPool.h(45): message : see declaration of 'std::vector<std::thread,std::allocator<std::thread>>'
D:\Development\CadBerry\CadBerry\CadBerry\src\CadBerry\BuildEngine\BuildEngine.h(20,28): warning C4251: 'CDB::BuildEngine::BuildableTypes': class 'std::vector<std::string,std::allocator<std::string>>' needs to have dll-interface to be used by clients of class 'CDB::BuildEngine'
D:\Development\CadBerry\CadBerry\CadBerry\src\CadBerry\BuildEngine\BuildEngine.h(9): message : see declaration of 'std::vector<std::string,std::allocator<std::string>>'
D:\Development\CadBerry\CadBerry\CadBerry\src\CadBerry\BuildEngine\BuildEngine.h(21,28): warning C4251: 'CDB::BuildEngine::OutputTypes': class 'std::vector<std::string,std::allocator<std::string>>' needs to have dll-interface to be used by clients of class 'CDB::BuildEngine'
D:\Development\CadBerry\CadBerry\CadBerry\src\CadBerry\BuildEngine\BuildEngine.h(9): message : see declaration of 'std::vector<std::string,std::allocator<std::string>>'
D:\Development\CadBerry\CadBerry\CadBerry\src\CadBerry\Application.h(46,24): warning C4251: 'CDB::Application::Modules': class 'std::vector<CDB::Module *,std::allocator<CDB::Module *>>' needs to have dll-interface to be used by clients of class 'CDB::Application'
D:\Development\CadBerry\CadBerry\CadBerry\src\CadBerry\Application.h(46): message : see declaration of 'std::vector<CDB::Module *,std::allocator<CDB::Module *>>'
D:\Development\CadBerry\CadBerry\CadBerry\src\CadBerry\Application.h(48,15): warning C4251: 'CDB::Application::PathToEXE': class 'std::basic_string<char,std::char_traits<char>,std::allocator<char>>' needs to have dll-interface to be used by clients of class 'CDB::Application'
C:\Program Files (x86)\Microsoft Visual Studio\2019\Community\VC\Tools\MSVC\14.29.30133\include\xstring(4905): message : see declaration of 'std::basic_string<char,std::char_traits<char>,std::allocator<char>>'
D:\Development\CadBerry\CadBerry\CadBerry\src\CadBerry\Application.h(50,15): warning C4251: 'CDB::Application::PreBuildDir': class 'std::basic_string<char,std::char_traits<char>,std::allocator<char>>' needs to have dll-interface to be used by clients of class 'CDB::Application'
C:\Program Files (x86)\Microsoft Visual Studio\2019\Community\VC\Tools\MSVC\14.29.30133\include\xstring(4905): message : see declaration of 'std::basic_string<char,std::char_traits<char>,std::allocator<char>>'
  OpenGLContext.cpp
D:\Development\CadBerry\CadBerry\CadBerry\src\CadBerry\Layer.h(21,15): warning C4251: 'CDB::Layer::m_Name': class 'std::basic_string<char,std::char_traits<char>,std::allocator<char>>' needs to have dll-interface to be used by clients of class 'CDB::Layer'
C:\Program Files (x86)\Microsoft Visual Studio\2019\Community\VC\Tools\MSVC\14.29.30133\include\xstring(4905): message : see declaration of 'std::basic_string<char,std::char_traits<char>,std::allocator<char>>'
D:\Development\CadBerry\CadBerry\CadBerry\src\CadBerry\LayerStack.h(23,23): warning C4251: 'CDB::LayerStack::Layers': class 'std::vector<CDB::Layer *,std::allocator<CDB::Layer *>>' needs to have dll-interface to be used by clients of class 'CDB::LayerStack'
D:\Development\CadBerry\CadBerry\CadBerry\src\CadBerry\LayerStack.h(20): message : see declaration of 'std::vector<CDB::Layer *,std::allocator<CDB::Layer *>>'
D:\Development\CadBerry\CadBerry\CadBerry\src\CadBerry\Log.h(16,42): warning C4251: 'CDB::Log::EditorLogger': class 'std::shared_ptr<spdlog::logger>' needs to have dll-interface to be used by clients of class 'CDB::Log'
D:\Development\CadBerry\CadBerry\CadBerry\vendor\spdlog\include\spdlog\details\registry.h(34): message : see declaration of 'std::shared_ptr<spdlog::logger>'
D:\Development\CadBerry\CadBerry\CadBerry\src\CadBerry\Log.h(17,42): warning C4251: 'CDB::Log::BuildLogger': class 'std::shared_ptr<spdlog::logger>' needs to have dll-interface to be used by clients of class 'CDB::Log'
D:\Development\CadBerry\CadBerry\CadBerry\vendor\spdlog\include\spdlog\details\registry.h(34): message : see declaration of 'std::shared_ptr<spdlog::logger>'
  WindowsInput.cpp
D:\Development\CadBerry\CadBerry\CadBerry\src\CadBerry\Layer.h(21,15): warning C4251: 'CDB::Layer::m_Name': class 'std::basic_string<char,std::char_traits<char>,std::allocator<char>>' needs to have dll-interface to be used by clients of class 'CDB::Layer'
C:\Program Files (x86)\Microsoft Visual Studio\2019\Community\VC\Tools\MSVC\14.29.30133\include\xstring(4905): message : see declaration of 'std::basic_string<char,std::char_traits<char>,std::allocator<char>>'
D:\Development\CadBerry\CadBerry\CadBerry\src\CadBerry\LayerStack.h(23,23): warning C4251: 'CDB::LayerStack::Layers': class 'std::vector<CDB::Layer *,std::allocator<CDB::Layer *>>' needs to have dll-interface to be used by clients of class 'CDB::LayerStack'
D:\Development\CadBerry\CadBerry\CadBerry\src\CadBerry\LayerStack.h(20): message : see declaration of 'std::vector<CDB::Layer *,std::allocator<CDB::Layer *>>'
D:\Development\CadBerry\CadBerry\CadBerry\src\CadBerry\Project\Project.h(14,15): warning C4251: 'CDB::Project::Name': class 'std::basic_string<char,std::char_traits<char>,std::allocator<char>>' needs to have dll-interface to be used by clients of class 'CDB::Project'
C:\Program Files (x86)\Microsoft Visual Studio\2019\Community\VC\Tools\MSVC\14.29.30133\include\xstring(4905): message : see declaration of 'std::basic_string<char,std::char_traits<char>,std::allocator<char>>'
D:\Development\CadBerry\CadBerry\CadBerry\src\CadBerry\Project\Project.h(15,15): warning C4251: 'CDB::Project::Path': class 'std::basic_string<char,std::char_traits<char>,std::allocator<char>>' needs to have dll-interface to be used by clients of class 'CDB::Project'
C:\Program Files (x86)\Microsoft Visual Studio\2019\Community\VC\Tools\MSVC\14.29.30133\include\xstring(4905): message : see declaration of 'std::basic_string<char,std::char_traits<char>,std::allocator<char>>'
D:\Development\CadBerry\CadBerry\CadBerry\src\CadBerry\Project\Project.h(16,15): warning C4251: 'CDB::Project::PreBuildDir': class 'std::basic_string<char,std::char_traits<char>,std::allocator<char>>' needs to have dll-interface to be used by clients of class 'CDB::Project'
C:\Program Files (x86)\Microsoft Visual Studio\2019\Community\VC\Tools\MSVC\14.29.30133\include\xstring(4905): message : see declaration of 'std::basic_string<char,std::char_traits<char>,std::allocator<char>>'
D:\Development\CadBerry\CadBerry\CadBerry\src\CadBerry\Threading\ThreadPool.h(30,21): warning C4251: 'CDB::ThreadPool::IsWaiting': struct 'std::atomic<bool>' needs to have dll-interface to be used by clients of class 'CDB::ThreadPool'
C:\Program Files (x86)\Microsoft Visual Studio\2019\Community\VC\Tools\MSVC\14.29.30133\include\atomic(2859): message : see declaration of 'std::atomic<bool>'
D:\Development\CadBerry\CadBerry\CadBerry\src\CadBerry\Threading\ThreadPool.h(36,59): warning C4251: 'CDB::ThreadPool::StandardTasks': class 'code_machina::BlockingCollection<std::function<void (void)>,code_machina::detail::Container<T,code_machina::detail::QueueType>,code_machina::StdConditionVariableGenerator>' needs to have dll-interface to be used by clients of class 'CDB::ThreadPool'
          with
          [
              T=std::function<void (void)>
          ]
D:\Development\CadBerry\CadBerry\CadBerry\src\CadBerry\Threading\ThreadPool.h(36): message : see declaration of 'code_machina::BlockingCollection<std::function<void (void)>,code_machina::detail::Container<T,code_machina::detail::QueueType>,code_machina::StdConditionVariableGenerator>'
          with
          [
              T=std::function<void (void)>
          ]
D:\Development\CadBerry\CadBerry\CadBerry\src\CadBerry\Threading\ThreadPool.h(37,59): warning C4251: 'CDB::ThreadPool::PriorityTasks': class 'code_machina::BlockingCollection<std::function<void (void)>,code_machina::detail::Container<T,code_machina::detail::QueueType>,code_machina::StdConditionVariableGenerator>' needs to have dll-interface to be used by clients of class 'CDB::ThreadPool'
          with
          [
              T=std::function<void (void)>
          ]
D:\Development\CadBerry\CadBerry\CadBerry\src\CadBerry\Threading\ThreadPool.h(36): message : see declaration of 'code_machina::BlockingCollection<std::function<void (void)>,code_machina::detail::Container<T,code_machina::detail::QueueType>,code_machina::StdConditionVariableGenerator>'
          with
          [
              T=std::function<void (void)>
          ]
D:\Development\CadBerry\CadBerry\CadBerry\src\CadBerry\Threading\ThreadPool.h(38,59): warning C4251: 'CDB::ThreadPool::BackgroundTasks': class 'code_machina::BlockingCollection<std::function<void (void)>,code_machina::detail::Container<T,code_machina::detail::QueueType>,code_machina::StdConditionVariableGenerator>' needs to have dll-interface to be used by clients of class 'CDB::ThreadPool'
          with
          [
              T=std::function<void (void)>
          ]
D:\Development\CadBerry\CadBerry\CadBerry\src\CadBerry\Threading\ThreadPool.h(36): message : see declaration of 'code_machina::BlockingCollection<std::function<void (void)>,code_machina::detail::Container<T,code_machina::detail::QueueType>,code_machina::StdConditionVariableGenerator>'
          with
          [
              T=std::function<void (void)>
          ]
D:\Development\CadBerry\CadBerry\CadBerry\src\CadBerry\Threading\ThreadPool.h(45,28): warning C4251: 'CDB::ThreadPool::WorkerThreads': class 'std::vector<std::thread,std::allocator<std::thread>>' needs to have dll-interface to be used by clients of class 'CDB::ThreadPool'
D:\Development\CadBerry\CadBerry\CadBerry\src\CadBerry\Threading\ThreadPool.h(45): message : see declaration of 'std::vector<std::thread,std::allocator<std::thread>>'
D:\Development\CadBerry\CadBerry\CadBerry\src\CadBerry\Module\Viewport.h(20,15): warning C4251: 'CDB::Viewport::Name': class 'std::basic_string<char,std::char_traits<char>,std::allocator<char>>' needs to have dll-interface to be used by clients of class 'CDB::Viewport'
C:\Program Files (x86)\Microsoft Visual Studio\2019\Community\VC\Tools\MSVC\14.29.30133\include\xstring(4905): message : see declaration of 'std::basic_string<char,std::char_traits<char>,std::allocator<char>>'
D:\Development\CadBerry\CadBerry\CadBerry\src\CadBerry\Module\Module.h(14,15): warning C4251: 'CDB::Module::ModuleName': class 'std::basic_string<char,std::char_traits<char>,std::allocator<char>>' needs to have dll-interface to be used by clients of class 'CDB::Module'
C:\Program Files (x86)\Microsoft Visual Studio\2019\Community\VC\Tools\MSVC\14.29.30133\include\xstring(4905): message : see declaration of 'std::basic_string<char,std::char_traits<char>,std::allocator<char>>'
D:\Development\CadBerry\CadBerry\CadBerry\src\CadBerry\BuildEngine\BuildEngine.h(20,28): warning C4251: 'CDB::BuildEngine::BuildableTypes': class 'std::vector<std::string,std::allocator<std::string>>' needs to have dll-interface to be used by clients of class 'CDB::BuildEngine'
D:\Development\CadBerry\CadBerry\CadBerry\src\CadBerry\BuildEngine\BuildEngine.h(9): message : see declaration of 'std::vector<std::string,std::allocator<std::string>>'
D:\Development\CadBerry\CadBerry\CadBerry\src\CadBerry\BuildEngine\BuildEngine.h(21,28): warning C4251: 'CDB::BuildEngine::OutputTypes': class 'std::vector<std::string,std::allocator<std::string>>' needs to have dll-interface to be used by clients of class 'CDB::BuildEngine'
D:\Development\CadBerry\CadBerry\CadBerry\src\CadBerry\BuildEngine\BuildEngine.h(9): message : see declaration of 'std::vector<std::string,std::allocator<std::string>>'
D:\Development\CadBerry\CadBerry\CadBerry\src\CadBerry\Application.h(46,24): warning C4251: 'CDB::Application::Modules': class 'std::vector<CDB::Module *,std::allocator<CDB::Module *>>' needs to have dll-interface to be used by clients of class 'CDB::Application'
D:\Development\CadBerry\CadBerry\CadBerry\src\CadBerry\Application.h(46): message : see declaration of 'std::vector<CDB::Module *,std::allocator<CDB::Module *>>'
D:\Development\CadBerry\CadBerry\CadBerry\src\CadBerry\Application.h(48,15): warning C4251: 'CDB::Application::PathToEXE': class 'std::basic_string<char,std::char_traits<char>,std::allocator<char>>' needs to have dll-interface to be used by clients of class 'CDB::Application'
C:\Program Files (x86)\Microsoft Visual Studio\2019\Community\VC\Tools\MSVC\14.29.30133\include\xstring(4905): message : see declaration of 'std::basic_string<char,std::char_traits<char>,std::allocator<char>>'
D:\Development\CadBerry\CadBerry\CadBerry\src\CadBerry\Application.h(50,15): warning C4251: 'CDB::Application::PreBuildDir': class 'std::basic_string<char,std::char_traits<char>,std::allocator<char>>' needs to have dll-interface to be used by clients of class 'CDB::Application'
C:\Program Files (x86)\Microsoft Visual Studio\2019\Community\VC\Tools\MSVC\14.29.30133\include\xstring(4905): message : see declaration of 'std::basic_string<char,std::char_traits<char>,std::allocator<char>>'
  WindowsWindow.cpp
D:\Development\CadBerry\CadBerry\CadBerry\src\CadBerry\Layer.h(21,15): warning C4251: 'CDB::Layer::m_Name': class 'std::basic_string<char,std::char_traits<char>,std::allocator<char>>' needs to have dll-interface to be used by clients of class 'CDB::Layer'
C:\Program Files (x86)\Microsoft Visual Studio\2019\Community\VC\Tools\MSVC\14.29.30133\include\xstring(4905): message : see declaration of 'std::basic_string<char,std::char_traits<char>,std::allocator<char>>'
D:\Development\CadBerry\CadBerry\CadBerry\src\CadBerry\LayerStack.h(23,23): warning C4251: 'CDB::LayerStack::Layers': class 'std::vector<CDB::Layer *,std::allocator<CDB::Layer *>>' needs to have dll-interface to be used by clients of class 'CDB::LayerStack'
D:\Development\CadBerry\CadBerry\CadBerry\src\CadBerry\LayerStack.h(20): message : see declaration of 'std::vector<CDB::Layer *,std::allocator<CDB::Layer *>>'
D:\Development\CadBerry\CadBerry\CadBerry\src\CadBerry\Log.h(16,42): warning C4251: 'CDB::Log::EditorLogger': class 'std::shared_ptr<spdlog::logger>' needs to have dll-interface to be used by clients of class 'CDB::Log'
D:\Development\CadBerry\CadBerry\CadBerry\vendor\spdlog\include\spdlog\details\registry.h(34): message : see declaration of 'std::shared_ptr<spdlog::logger>'
D:\Development\CadBerry\CadBerry\CadBerry\src\CadBerry\Log.h(17,42): warning C4251: 'CDB::Log::BuildLogger': class 'std::shared_ptr<spdlog::logger>' needs to have dll-interface to be used by clients of class 'CDB::Log'
D:\Development\CadBerry\CadBerry\CadBerry\vendor\spdlog\include\spdlog\details\registry.h(34): message : see declaration of 'std::shared_ptr<spdlog::logger>'
D:\Development\CadBerry\CadBerry\CadBerry\src\CadBerry\Project\Project.h(14,15): warning C4251: 'CDB::Project::Name': class 'std::basic_string<char,std::char_traits<char>,std::allocator<char>>' needs to have dll-interface to be used by clients of class 'CDB::Project'
C:\Program Files (x86)\Microsoft Visual Studio\2019\Community\VC\Tools\MSVC\14.29.30133\include\xstring(4905): message : see declaration of 'std::basic_string<char,std::char_traits<char>,std::allocator<char>>'
D:\Development\CadBerry\CadBerry\CadBerry\src\CadBerry\Project\Project.h(15,15): warning C4251: 'CDB::Project::Path': class 'std::basic_string<char,std::char_traits<char>,std::allocator<char>>' needs to have dll-interface to be used by clients of class 'CDB::Project'
C:\Program Files (x86)\Microsoft Visual Studio\2019\Community\VC\Tools\MSVC\14.29.30133\include\xstring(4905): message : see declaration of 'std::basic_string<char,std::char_traits<char>,std::allocator<char>>'
D:\Development\CadBerry\CadBerry\CadBerry\src\CadBerry\Project\Project.h(16,15): warning C4251: 'CDB::Project::PreBuildDir': class 'std::basic_string<char,std::char_traits<char>,std::allocator<char>>' needs to have dll-interface to be used by clients of class 'CDB::Project'
C:\Program Files (x86)\Microsoft Visual Studio\2019\Community\VC\Tools\MSVC\14.29.30133\include\xstring(4905): message : see declaration of 'std::basic_string<char,std::char_traits<char>,std::allocator<char>>'
D:\Development\CadBerry\CadBerry\CadBerry\src\CadBerry\Threading\ThreadPool.h(30,21): warning C4251: 'CDB::ThreadPool::IsWaiting': struct 'std::atomic<bool>' needs to have dll-interface to be used by clients of class 'CDB::ThreadPool'
C:\Program Files (x86)\Microsoft Visual Studio\2019\Community\VC\Tools\MSVC\14.29.30133\include\atomic(2859): message : see declaration of 'std::atomic<bool>'
D:\Development\CadBerry\CadBerry\CadBerry\src\CadBerry\Threading\ThreadPool.h(36,59): warning C4251: 'CDB::ThreadPool::StandardTasks': class 'code_machina::BlockingCollection<std::function<void (void)>,code_machina::detail::Container<T,code_machina::detail::QueueType>,code_machina::StdConditionVariableGenerator>' needs to have dll-interface to be used by clients of class 'CDB::ThreadPool'
          with
          [
              T=std::function<void (void)>
          ]
D:\Development\CadBerry\CadBerry\CadBerry\src\CadBerry\Threading\ThreadPool.h(36): message : see declaration of 'code_machina::BlockingCollection<std::function<void (void)>,code_machina::detail::Container<T,code_machina::detail::QueueType>,code_machina::StdConditionVariableGenerator>'
          with
          [
              T=std::function<void (void)>
          ]
D:\Development\CadBerry\CadBerry\CadBerry\src\CadBerry\Threading\ThreadPool.h(37,59): warning C4251: 'CDB::ThreadPool::PriorityTasks': class 'code_machina::BlockingCollection<std::function<void (void)>,code_machina::detail::Container<T,code_machina::detail::QueueType>,code_machina::StdConditionVariableGenerator>' needs to have dll-interface to be used by clients of class 'CDB::ThreadPool'
          with
          [
              T=std::function<void (void)>
          ]
D:\Development\CadBerry\CadBerry\CadBerry\src\CadBerry\Threading\ThreadPool.h(36): message : see declaration of 'code_machina::BlockingCollection<std::function<void (void)>,code_machina::detail::Container<T,code_machina::detail::QueueType>,code_machina::StdConditionVariableGenerator>'
          with
          [
              T=std::function<void (void)>
          ]
D:\Development\CadBerry\CadBerry\CadBerry\src\CadBerry\Threading\ThreadPool.h(38,59): warning C4251: 'CDB::ThreadPool::BackgroundTasks': class 'code_machina::BlockingCollection<std::function<void (void)>,code_machina::detail::Container<T,code_machina::detail::QueueType>,code_machina::StdConditionVariableGenerator>' needs to have dll-interface to be used by clients of class 'CDB::ThreadPool'
          with
          [
              T=std::function<void (void)>
          ]
D:\Development\CadBerry\CadBerry\CadBerry\src\CadBerry\Threading\ThreadPool.h(36): message : see declaration of 'code_machina::BlockingCollection<std::function<void (void)>,code_machina::detail::Container<T,code_machina::detail::QueueType>,code_machina::StdConditionVariableGenerator>'
          with
          [
              T=std::function<void (void)>
          ]
D:\Development\CadBerry\CadBerry\CadBerry\src\CadBerry\Threading\ThreadPool.h(45,28): warning C4251: 'CDB::ThreadPool::WorkerThreads': class 'std::vector<std::thread,std::allocator<std::thread>>' needs to have dll-interface to be used by clients of class 'CDB::ThreadPool'
D:\Development\CadBerry\CadBerry\CadBerry\src\CadBerry\Threading\ThreadPool.h(45): message : see declaration of 'std::vector<std::thread,std::allocator<std::thread>>'
D:\Development\CadBerry\CadBerry\CadBerry\src\CadBerry\Module\Viewport.h(20,15): warning C4251: 'CDB::Viewport::Name': class 'std::basic_string<char,std::char_traits<char>,std::allocator<char>>' needs to have dll-interface to be used by clients of class 'CDB::Viewport'
C:\Program Files (x86)\Microsoft Visual Studio\2019\Community\VC\Tools\MSVC\14.29.30133\include\xstring(4905): message : see declaration of 'std::basic_string<char,std::char_traits<char>,std::allocator<char>>'
D:\Development\CadBerry\CadBerry\CadBerry\src\CadBerry\Module\Module.h(14,15): warning C4251: 'CDB::Module::ModuleName': class 'std::basic_string<char,std::char_traits<char>,std::allocator<char>>' needs to have dll-interface to be used by clients of class 'CDB::Module'
C:\Program Files (x86)\Microsoft Visual Studio\2019\Community\VC\Tools\MSVC\14.29.30133\include\xstring(4905): message : see declaration of 'std::basic_string<char,std::char_traits<char>,std::allocator<char>>'
D:\Development\CadBerry\CadBerry\CadBerry\src\CadBerry\BuildEngine\BuildEngine.h(20,28): warning C4251: 'CDB::BuildEngine::BuildableTypes': class 'std::vector<std::string,std::allocator<std::string>>' needs to have dll-interface to be used by clients of class 'CDB::BuildEngine'
D:\Development\CadBerry\CadBerry\CadBerry\src\CadBerry\BuildEngine\BuildEngine.h(9): message : see declaration of 'std::vector<std::string,std::allocator<std::string>>'
D:\Development\CadBerry\CadBerry\CadBerry\src\CadBerry\BuildEngine\BuildEngine.h(21,28): warning C4251: 'CDB::BuildEngine::OutputTypes': class 'std::vector<std::string,std::allocator<std::string>>' needs to have dll-interface to be used by clients of class 'CDB::BuildEngine'
D:\Development\CadBerry\CadBerry\CadBerry\src\CadBerry\BuildEngine\BuildEngine.h(9): message : see declaration of 'std::vector<std::string,std::allocator<std::string>>'
D:\Development\CadBerry\CadBerry\CadBerry\src\CadBerry\Application.h(46,24): warning C4251: 'CDB::Application::Modules': class 'std::vector<CDB::Module *,std::allocator<CDB::Module *>>' needs to have dll-interface to be used by clients of class 'CDB::Application'
D:\Development\CadBerry\CadBerry\CadBerry\src\CadBerry\Application.h(46): message : see declaration of 'std::vector<CDB::Module *,std::allocator<CDB::Module *>>'
D:\Development\CadBerry\CadBerry\CadBerry\src\CadBerry\Application.h(48,15): warning C4251: 'CDB::Application::PathToEXE': class 'std::basic_string<char,std::char_traits<char>,std::allocator<char>>' needs to have dll-interface to be used by clients of class 'CDB::Application'
C:\Program Files (x86)\Microsoft Visual Studio\2019\Community\VC\Tools\MSVC\14.29.30133\include\xstring(4905): message : see declaration of 'std::basic_string<char,std::char_traits<char>,std::allocator<char>>'
D:\Development\CadBerry\CadBerry\CadBerry\src\CadBerry\Application.h(50,15): warning C4251: 'CDB::Application::PreBuildDir': class 'std::basic_string<char,std::char_traits<char>,std::allocator<char>>' needs to have dll-interface to be used by clients of class 'CDB::Application'
C:\Program Files (x86)\Microsoft Visual Studio\2019\Community\VC\Tools\MSVC\14.29.30133\include\xstring(4905): message : see declaration of 'std::basic_string<char,std::char_traits<char>,std::allocator<char>>'
  CreateProject.cpp
D:\Development\CadBerry\CadBerry\CadBerry\src\CadBerry\Layer.h(21,15): warning C4251: 'CDB::Layer::m_Name': class 'std::basic_string<char,std::char_traits<char>,std::allocator<char>>' needs to have dll-interface to be used by clients of class 'CDB::Layer'
C:\Program Files (x86)\Microsoft Visual Studio\2019\Community\VC\Tools\MSVC\14.29.30133\include\xstring(4905): message : see declaration of 'std::basic_string<char,std::char_traits<char>,std::allocator<char>>'
D:\Development\CadBerry\CadBerry\CadBerry\src\CadBerry\Log.h(16,42): warning C4251: 'CDB::Log::EditorLogger': class 'std::shared_ptr<spdlog::logger>' needs to have dll-interface to be used by clients of class 'CDB::Log'
D:\Development\CadBerry\CadBerry\CadBerry\vendor\spdlog\include\spdlog\details\registry.h(34): message : see declaration of 'std::shared_ptr<spdlog::logger>'
D:\Development\CadBerry\CadBerry\CadBerry\src\CadBerry\Log.h(17,42): warning C4251: 'CDB::Log::BuildLogger': class 'std::shared_ptr<spdlog::logger>' needs to have dll-interface to be used by clients of class 'CDB::Log'
D:\Development\CadBerry\CadBerry\CadBerry\vendor\spdlog\include\spdlog\details\registry.h(34): message : see declaration of 'std::shared_ptr<spdlog::logger>'
D:\Development\CadBerry\CadBerry\CadBerry\src\CadBerry\LayerStack.h(23,23): warning C4251: 'CDB::LayerStack::Layers': class 'std::vector<CDB::Layer *,std::allocator<CDB::Layer *>>' needs to have dll-interface to be used by clients of class 'CDB::LayerStack'
D:\Development\CadBerry\CadBerry\CadBerry\src\CadBerry\LayerStack.h(20): message : see declaration of 'std::vector<CDB::Layer *,std::allocator<CDB::Layer *>>'
D:\Development\CadBerry\CadBerry\CadBerry\src\CadBerry\Project\Project.h(14,15): warning C4251: 'CDB::Project::Name': class 'std::basic_string<char,std::char_traits<char>,std::allocator<char>>' needs to have dll-interface to be used by clients of class 'CDB::Project'
C:\Program Files (x86)\Microsoft Visual Studio\2019\Community\VC\Tools\MSVC\14.29.30133\include\xstring(4905): message : see declaration of 'std::basic_string<char,std::char_traits<char>,std::allocator<char>>'
D:\Development\CadBerry\CadBerry\CadBerry\src\CadBerry\Project\Project.h(15,15): warning C4251: 'CDB::Project::Path': class 'std::basic_string<char,std::char_traits<char>,std::allocator<char>>' needs to have dll-interface to be used by clients of class 'CDB::Project'
C:\Program Files (x86)\Microsoft Visual Studio\2019\Community\VC\Tools\MSVC\14.29.30133\include\xstring(4905): message : see declaration of 'std::basic_string<char,std::char_traits<char>,std::allocator<char>>'
D:\Development\CadBerry\CadBerry\CadBerry\src\CadBerry\Project\Project.h(16,15): warning C4251: 'CDB::Project::PreBuildDir': class 'std::basic_string<char,std::char_traits<char>,std::allocator<char>>' needs to have dll-interface to be used by clients of class 'CDB::Project'
C:\Program Files (x86)\Microsoft Visual Studio\2019\Community\VC\Tools\MSVC\14.29.30133\include\xstring(4905): message : see declaration of 'std::basic_string<char,std::char_traits<char>,std::allocator<char>>'
D:\Development\CadBerry\CadBerry\CadBerry\src\CadBerry\Threading\ThreadPool.h(30,21): warning C4251: 'CDB::ThreadPool::IsWaiting': struct 'std::atomic<bool>' needs to have dll-interface to be used by clients of class 'CDB::ThreadPool'
C:\Program Files (x86)\Microsoft Visual Studio\2019\Community\VC\Tools\MSVC\14.29.30133\include\atomic(2859): message : see declaration of 'std::atomic<bool>'
D:\Development\CadBerry\CadBerry\CadBerry\src\CadBerry\Threading\ThreadPool.h(36,59): warning C4251: 'CDB::ThreadPool::StandardTasks': class 'code_machina::BlockingCollection<std::function<void (void)>,code_machina::detail::Container<T,code_machina::detail::QueueType>,code_machina::StdConditionVariableGenerator>' needs to have dll-interface to be used by clients of class 'CDB::ThreadPool'
          with
          [
              T=std::function<void (void)>
          ]
D:\Development\CadBerry\CadBerry\CadBerry\src\CadBerry\Threading\ThreadPool.h(36): message : see declaration of 'code_machina::BlockingCollection<std::function<void (void)>,code_machina::detail::Container<T,code_machina::detail::QueueType>,code_machina::StdConditionVariableGenerator>'
          with
          [
              T=std::function<void (void)>
          ]
D:\Development\CadBerry\CadBerry\CadBerry\src\CadBerry\Threading\ThreadPool.h(37,59): warning C4251: 'CDB::ThreadPool::PriorityTasks': class 'code_machina::BlockingCollection<std::function<void (void)>,code_machina::detail::Container<T,code_machina::detail::QueueType>,code_machina::StdConditionVariableGenerator>' needs to have dll-interface to be used by clients of class 'CDB::ThreadPool'
          with
          [
              T=std::function<void (void)>
          ]
D:\Development\CadBerry\CadBerry\CadBerry\src\CadBerry\Threading\ThreadPool.h(36): message : see declaration of 'code_machina::BlockingCollection<std::function<void (void)>,code_machina::detail::Container<T,code_machina::detail::QueueType>,code_machina::StdConditionVariableGenerator>'
          with
          [
              T=std::function<void (void)>
          ]
D:\Development\CadBerry\CadBerry\CadBerry\src\CadBerry\Threading\ThreadPool.h(38,59): warning C4251: 'CDB::ThreadPool::BackgroundTasks': class 'code_machina::BlockingCollection<std::function<void (void)>,code_machina::detail::Container<T,code_machina::detail::QueueType>,code_machina::StdConditionVariableGenerator>' needs to have dll-interface to be used by clients of class 'CDB::ThreadPool'
          with
          [
              T=std::function<void (void)>
          ]
D:\Development\CadBerry\CadBerry\CadBerry\src\CadBerry\Threading\ThreadPool.h(36): message : see declaration of 'code_machina::BlockingCollection<std::function<void (void)>,code_machina::detail::Container<T,code_machina::detail::QueueType>,code_machina::StdConditionVariableGenerator>'
          with
          [
              T=std::function<void (void)>
          ]
D:\Development\CadBerry\CadBerry\CadBerry\src\CadBerry\Threading\ThreadPool.h(45,28): warning C4251: 'CDB::ThreadPool::WorkerThreads': class 'std::vector<std::thread,std::allocator<std::thread>>' needs to have dll-interface to be used by clients of class 'CDB::ThreadPool'
D:\Development\CadBerry\CadBerry\CadBerry\src\CadBerry\Threading\ThreadPool.h(45): message : see declaration of 'std::vector<std::thread,std::allocator<std::thread>>'
D:\Development\CadBerry\CadBerry\CadBerry\src\CadBerry\Module\Viewport.h(20,15): warning C4251: 'CDB::Viewport::Name': class 'std::basic_string<char,std::char_traits<char>,std::allocator<char>>' needs to have dll-interface to be used by clients of class 'CDB::Viewport'
C:\Program Files (x86)\Microsoft Visual Studio\2019\Community\VC\Tools\MSVC\14.29.30133\include\xstring(4905): message : see declaration of 'std::basic_string<char,std::char_traits<char>,std::allocator<char>>'
D:\Development\CadBerry\CadBerry\CadBerry\src\CadBerry\Module\Module.h(14,15): warning C4251: 'CDB::Module::ModuleName': class 'std::basic_string<char,std::char_traits<char>,std::allocator<char>>' needs to have dll-interface to be used by clients of class 'CDB::Module'
C:\Program Files (x86)\Microsoft Visual Studio\2019\Community\VC\Tools\MSVC\14.29.30133\include\xstring(4905): message : see declaration of 'std::basic_string<char,std::char_traits<char>,std::allocator<char>>'
D:\Development\CadBerry\CadBerry\CadBerry\src\CadBerry\BuildEngine\BuildEngine.h(20,28): warning C4251: 'CDB::BuildEngine::BuildableTypes': class 'std::vector<std::string,std::allocator<std::string>>' needs to have dll-interface to be used by clients of class 'CDB::BuildEngine'
D:\Development\CadBerry\CadBerry\CadBerry\src\CadBerry\BuildEngine\BuildEngine.h(9): message : see declaration of 'std::vector<std::string,std::allocator<std::string>>'
D:\Development\CadBerry\CadBerry\CadBerry\src\CadBerry\BuildEngine\BuildEngine.h(21,28): warning C4251: 'CDB::BuildEngine::OutputTypes': class 'std::vector<std::string,std::allocator<std::string>>' needs to have dll-interface to be used by clients of class 'CDB::BuildEngine'
D:\Development\CadBerry\CadBerry\CadBerry\src\CadBerry\BuildEngine\BuildEngine.h(9): message : see declaration of 'std::vector<std::string,std::allocator<std::string>>'
D:\Development\CadBerry\CadBerry\CadBerry\src\CadBerry\Application.h(46,24): warning C4251: 'CDB::Application::Modules': class 'std::vector<CDB::Module *,std::allocator<CDB::Module *>>' needs to have dll-interface to be used by clients of class 'CDB::Application'
D:\Development\CadBerry\CadBerry\CadBerry\src\CadBerry\Application.h(46): message : see declaration of 'std::vector<CDB::Module *,std::allocator<CDB::Module *>>'
D:\Development\CadBerry\CadBerry\CadBerry\src\CadBerry\Application.h(48,15): warning C4251: 'CDB::Application::PathToEXE': class 'std::basic_string<char,std::char_traits<char>,std::allocator<char>>' needs to have dll-interface to be used by clients of class 'CDB::Application'
C:\Program Files (x86)\Microsoft Visual Studio\2019\Community\VC\Tools\MSVC\14.29.30133\include\xstring(4905): message : see declaration of 'std::basic_string<char,std::char_traits<char>,std::allocator<char>>'
D:\Development\CadBerry\CadBerry\CadBerry\src\CadBerry\Application.h(50,15): warning C4251: 'CDB::Application::PreBuildDir': class 'std::basic_string<char,std::char_traits<char>,std::allocator<char>>' needs to have dll-interface to be used by clients of class 'CDB::Application'
C:\Program Files (x86)\Microsoft Visual Studio\2019\Community\VC\Tools\MSVC\14.29.30133\include\xstring(4905): message : see declaration of 'std::basic_string<char,std::char_traits<char>,std::allocator<char>>'
  Project.cpp
D:\Development\CadBerry\CadBerry\CadBerry\src\CadBerry\Project\Project.h(14,15): warning C4251: 'CDB::Project::Name': class 'std::basic_string<char,std::char_traits<char>,std::allocator<char>>' needs to have dll-interface to be used by clients of class 'CDB::Project'
C:\Program Files (x86)\Microsoft Visual Studio\2019\Community\VC\Tools\MSVC\14.29.30133\include\xstring(4905): message : see declaration of 'std::basic_string<char,std::char_traits<char>,std::allocator<char>>'
D:\Development\CadBerry\CadBerry\CadBerry\src\CadBerry\Project\Project.h(15,15): warning C4251: 'CDB::Project::Path': class 'std::basic_string<char,std::char_traits<char>,std::allocator<char>>' needs to have dll-interface to be used by clients of class 'CDB::Project'
C:\Program Files (x86)\Microsoft Visual Studio\2019\Community\VC\Tools\MSVC\14.29.30133\include\xstring(4905): message : see declaration of 'std::basic_string<char,std::char_traits<char>,std::allocator<char>>'
D:\Development\CadBerry\CadBerry\CadBerry\src\CadBerry\Project\Project.h(16,15): warning C4251: 'CDB::Project::PreBuildDir': class 'std::basic_string<char,std::char_traits<char>,std::allocator<char>>' needs to have dll-interface to be used by clients of class 'CDB::Project'
C:\Program Files (x86)\Microsoft Visual Studio\2019\Community\VC\Tools\MSVC\14.29.30133\include\xstring(4905): message : see declaration of 'std::basic_string<char,std::char_traits<char>,std::allocator<char>>'
D:\Development\CadBerry\CadBerry\CadBerry\src\CadBerry\Log.h(16,42): warning C4251: 'CDB::Log::EditorLogger': class 'std::shared_ptr<spdlog::logger>' needs to have dll-interface to be used by clients of class 'CDB::Log'
D:\Development\CadBerry\CadBerry\CadBerry\vendor\spdlog\include\spdlog\details\registry.h(34): message : see declaration of 'std::shared_ptr<spdlog::logger>'
D:\Development\CadBerry\CadBerry\CadBerry\src\CadBerry\Log.h(17,42): warning C4251: 'CDB::Log::BuildLogger': class 'std::shared_ptr<spdlog::logger>' needs to have dll-interface to be used by clients of class 'CDB::Log'
D:\Development\CadBerry\CadBerry\CadBerry\vendor\spdlog\include\spdlog\details\registry.h(34): message : see declaration of 'std::shared_ptr<spdlog::logger>'
D:\Development\CadBerry\CadBerry\CadBerry\src\CadBerry\Project\Project.cpp(22,31): warning C4267: '=': conversion from 'size_t' to 'int', possible loss of data
D:\Development\CadBerry\CadBerry\CadBerry\src\CadBerry\Project\Project.cpp(27,38): warning C4267: '=': conversion from 'size_t' to 'int', possible loss of data
  Shader.cpp
D:\Development\CadBerry\CadBerry\CadBerry\src\CadBerry\Log.h(16,42): warning C4251: 'CDB::Log::EditorLogger': class 'std::shared_ptr<spdlog::logger>' needs to have dll-interface to be used by clients of class 'CDB::Log'
D:\Development\CadBerry\CadBerry\CadBerry\vendor\spdlog\include\spdlog\details\registry.h(34): message : see declaration of 'std::shared_ptr<spdlog::logger>'
D:\Development\CadBerry\CadBerry\CadBerry\src\CadBerry\Log.h(17,42): warning C4251: 'CDB::Log::BuildLogger': class 'std::shared_ptr<spdlog::logger>' needs to have dll-interface to be used by clients of class 'CDB::Log'
D:\Development\CadBerry\CadBerry\CadBerry\vendor\spdlog\include\spdlog\details\registry.h(34): message : see declaration of 'std::shared_ptr<spdlog::logger>'
  ThreadPool.cpp
D:\Development\CadBerry\CadBerry\CadBerry\src\CadBerry\Threading\ThreadPool.h(30,21): warning C4251: 'CDB::ThreadPool::IsWaiting': struct 'std::atomic<bool>' needs to have dll-interface to be used by clients of class 'CDB::ThreadPool'
C:\Program Files (x86)\Microsoft Visual Studio\2019\Community\VC\Tools\MSVC\14.29.30133\include\atomic(2859): message : see declaration of 'std::atomic<bool>'
D:\Development\CadBerry\CadBerry\CadBerry\src\CadBerry\Threading\ThreadPool.h(36,59): warning C4251: 'CDB::ThreadPool::StandardTasks': class 'code_machina::BlockingCollection<std::function<void (void)>,code_machina::detail::Container<T,code_machina::detail::QueueType>,code_machina::StdConditionVariableGenerator>' needs to have dll-interface to be used by clients of class 'CDB::ThreadPool'
          with
          [
              T=std::function<void (void)>
          ]
D:\Development\CadBerry\CadBerry\CadBerry\src\CadBerry\Threading\ThreadPool.h(36): message : see declaration of 'code_machina::BlockingCollection<std::function<void (void)>,code_machina::detail::Container<T,code_machina::detail::QueueType>,code_machina::StdConditionVariableGenerator>'
          with
          [
              T=std::function<void (void)>
          ]
D:\Development\CadBerry\CadBerry\CadBerry\src\CadBerry\Threading\ThreadPool.h(37,59): warning C4251: 'CDB::ThreadPool::PriorityTasks': class 'code_machina::BlockingCollection<std::function<void (void)>,code_machina::detail::Container<T,code_machina::detail::QueueType>,code_machina::StdConditionVariableGenerator>' needs to have dll-interface to be used by clients of class 'CDB::ThreadPool'
          with
          [
              T=std::function<void (void)>
          ]
D:\Development\CadBerry\CadBerry\CadBerry\src\CadBerry\Threading\ThreadPool.h(36): message : see declaration of 'code_machina::BlockingCollection<std::function<void (void)>,code_machina::detail::Container<T,code_machina::detail::QueueType>,code_machina::StdConditionVariableGenerator>'
          with
          [
              T=std::function<void (void)>
          ]
D:\Development\CadBerry\CadBerry\CadBerry\src\CadBerry\Threading\ThreadPool.h(38,59): warning C4251: 'CDB::ThreadPool::BackgroundTasks': class 'code_machina::BlockingCollection<std::function<void (void)>,code_machina::detail::Container<T,code_machina::detail::QueueType>,code_machina::StdConditionVariableGenerator>' needs to have dll-interface to be used by clients of class 'CDB::ThreadPool'
          with
          [
              T=std::function<void (void)>
          ]
D:\Development\CadBerry\CadBerry\CadBerry\src\CadBerry\Threading\ThreadPool.h(36): message : see declaration of 'code_machina::BlockingCollection<std::function<void (void)>,code_machina::detail::Container<T,code_machina::detail::QueueType>,code_machina::StdConditionVariableGenerator>'
          with
          [
              T=std::function<void (void)>
          ]
D:\Development\CadBerry\CadBerry\CadBerry\src\CadBerry\Threading\ThreadPool.h(45,28): warning C4251: 'CDB::ThreadPool::WorkerThreads': class 'std::vector<std::thread,std::allocator<std::thread>>' needs to have dll-interface to be used by clients of class 'CDB::ThreadPool'
D:\Development\CadBerry\CadBerry\CadBerry\src\CadBerry\Threading\ThreadPool.h(45): message : see declaration of 'std::vector<std::thread,std::allocator<std::thread>>'
D:\Development\CadBerry\CadBerry\CadBerry\src\CadBerry\Log.h(16,42): warning C4251: 'CDB::Log::EditorLogger': class 'std::shared_ptr<spdlog::logger>' needs to have dll-interface to be used by clients of class 'CDB::Log'
D:\Development\CadBerry\CadBerry\CadBerry\vendor\spdlog\include\spdlog\details\registry.h(34): message : see declaration of 'std::shared_ptr<spdlog::logger>'
D:\Development\CadBerry\CadBerry\CadBerry\src\CadBerry\Log.h(17,42): warning C4251: 'CDB::Log::BuildLogger': class 'std::shared_ptr<spdlog::logger>' needs to have dll-interface to be used by clients of class 'CDB::Log'
D:\Development\CadBerry\CadBerry\CadBerry\vendor\spdlog\include\spdlog\details\registry.h(34): message : see declaration of 'std::shared_ptr<spdlog::logger>'
  Generating Code...
     Creating library ..\bin\Release-windows-x86_64\CadBerry\CadBerry.lib and object ..\bin\Release-windows-x86_64\CadBerry\CadBerry.exp
LINK : warning LNK4098: defaultlib 'LIBCMT' conflicts with use of other libs; use /NODEFAULTLIB:library
  CadBerry.vcxproj -> D:\Development\CadBerry\CadBerry\bin\Release-windows-x86_64\CadBerry\CadBerry.dll
          1 file(s) copied.
          1 file(s) copied.
