d:\development\cadberry\cadberry\bin\release-windows-x86_64\cadberry\cadberry.lib
d:\development\cadberry\cadberry\bin\release-windows-x86_64\cadberry\cadberry.exp
d:\development\cadberry\cadberry\bin\release-windows-x86_64\cadberry\vc142.pdb
d:\development\cadberry\cadberry\bin\release-windows-x86_64\cadberry\openglrendererapi.obj
d:\development\cadberry\cadberry\bin\release-windows-x86_64\cadberry\openglrendertarget.obj
d:\development\cadberry\cadberry\bin\release-windows-x86_64\cadberry\openglcontext.obj
d:\development\cadberry\cadberry\bin\release-windows-x86_64\cadberry\openglbuffer.obj
d:\development\cadberry\cadberry\bin\release-windows-x86_64\cadberry\update.obj
d:\development\cadberry\cadberry\bin\release-windows-x86_64\cadberry\loadpackages.obj
d:\development\cadberry\cadberry\bin\release-windows-x86_64\cadberry\viewport.obj
d:\development\cadberry\cadberry\bin\release-windows-x86_64\cadberry\equation.obj
d:\development\cadberry\cadberry\bin\release-windows-x86_64\cadberry\log.obj
d:\development\cadberry\cadberry\bin\release-windows-x86_64\cadberry\layerstack.obj
d:\development\cadberry\cadberry\bin\release-windows-x86_64\cadberry\layer.obj
d:\development\cadberry\cadberry\bin\release-windows-x86_64\cadberry\imguilayer.obj
d:\development\cadberry\cadberry\bin\release-windows-x86_64\cadberry\imguibuild.obj
d:\development\cadberry\cadberry\bin\release-windows-x86_64\cadberry\displayregion.obj
d:\development\cadberry\cadberry\bin\release-windows-x86_64\cadberry\displaydna.obj
d:\development\cadberry\cadberry\bin\release-windows-x86_64\cadberry\displaycolours.obj
d:\development\cadberry\cadberry\bin\release-windows-x86_64\cadberry\atomgraph.obj
d:\development\cadberry\cadberry\bin\release-windows-x86_64\cadberry\builddialog.obj
d:\development\cadberry\cadberry\bin\release-windows-x86_64\cadberry\organism.obj
d:\development\cadberry\cadberry\bin\release-windows-x86_64\cadberry\application.obj
d:\development\cadberry\cadberry\bin\release-windows-x86_64\cadberry\numberline.obj
d:\development\cadberry\cadberry\bin\release-windows-x86_64\cadberry\inputvector.obj
d:\development\cadberry\cadberry\bin\release-windows-x86_64\cadberry\vertexarray.obj
d:\development\cadberry\cadberry\bin\release-windows-x86_64\cadberry\utils.obj
d:\development\cadberry\cadberry\bin\release-windows-x86_64\cadberry\texture.obj
d:\development\cadberry\cadberry\bin\release-windows-x86_64\cadberry\shader.obj
d:\development\cadberry\cadberry\bin\release-windows-x86_64\cadberry\rendererapi.obj
d:\development\cadberry\cadberry\bin\release-windows-x86_64\cadberry\renderer.obj
d:\development\cadberry\cadberry\bin\release-windows-x86_64\cadberry\rendertarget.obj
d:\development\cadberry\cadberry\bin\release-windows-x86_64\cadberry\rendercommand.obj
d:\development\cadberry\cadberry\bin\release-windows-x86_64\cadberry\cdbimage.obj
d:\development\cadberry\cadberry\bin\release-windows-x86_64\cadberry\camera.obj
d:\development\cadberry\cadberry\bin\release-windows-x86_64\cadberry\buffer.obj
d:\development\cadberry\cadberry\bin\release-windows-x86_64\cadberry\project.obj
d:\development\cadberry\cadberry\bin\release-windows-x86_64\cadberry\createproject.obj
d:\development\cadberry\cadberry\bin\release-windows-x86_64\cadberry\windowswindow.obj
d:\development\cadberry\cadberry\bin\release-windows-x86_64\cadberry\windowsinput.obj
d:\development\cadberry\cadberry\bin\release-windows-x86_64\cadberry\openglvertexarray.obj
d:\development\cadberry\cadberry\bin\release-windows-x86_64\cadberry\opengltexture.obj
d:\development\cadberry\cadberry\bin\release-windows-x86_64\cadberry\openglshader.obj
d:\development\cadberry\cadberry\bin\release-windows-x86_64\cadberry\memory.obj
d:\development\cadberry\cadberry\bin\release-windows-x86_64\cadberry\savefunctions.obj
d:\development\cadberry\cadberry\bin\release-windows-x86_64\cadberry\rnafuncs.obj
d:\development\cadberry\cadberry\bin\release-windows-x86_64\cadberry\threadpool.obj
d:\development\cadberry\cadberry\bin\release-windows-x86_64\cadberry\richtext.obj
d:\development\cadberry\cadberry\bin\release-windows-x86_64\cadberry\buildengine.obj
d:\development\cadberry\cadberry\bin\release-windows-x86_64\cadberry\headlesswindow.obj
d:\development\cadberry\cadberry\bin\release-windows-x86_64\cadberry\headlessinput.obj
d:\development\cadberry\cadberry\bin\release-windows-x86_64\cadberry\cadberry.pch
d:\development\cadberry\cadberry\bin\release-windows-x86_64\cadberry\cdbpch.obj
d:\development\cadberry\cadberry\bin\release-windows-x86_64\cadberry\cadberry.dll
d:\development\cadberry\cadberry\bin\release-windows-x86_64\cadberry\cadberry.pdb
d:\development\cadberry\cadberry\bin\release-windows-x86_64\cadberry\cadberry.tlog\cadberry.write.1u.tlog
d:\development\cadberry\cadberry\bin\release-windows-x86_64\cadberry\cadberry.tlog\cl.command.1.tlog
d:\development\cadberry\cadberry\bin\release-windows-x86_64\cadberry\cadberry.tlog\cl.read.1.tlog
d:\development\cadberry\cadberry\bin\release-windows-x86_64\cadberry\cadberry.tlog\cl.write.1.tlog
d:\development\cadberry\cadberry\bin\release-windows-x86_64\cadberry\cadberry.tlog\link.command.1.tlog
d:\development\cadberry\cadberry\bin\release-windows-x86_64\cadberry\cadberry.tlog\link.delete.1.tlog
d:\development\cadberry\cadberry\bin\release-windows-x86_64\cadberry\cadberry.tlog\link.read.1.tlog
d:\development\cadberry\cadberry\bin\release-windows-x86_64\cadberry\cadberry.tlog\link.write.1.tlog
